Command line:
   PROC_NIVEL_isim_beh.exe
     -simmode  gui
     -simrunnum  0
     -socket  54031

Mon Jun 04 16:16:46 2018


 Elaboration Time: 0.046875 sec

 Current Memory Usage: 1037.86 Meg

 Total Signals          : 6
 Total Nets             : 6
 Total Signal Drivers   : 4
 Total Blocks           : 2
 Total Primitive Blocks : 2
 Total Processes        : 2
 Total Traceable Variables  : 8
 Total Scalar Nets and Variables : 366
Total Line Count : 7

 Total Simulation Time: 0.0625 sec

 Current Memory Usage: 1037.86 Meg

Mon Jun 04 16:16:51 2018

