Command line:
   PROC_EXT_DIR_isim_beh.exe
     -simmode  gui
     -simrunnum  0
     -socket  59968

Tue Jun 05 17:59:03 2018


 Elaboration Time: 0.046875 sec

 Current Memory Usage: 1038.38 Meg

 Total Signals          : 3
 Total Nets             : 44
 Total Signal Drivers   : 2
 Total Blocks           : 2
 Total Primitive Blocks : 2
 Total Processes        : 2
 Total Traceable Variables  : 8
 Total Scalar Nets and Variables : 404
Total Line Count : 2

 Total Simulation Time: 0.0625 sec

 Current Memory Usage: 1352.95 Meg

Tue Jun 05 17:59:35 2018

