Command line:
   DETECTOR_SEQ_PASSWORD_isim_beh.exe
     -simmode  gui
     -simrunnum  0
     -socket  52399

Mon Nov 06 19:29:38 2017


 Elaboration Time: 0.109375 sec

 Current Memory Usage: 842.072 Meg

 Total Signals          : 10
 Total Nets             : 18
 Total Signal Drivers   : 6
 Total Blocks           : 2
 Total Primitive Blocks : 2
 Total Processes        : 4
 Total Traceable Variables  : 8
 Total Scalar Nets and Variables : 378
Total Line Count : 45

 Total Simulation Time: 0.234375 sec

 Current Memory Usage: 684.786 Meg

Mon Nov 06 19:35:46 2017

