Release 14.7 - xst P.20131013 (nt64)
Copyright (c) 1995-2013 Xilinx, Inc.  All rights reserved.
--> Parameter TMPDIR set to xst/projnav.tmp


Total REAL time to Xst completion: 0.00 secs
Total CPU time to Xst completion: 0.15 secs
 
--> Parameter xsthdpdir set to xst


Total REAL time to Xst completion: 0.00 secs
Total CPU time to Xst completion: 0.16 secs
 
--> Reading design: PRACTICA08_cartasAsm.prj

TABLE OF CONTENTS
  1) Synthesis Options Summary
  2) HDL Parsing
  3) HDL Elaboration
  4) HDL Synthesis
       4.1) HDL Synthesis Report
  5) Advanced HDL Synthesis
       5.1) Advanced HDL Synthesis Report
  6) Low Level Synthesis
  7) Partition Report
  8) Design Summary
       8.1) Primitive and Black Box Usage
       8.2) Device utilization summary
       8.3) Partition Resource Summary
       8.4) Timing Report
            8.4.1) Clock Information
            8.4.2) Asynchronous Control Signals Information
            8.4.3) Timing Summary
            8.4.4) Timing Details
            8.4.5) Cross Clock Domains Report


=========================================================================
*                      Synthesis Options Summary                        *
=========================================================================
---- Source Parameters
Input File Name                    : "PRACTICA08_cartasAsm.prj"
Ignore Synthesis Constraint File   : NO

---- Target Parameters
Output File Name                   : "PRACTICA08_cartasAsm"
Output Format                      : NGC
Target Device                      : xc7a100t-3-csg324

---- Source Options
Top Module Name                    : PRACTICA08_cartasAsm
Automatic FSM Extraction           : YES
FSM Encoding Algorithm             : Auto
Safe Implementation                : No
FSM Style                          : LUT
RAM Extraction                     : Yes
RAM Style                          : Auto
ROM Extraction                     : Yes
Shift Register Extraction          : YES
ROM Style                          : Auto
Resource Sharing                   : YES
Asynchronous To Synchronous        : NO
Shift Register Minimum Size        : 2
Use DSP Block                      : Auto
Automatic Register Balancing       : No

---- Target Options
LUT Combining                      : Auto
Reduce Control Sets                : Auto
Add IO Buffers                     : YES
Global Maximum Fanout              : 100000
Add Generic Clock Buffer(BUFG)     : 32
Register Duplication               : YES
Optimize Instantiated Primitives   : NO
Use Clock Enable                   : Auto
Use Synchronous Set                : Auto
Use Synchronous Reset              : Auto
Pack IO Registers into IOBs        : Auto
Equivalent register Removal        : YES

---- General Options
Optimization Goal                  : Speed
Optimization Effort                : 1
Power Reduction                    : NO
Keep Hierarchy                     : No
Netlist Hierarchy                  : As_Optimized
RTL Output                         : Yes
Global Optimization                : AllClockNets
Read Cores                         : YES
Write Timing Constraints           : NO
Cross Clock Analysis               : NO
Hierarchy Separator                : /
Bus Delimiter                      : <>
Case Specifier                     : Maintain
Slice Utilization Ratio            : 100
BRAM Utilization Ratio             : 100
DSP48 Utilization Ratio            : 100
Auto BRAM Packing                  : NO
Slice Utilization Ratio Delta      : 5

=========================================================================


=========================================================================
*                          HDL Parsing                                  *
=========================================================================
Parsing VHDL file "C:\Users\iAngelMx\Documents\GitHub\arqCompVHDL\PRACTICA08_cartasAsm\PRACTICA08_cartasAsm.vhd" into library work
Parsing entity <PRACTICA08_cartasAsm>.
Parsing architecture <Behavioral> of entity <practica08_cartasasm>.

=========================================================================
*                            HDL Elaboration                            *
=========================================================================

Elaborating entity <PRACTICA08_cartasAsm> (architecture <Behavioral>) from library <work>.
WARNING:HDLCompiler:89 - "C:\Users\iAngelMx\Documents\GitHub\arqCompVHDL\PRACTICA08_cartasAsm\PRACTICA08_cartasAsm.vhd" Line 15: <registro_p08> remains a black-box since it has no binding entity.
WARNING:HDLCompiler:1127 - "C:\Users\iAngelMx\Documents\GitHub\arqCompVHDL\PRACTICA08_cartasAsm\PRACTICA08_cartasAsm.vhd" Line 40: Assignment to a0_aux ignored, since the identifier is never used
WARNING:HDLCompiler:89 - "C:\Users\iAngelMx\Documents\GitHub\arqCompVHDL\PRACTICA08_cartasAsm\PRACTICA08_cartasAsm.vhd" Line 22: <contador_p08> remains a black-box since it has no binding entity.
WARNING:HDLCompiler:89 - "C:\Users\iAngelMx\Documents\GitHub\arqCompVHDL\PRACTICA08_cartasAsm\PRACTICA08_cartasAsm.vhd" Line 28: <decoder_p08> remains a black-box since it has no binding entity.
WARNING:HDLCompiler:634 - "C:\Users\iAngelMx\Documents\GitHub\arqCompVHDL\PRACTICA08_cartasAsm\PRACTICA08_cartasAsm.vhd" Line 33: Net <eC_aux> does not have a driver.

=========================================================================
*                           HDL Synthesis                               *
=========================================================================

Synthesizing Unit <PRACTICA08_cartasAsm>.
    Related source file is "C:\Users\iAngelMx\Documents\GitHub\arqCompVHDL\PRACTICA08_cartasAsm\PRACTICA08_cartasAsm.vhd".
WARNING:Xst:647 - Input <inicioFlag> is never used. This port will be preserved and left unconnected if it belongs to a top-level block or it belongs to a sub-block and the hierarchy of this sub-block is preserved.
INFO:Xst:3210 - "C:\Users\iAngelMx\Documents\GitHub\arqCompVHDL\PRACTICA08_cartasAsm\PRACTICA08_cartasAsm.vhd" line 39: Output port <A> of the instance <registro> is unconnected or connected to loadless signal.
WARNING:Xst:653 - Signal <eC_aux> is used but never assigned. This sourceless signal will be automatically connected to value GND.
WARNING:Xst:653 - Signal <eLcont_aux> is used but never assigned. This sourceless signal will be automatically connected to value GND.
WARNING:Xst:653 - Signal <eLreg_aux> is used but never assigned. This sourceless signal will be automatically connected to value GND.
WARNING:Xst:653 - Signal <eS_aux> is used but never assigned. This sourceless signal will be automatically connected to value GND.
WARNING:Xst:653 - Signal <sel_aux> is used but never assigned. This sourceless signal will be automatically connected to value GND.
    Summary:
	no macro.
Unit <PRACTICA08_cartasAsm> synthesized.

=========================================================================
HDL Synthesis Report

Found no macro
=========================================================================

=========================================================================
*                       Advanced HDL Synthesis                          *
=========================================================================


=========================================================================
Advanced HDL Synthesis Report

Found no macro
=========================================================================

=========================================================================
*                         Low Level Synthesis                           *
=========================================================================

Optimizing unit <PRACTICA08_cartasAsm> ...

Mapping all equations...
Building and optimizing final netlist ...
Found area constraint ratio of 100 (+ 5) on block PRACTICA08_cartasAsm, actual ratio is 0.

Final Macro Processing ...

=========================================================================
Final Register Report

Found no macro
=========================================================================

=========================================================================
*                           Partition Report                            *
=========================================================================

Partition Implementation Status
-------------------------------

  No Partitions were found in this design.

-------------------------------

=========================================================================
*                            Design Summary                             *
=========================================================================

Top Level Output File Name         : PRACTICA08_cartasAsm.ngc

Primitive and Black Box Usage:
------------------------------
# BELS                             : 2
#      GND                         : 1
#      VCC                         : 1
# IO Buffers                       : 18
#      IBUF                        : 11
#      OBUF                        : 7
# Others                           : 3
#      CONTADOR_P08                : 1
#      DECODER_P08                 : 1
#      REGISTRO_P08                : 1

Device utilization summary:
---------------------------

Selected Device : 7a100tcsg324-3 


Slice Logic Utilization: 

Slice Logic Distribution: 
 Number of LUT Flip Flop pairs used:      0
   Number with an unused Flip Flop:       0  out of      0         
   Number with an unused LUT:             0  out of      0         
   Number of fully used LUT-FF pairs:     0  out of      0         
   Number of unique control sets:         0

IO Utilization: 
 Number of IOs:                          19
 Number of bonded IOBs:                  18  out of    210     8%  

Specific Feature Utilization:

---------------------------
Partition Resource Summary:
---------------------------

  No Partitions were found in this design.

---------------------------


=========================================================================
Timing Report

NOTE: THESE TIMING NUMBERS ARE ONLY A SYNTHESIS ESTIMATE.
      FOR ACCURATE TIMING INFORMATION PLEASE REFER TO THE TRACE REPORT
      GENERATED AFTER PLACE-and-ROUTE.

Clock Information:
------------------
No clock signals found in this design

Asynchronous Control Signals Information:
----------------------------------------
No asynchronous control signals found in this design

Timing Summary:
---------------
Speed Grade: -3

   Minimum period: No path found
   Minimum input arrival time before clock: No path found
   Maximum output required time after clock: No path found
   Maximum combinational path delay: 0.001ns

Timing Details:
---------------
All values displayed in nanoseconds (ns)

=========================================================================
Timing constraint: Default path analysis
  Total number of paths / destination ports: 17 / 17
-------------------------------------------------------------------------
Delay:               0.001ns (Levels of Logic = 1)
  Source:            datos<8> (PAD)
  Destination:       registro:datos<8> (PAD)

  Data Path: datos<8> to registro:datos<8>
                                Gate     Net
    Cell:in->out      fanout   Delay   Delay  Logical Name (Net Name)
    ----------------------------------------  ------------
     IBUF:I->O             0   0.001   0.000  datos_8_IBUF (datos_8_IBUF)
    REGISTRO_P08:datos<8>        0.000          registro
    ----------------------------------------
    Total                      0.001ns (0.001ns logic, 0.000ns route)
                                       (100.0% logic, 0.0% route)

=========================================================================

Cross Clock Domains Report:
--------------------------

=========================================================================


Total REAL time to Xst completion: 37.00 secs
Total CPU time to Xst completion: 36.76 secs
 
--> 

Total memory usage is 459648 kilobytes

Number of errors   :    0 (   0 filtered)
Number of warnings :   11 (   0 filtered)
Number of infos    :    1 (   0 filtered)

