Command line:
   TB_MEMORIA_DATOS_isim_beh.exe
     -simmode  gui
     -simrunnum  1
     -socket  56395

Mon Apr 16 12:43:07 2018


 Elaboration Time: 6.59375 sec

 Current Memory Usage: 1986.25 Meg

 Total Signals          : 12
 Total Nets             : 1048642
 Total Signal Drivers   : 7
 Total Blocks           : 7
 Total Primitive Blocks : 6
 Total Processes        : 5
 Total Traceable Variables  : 17
 Total Scalar Nets and Variables : 1049545
Total Line Count : 39

 Total Simulation Time: 8.4375 sec

 Current Memory Usage: 1830.07 Meg

Mon Apr 16 12:44:42 2018

