Command line:
   CONTADOR_P08_isim_beh.exe
     -simmode  gui
     -simrunnum  0
     -socket  55002

Tue May 01 21:18:17 2018


 Elaboration Time: 0.046875 sec

 Current Memory Usage: 719.77 Meg

 Total Signals          : 6
 Total Nets             : 12
 Total Signal Drivers   : 2
 Total Blocks           : 4
 Total Primitive Blocks : 4
 Total Processes        : 2
 Total Traceable Variables  : 10
 Total Scalar Nets and Variables : 390
Total Line Count : 6

 Total Simulation Time: 0.078125 sec

 Current Memory Usage: 719.77 Meg

Tue May 01 21:22:18 2018

