Release 14.7 - xst P.20131013 (nt64)
Copyright (c) 1995-2013 Xilinx, Inc.  All rights reserved.
--> Parameter TMPDIR set to xst/projnav.tmp


Total REAL time to Xst completion: 1.00 secs
Total CPU time to Xst completion: 0.13 secs
 
--> Parameter xsthdpdir set to xst


Total REAL time to Xst completion: 1.00 secs
Total CPU time to Xst completion: 0.13 secs
 
--> Reading design: RUTA_DATOS_MULTIPLY.prj

TABLE OF CONTENTS
  1) Synthesis Options Summary
  2) HDL Parsing
  3) HDL Elaboration
  4) HDL Synthesis
       4.1) HDL Synthesis Report
  5) Advanced HDL Synthesis
       5.1) Advanced HDL Synthesis Report
  6) Low Level Synthesis
  7) Partition Report
  8) Design Summary
       8.1) Primitive and Black Box Usage
       8.2) Device utilization summary
       8.3) Partition Resource Summary
       8.4) Timing Report
            8.4.1) Clock Information
            8.4.2) Asynchronous Control Signals Information
            8.4.3) Timing Summary
            8.4.4) Timing Details
            8.4.5) Cross Clock Domains Report


=========================================================================
*                      Synthesis Options Summary                        *
=========================================================================
---- Source Parameters
Input File Name                    : "RUTA_DATOS_MULTIPLY.prj"
Ignore Synthesis Constraint File   : NO

---- Target Parameters
Output File Name                   : "RUTA_DATOS_MULTIPLY"
Output Format                      : NGC
Target Device                      : xc6slx16-3-csg324

---- Source Options
Top Module Name                    : RUTA_DATOS_MULTIPLY
Automatic FSM Extraction           : YES
FSM Encoding Algorithm             : Auto
Safe Implementation                : No
FSM Style                          : LUT
RAM Extraction                     : Yes
RAM Style                          : Auto
ROM Extraction                     : Yes
Shift Register Extraction          : YES
ROM Style                          : Auto
Resource Sharing                   : YES
Asynchronous To Synchronous        : NO
Shift Register Minimum Size        : 2
Use DSP Block                      : Auto
Automatic Register Balancing       : No

---- Target Options
LUT Combining                      : Auto
Reduce Control Sets                : Auto
Add IO Buffers                     : YES
Global Maximum Fanout              : 100000
Add Generic Clock Buffer(BUFG)     : 16
Register Duplication               : YES
Optimize Instantiated Primitives   : NO
Use Clock Enable                   : Auto
Use Synchronous Set                : Auto
Use Synchronous Reset              : Auto
Pack IO Registers into IOBs        : Auto
Equivalent register Removal        : YES

---- General Options
Optimization Goal                  : Speed
Optimization Effort                : 1
Power Reduction                    : NO
Keep Hierarchy                     : No
Netlist Hierarchy                  : As_Optimized
RTL Output                         : Yes
Global Optimization                : AllClockNets
Read Cores                         : YES
Write Timing Constraints           : NO
Cross Clock Analysis               : NO
Hierarchy Separator                : /
Bus Delimiter                      : <>
Case Specifier                     : Maintain
Slice Utilization Ratio            : 100
BRAM Utilization Ratio             : 100
DSP48 Utilization Ratio            : 100
Auto BRAM Packing                  : NO
Slice Utilization Ratio Delta      : 5

=========================================================================


=========================================================================
*                          HDL Parsing                                  *
=========================================================================
Parsing VHDL file "C:\Users\Dell-E6410\Documents\ESCOM APUNTES\5o SEMESTRE\DSD\PROD_PARC_MULTIPLY\PROD_PARC_MULTIPLY.vhd" into library work
Parsing entity <PROD_PARC_MULTIPLY>.
Parsing architecture <Behavioral> of entity <prod_parc_multiply>.
Parsing VHDL file "C:\Users\Dell-E6410\Documents\ESCOM APUNTES\5o SEMESTRE\DSD\MUDO_IZQ\MUDO_IZQ.vhd" into library work
Parsing entity <MUDO_IZQ>.
Parsing architecture <Behavioral> of entity <mudo_izq>.
Parsing VHDL file "C:\Users\Dell-E6410\Documents\ESCOM APUNTES\5o SEMESTRE\DSD\MDOR_DER\MDOR_DER.vhd" into library work
Parsing entity <MDOR_DER>.
Parsing architecture <Behavioral> of entity <mdor_der>.
Parsing VHDL file "C:\Users\Dell-E6410\Documents\ESCOM APUNTES\5o SEMESTRE\DSD\RUTA_DATOS_MULTIPLY\RUTA_DATOS_MULTIPLY.vhd" into library work
Parsing entity <RUTA_DATOS_MULTIPLY>.
Parsing architecture <Behavioral> of entity <ruta_datos_multiply>.

=========================================================================
*                            HDL Elaboration                            *
=========================================================================

Elaborating entity <RUTA_DATOS_MULTIPLY> (architecture <Behavioral>) from library <work>.

Elaborating entity <MUDO_IZQ> (architecture <Behavioral>) from library <work>.

Elaborating entity <PROD_PARC_MULTIPLY> (architecture <Behavioral>) from library <work>.

Elaborating entity <MDOR_DER> (architecture <Behavioral>) from library <work>.

=========================================================================
*                           HDL Synthesis                               *
=========================================================================

Synthesizing Unit <RUTA_DATOS_MULTIPLY>.
    Related source file is "C:\Users\Dell-E6410\Documents\ESCOM APUNTES\5o SEMESTRE\DSD\RUTA_DATOS_MULTIPLY\RUTA_DATOS_MULTIPLY.vhd".
    Found 8-bit adder for signal <st_out_aux> created at line 83.
    Summary:
	inferred   1 Adder/Subtractor(s).
	inferred   1 Multiplexer(s).
Unit <RUTA_DATOS_MULTIPLY> synthesized.

Synthesizing Unit <MUDO_IZQ>.
    Related source file is "C:\Users\Dell-E6410\Documents\ESCOM APUNTES\5o SEMESTRE\DSD\MUDO_IZQ\MUDO_IZQ.vhd".
    Found 8-bit register for signal <salida_aux>.
    Summary:
	inferred   8 D-type flip-flop(s).
	inferred   1 Multiplexer(s).
Unit <MUDO_IZQ> synthesized.

Synthesizing Unit <PROD_PARC_MULTIPLY>.
    Related source file is "C:\Users\Dell-E6410\Documents\ESCOM APUNTES\5o SEMESTRE\DSD\PROD_PARC_MULTIPLY\PROD_PARC_MULTIPLY.vhd".
    Found 8-bit register for signal <prod_aux>.
    Summary:
	inferred   8 D-type flip-flop(s).
	inferred   1 Multiplexer(s).
Unit <PROD_PARC_MULTIPLY> synthesized.

Synthesizing Unit <MDOR_DER>.
    Related source file is "C:\Users\Dell-E6410\Documents\ESCOM APUNTES\5o SEMESTRE\DSD\MDOR_DER\MDOR_DER.vhd".
    Found 4-bit register for signal <salida_aux>.
    Summary:
	inferred   4 D-type flip-flop(s).
	inferred   1 Multiplexer(s).
Unit <MDOR_DER> synthesized.

=========================================================================
HDL Synthesis Report

Macro Statistics
# Adders/Subtractors                                   : 1
 8-bit adder                                           : 1
# Registers                                            : 3
 4-bit register                                        : 1
 8-bit register                                        : 2
# Multiplexers                                         : 4
 4-bit 2-to-1 multiplexer                              : 1
 8-bit 2-to-1 multiplexer                              : 3

=========================================================================

=========================================================================
*                       Advanced HDL Synthesis                          *
=========================================================================


Synthesizing (advanced) Unit <RUTA_DATOS_MULTIPLY>.
The following registers are absorbed into accumulator <cto02/prod_aux>: 1 register on signal <cto02/prod_aux>.
Unit <RUTA_DATOS_MULTIPLY> synthesized (advanced).

=========================================================================
Advanced HDL Synthesis Report

Macro Statistics
# Accumulators                                         : 1
 8-bit up loadable accumulator                         : 1
# Registers                                            : 12
 Flip-Flops                                            : 12
# Multiplexers                                         : 6
 1-bit 2-to-1 multiplexer                              : 4
 8-bit 2-to-1 multiplexer                              : 2

=========================================================================

=========================================================================
*                         Low Level Synthesis                           *
=========================================================================

Optimizing unit <RUTA_DATOS_MULTIPLY> ...

Optimizing unit <MUDO_IZQ> ...

Optimizing unit <MDOR_DER> ...

Mapping all equations...
Building and optimizing final netlist ...
Found area constraint ratio of 100 (+ 5) on block RUTA_DATOS_MULTIPLY, actual ratio is 0.

Final Macro Processing ...

=========================================================================
Final Register Report

Macro Statistics
# Registers                                            : 20
 Flip-Flops                                            : 20

=========================================================================

=========================================================================
*                           Partition Report                            *
=========================================================================

Partition Implementation Status
-------------------------------

  No Partitions were found in this design.

-------------------------------

=========================================================================
*                            Design Summary                             *
=========================================================================

Top Level Output File Name         : RUTA_DATOS_MULTIPLY.ngc

Primitive and Black Box Usage:
------------------------------
# BELS                             : 46
#      GND                         : 1
#      INV                         : 1
#      LUT2                        : 14
#      LUT3                        : 6
#      LUT4                        : 9
#      MUXCY                       : 7
#      XORCY                       : 8
# FlipFlops/Latches                : 20
#      FDCE                        : 20
# Clock Buffers                    : 1
#      BUFGP                       : 1
# IO Buffers                       : 24
#      IBUF                        : 14
#      OBUF                        : 10

Device utilization summary:
---------------------------

Selected Device : 6slx16csg324-3 


Slice Logic Utilization: 
 Number of Slice Registers:              20  out of  18224     0%  
 Number of Slice LUTs:                   30  out of   9112     0%  
    Number used as Logic:                30  out of   9112     0%  

Slice Logic Distribution: 
 Number of LUT Flip Flop pairs used:     30
   Number with an unused Flip Flop:      10  out of     30    33%  
   Number with an unused LUT:             0  out of     30     0%  
   Number of fully used LUT-FF pairs:    20  out of     30    66%  
   Number of unique control sets:         2

IO Utilization: 
 Number of IOs:                          25
 Number of bonded IOBs:                  25  out of    232    10%  

Specific Feature Utilization:
 Number of BUFG/BUFGCTRLs:                1  out of     16     6%  

---------------------------
Partition Resource Summary:
---------------------------

  No Partitions were found in this design.

---------------------------


=========================================================================
Timing Report

NOTE: THESE TIMING NUMBERS ARE ONLY A SYNTHESIS ESTIMATE.
      FOR ACCURATE TIMING INFORMATION PLEASE REFER TO THE TRACE REPORT
      GENERATED AFTER PLACE-and-ROUTE.

Clock Information:
------------------
-----------------------------------+------------------------+-------+
Clock Signal                       | Clock buffer(FF name)  | Load  |
-----------------------------------+------------------------+-------+
clk                                | BUFGP                  | 20    |
-----------------------------------+------------------------+-------+

Asynchronous Control Signals Information:
----------------------------------------
No asynchronous control signals found in this design

Timing Summary:
---------------
Speed Grade: -3

   Minimum period: 1.939ns (Maximum Frequency: 515.663MHz)
   Minimum input arrival time before clock: 3.555ns
   Maximum output required time after clock: 4.664ns
   Maximum combinational path delay: No path found

Timing Details:
---------------
All values displayed in nanoseconds (ns)

=========================================================================
Timing constraint: Default period analysis for Clock 'clk'
  Clock period: 1.939ns (frequency: 515.663MHz)
  Total number of paths / destination ports: 110 / 18
-------------------------------------------------------------------------
Delay:               1.939ns (Levels of Logic = 9)
  Source:            cto01/salida_aux_0 (FF)
  Destination:       cto02/prod_aux_7 (FF)
  Source Clock:      clk rising
  Destination Clock: clk rising

  Data Path: cto01/salida_aux_0 to cto02/prod_aux_7
                                Gate     Net
    Cell:in->out      fanout   Delay   Delay  Logical Name (Net Name)
    ----------------------------------------  ------------
     FDCE:C->Q             2   0.447   0.721  cto01/salida_aux_0 (cto01/salida_aux_0)
     LUT4:I2->O            1   0.203   0.000  cto02/Maccum_prod_aux_lut<0> (cto02/Maccum_prod_aux_lut<0>)
     MUXCY:S->O            1   0.172   0.000  cto02/Maccum_prod_aux_cy<0> (cto02/Maccum_prod_aux_cy<0>)
     MUXCY:CI->O           1   0.019   0.000  cto02/Maccum_prod_aux_cy<1> (cto02/Maccum_prod_aux_cy<1>)
     MUXCY:CI->O           1   0.019   0.000  cto02/Maccum_prod_aux_cy<2> (cto02/Maccum_prod_aux_cy<2>)
     MUXCY:CI->O           1   0.019   0.000  cto02/Maccum_prod_aux_cy<3> (cto02/Maccum_prod_aux_cy<3>)
     MUXCY:CI->O           1   0.019   0.000  cto02/Maccum_prod_aux_cy<4> (cto02/Maccum_prod_aux_cy<4>)
     MUXCY:CI->O           1   0.019   0.000  cto02/Maccum_prod_aux_cy<5> (cto02/Maccum_prod_aux_cy<5>)
     MUXCY:CI->O           0   0.019   0.000  cto02/Maccum_prod_aux_cy<6> (cto02/Maccum_prod_aux_cy<6>)
     XORCY:CI->O           1   0.180   0.000  cto02/Maccum_prod_aux_xor<7> (Result<7>)
     FDCE:D                    0.102          cto02/prod_aux_7
    ----------------------------------------
    Total                      1.939ns (1.218ns logic, 0.721ns route)
                                       (62.8% logic, 37.2% route)

=========================================================================
Timing constraint: Default OFFSET IN BEFORE for Clock 'clk'
  Total number of paths / destination ports: 168 / 60
-------------------------------------------------------------------------
Offset:              3.555ns (Levels of Logic = 2)
  Source:            S<3> (PAD)
  Destination:       cto02/prod_aux_0 (FF)
  Destination Clock: clk rising

  Data Path: S<3> to cto02/prod_aux_0
                                Gate     Net
    Cell:in->out      fanout   Delay   Delay  Logical Name (Net Name)
    ----------------------------------------  ------------
     IBUF:I->O            16   1.222   1.005  S_3_IBUF (S_3_IBUF)
     LUT2:I1->O            8   0.205   0.802  cto02/_n0013_inv1 (cto02/_n0013_inv)
     FDCE:CE                   0.322          cto02/prod_aux_0
    ----------------------------------------
    Total                      3.555ns (1.749ns logic, 1.806ns route)
                                       (49.2% logic, 50.8% route)

=========================================================================
Timing constraint: Default OFFSET OUT AFTER for Clock 'clk'
  Total number of paths / destination ports: 13 / 10
-------------------------------------------------------------------------
Offset:              4.664ns (Levels of Logic = 2)
  Source:            cto03/salida_aux_0 (FF)
  Destination:       z (PAD)
  Source Clock:      clk rising

  Data Path: cto03/salida_aux_0 to z
                                Gate     Net
    Cell:in->out      fanout   Delay   Delay  Logical Name (Net Name)
    ----------------------------------------  ------------
     FDCE:C->Q             2   0.447   0.864  cto03/salida_aux_0 (cto03/salida_aux_0)
     LUT4:I0->O            1   0.203   0.579  cto03/Z1 (z_OBUF)
     OBUF:I->O                 2.571          z_OBUF (z)
    ----------------------------------------
    Total                      4.664ns (3.221ns logic, 1.443ns route)
                                       (69.1% logic, 30.9% route)

=========================================================================

Cross Clock Domains Report:
--------------------------

Clock to Setup on destination clock clk
---------------+---------+---------+---------+---------+
               | Src:Rise| Src:Fall| Src:Rise| Src:Fall|
Source Clock   |Dest:Rise|Dest:Rise|Dest:Fall|Dest:Fall|
---------------+---------+---------+---------+---------+
clk            |    1.939|         |         |         |
---------------+---------+---------+---------+---------+

=========================================================================


Total REAL time to Xst completion: 8.00 secs
Total CPU time to Xst completion: 7.71 secs
 
--> 

Total memory usage is 278440 kilobytes

Number of errors   :    0 (   0 filtered)
Number of warnings :    0 (   0 filtered)
Number of infos    :    0 (   0 filtered)

