Command line:
   MEMORIA_DATOS_isim_beh.exe
     -simmode  gui
     -simrunnum  0
     -socket  51679

Mon Apr 16 00:34:39 2018


 Elaboration Time: 2.96875 sec

 Current Memory Usage: 1671.95 Meg

 Total Signals          : 8
 Total Nets             : 1048658
 Total Signal Drivers   : 3
 Total Blocks           : 4
 Total Primitive Blocks : 4
 Total Processes        : 3
 Total Traceable Variables  : 13
 Total Scalar Nets and Variables : 1049039
Total Line Count : 5

 Total Simulation Time: 3.71875 sec

 Current Memory Usage: 1987.62 Meg

Mon Apr 16 00:48:01 2018

