Running: C:\Xilinx\14.7\ISE_DS\ISE\bin\nt64\unwrapped\fuse.exe -intstyle ise -incremental -lib secureip -o C:/Users/ayhc9/arqCompVHDL/PILA/TB_PILA_isim_beh.exe -prj C:/Users/ayhc9/arqCompVHDL/PILA/TB_PILA_beh.prj work.TB_PILA 
ISim P.20131013 (signature 0x7708f090)
Number of CPUs detected in this system: 4
Turning on mult-threading, number of parallel sub-compilation jobs: 8 
Determining compilation order of HDL files
Parsing VHDL file "C:/Users/ayhc9/arqCompVHDL/PILA/PILA.vhd" into library work
Parsing VHDL file "C:/Users/ayhc9/arqCompVHDL/PILA/TB_PILA.vhd" into library work
Starting static elaboration
Completed static elaboration
Compiling package standard
Compiling package textio
Compiling package std_logic_1164
Compiling package std_logic_textio
Compiling package numeric_std
Compiling package std_logic_arith
Compiling package std_logic_unsigned
Compiling architecture behavioral of entity PILA [pila_default]
Compiling architecture behavior of entity tb_pila
Time Resolution for simulation is 1ps.
Waiting for 1 sub-compilation(s) to finish...
Compiled 10 VHDL Units
Built simulation executable C:/Users/ayhc9/arqCompVHDL/PILA/TB_PILA_isim_beh.exe
Fuse Memory Usage: 37352 KB
Fuse CPU Usage: 1468 ms
