Release 14.7 - xst P.20131013 (nt64)
Copyright (c) 1995-2013 Xilinx, Inc.  All rights reserved.
--> Parameter TMPDIR set to xst/projnav.tmp


Total REAL time to Xst completion: 1.00 secs
Total CPU time to Xst completion: 0.13 secs
 
--> Parameter xsthdpdir set to xst


Total REAL time to Xst completion: 1.00 secs
Total CPU time to Xst completion: 0.13 secs
 
--> Reading design: PILA.prj

TABLE OF CONTENTS
  1) Synthesis Options Summary
  2) HDL Parsing
  3) HDL Elaboration
  4) HDL Synthesis
       4.1) HDL Synthesis Report
  5) Advanced HDL Synthesis
       5.1) Advanced HDL Synthesis Report
  6) Low Level Synthesis
  7) Partition Report
  8) Design Summary
       8.1) Primitive and Black Box Usage
       8.2) Device utilization summary
       8.3) Partition Resource Summary
       8.4) Timing Report
            8.4.1) Clock Information
            8.4.2) Asynchronous Control Signals Information
            8.4.3) Timing Summary
            8.4.4) Timing Details
            8.4.5) Cross Clock Domains Report


=========================================================================
*                      Synthesis Options Summary                        *
=========================================================================
---- Source Parameters
Input File Name                    : "PILA.prj"
Ignore Synthesis Constraint File   : NO

---- Target Parameters
Output File Name                   : "PILA"
Output Format                      : NGC
Target Device                      : xc7a100t-3-csg324

---- Source Options
Top Module Name                    : PILA
Automatic FSM Extraction           : YES
FSM Encoding Algorithm             : Auto
Safe Implementation                : No
FSM Style                          : LUT
RAM Extraction                     : Yes
RAM Style                          : Auto
ROM Extraction                     : Yes
Shift Register Extraction          : YES
ROM Style                          : Auto
Resource Sharing                   : YES
Asynchronous To Synchronous        : NO
Shift Register Minimum Size        : 2
Use DSP Block                      : Auto
Automatic Register Balancing       : No

---- Target Options
LUT Combining                      : Auto
Reduce Control Sets                : Auto
Add IO Buffers                     : YES
Global Maximum Fanout              : 100000
Add Generic Clock Buffer(BUFG)     : 32
Register Duplication               : YES
Optimize Instantiated Primitives   : NO
Use Clock Enable                   : Auto
Use Synchronous Set                : Auto
Use Synchronous Reset              : Auto
Pack IO Registers into IOBs        : Auto
Equivalent register Removal        : YES

---- General Options
Optimization Goal                  : Speed
Optimization Effort                : 1
Power Reduction                    : NO
Keep Hierarchy                     : No
Netlist Hierarchy                  : As_Optimized
RTL Output                         : Yes
Global Optimization                : AllClockNets
Read Cores                         : YES
Write Timing Constraints           : NO
Cross Clock Analysis               : NO
Hierarchy Separator                : /
Bus Delimiter                      : <>
Case Specifier                     : Maintain
Slice Utilization Ratio            : 100
BRAM Utilization Ratio             : 100
DSP48 Utilization Ratio            : 100
Auto BRAM Packing                  : NO
Slice Utilization Ratio Delta      : 5

=========================================================================


=========================================================================
*                          HDL Parsing                                  *
=========================================================================
Parsing VHDL file "C:\Users\iAngelMx\Documents\GitHub\arqCompVHDL\PILA\PILA.vhd" into library work
Parsing entity <PILA>.
Parsing architecture <Behavioral> of entity <pila>.

=========================================================================
*                            HDL Elaboration                            *
=========================================================================

Elaborating entity <PILA> (architecture <Behavioral>) from library <work>.

=========================================================================
*                           HDL Synthesis                               *
=========================================================================

Synthesizing Unit <PILA>.
    Related source file is "C:\Users\iAngelMx\Documents\GitHub\arqCompVHDL\PILA\PILA.vhd".
    Found 8-bit register for signal <aux<0>>.
    Found 8-bit register for signal <aux<1>>.
    Found 8-bit register for signal <aux<2>>.
    Found 8-bit register for signal <aux<3>>.
    Found 8-bit register for signal <aux<4>>.
    Found 8-bit register for signal <aux<5>>.
    Found 8-bit register for signal <aux<6>>.
    Found 8-bit register for signal <aux<7>>.
    Found 3-bit register for signal <stack>.
    Found 3-bit adder for signal <sp[2]_GND_5_o_add_0_OUT> created at line 38.
    Found 8-bit adder for signal <sp[2]_GND_5_o_add_11_OUT> created at line 41.
    Found 8-bit 8-to-1 multiplexer for signal <PCout> created at line 41.
    Summary:
	inferred   2 Adder/Subtractor(s).
	inferred  67 D-type flip-flop(s).
	inferred   9 Multiplexer(s).
Unit <PILA> synthesized.

=========================================================================
HDL Synthesis Report

Macro Statistics
# Adders/Subtractors                                   : 2
 3-bit adder                                           : 1
 8-bit adder                                           : 1
# Registers                                            : 9
 3-bit register                                        : 1
 8-bit register                                        : 8
# Multiplexers                                         : 9
 8-bit 2-to-1 multiplexer                              : 8
 8-bit 8-to-1 multiplexer                              : 1

=========================================================================

=========================================================================
*                       Advanced HDL Synthesis                          *
=========================================================================


Synthesizing (advanced) Unit <PILA>.
The following registers are absorbed into counter <sp>: 1 register on signal <sp>.
Unit <PILA> synthesized (advanced).

=========================================================================
Advanced HDL Synthesis Report

Macro Statistics
# Adders/Subtractors                                   : 2
 3-bit adder                                           : 1
 8-bit adder                                           : 1
# Counters                                             : 1
 3-bit up counter                                      : 1
# Registers                                            : 64
 Flip-Flops                                            : 64
# Multiplexers                                         : 9
 8-bit 2-to-1 multiplexer                              : 8
 8-bit 8-to-1 multiplexer                              : 1

=========================================================================

=========================================================================
*                         Low Level Synthesis                           *
=========================================================================

Optimizing unit <PILA> ...

Mapping all equations...
Building and optimizing final netlist ...
Found area constraint ratio of 100 (+ 5) on block PILA, actual ratio is 0.

Final Macro Processing ...

=========================================================================
Final Register Report

Macro Statistics
# Registers                                            : 67
 Flip-Flops                                            : 67

=========================================================================

=========================================================================
*                           Partition Report                            *
=========================================================================

Partition Implementation Status
-------------------------------

  No Partitions were found in this design.

-------------------------------

=========================================================================
*                            Design Summary                             *
=========================================================================

Top Level Output File Name         : PILA.ngc

Primitive and Black Box Usage:
------------------------------
# BELS                             : 47
#      INV                         : 1
#      LUT2                        : 3
#      LUT3                        : 2
#      LUT4                        : 1
#      LUT5                        : 10
#      LUT6                        : 22
#      MUXF7                       : 8
# FlipFlops/Latches                : 67
#      FDCE                        : 67
# Clock Buffers                    : 1
#      BUFGP                       : 1
# IO Buffers                       : 22
#      IBUF                        : 11
#      OBUF                        : 11

Device utilization summary:
---------------------------

Selected Device : 7a100tcsg324-3 


Slice Logic Utilization: 
 Number of Slice Registers:              67  out of  126800     0%  
 Number of Slice LUTs:                   39  out of  63400     0%  
    Number used as Logic:                39  out of  63400     0%  

Slice Logic Distribution: 
 Number of LUT Flip Flop pairs used:     83
   Number with an unused Flip Flop:      16  out of     83    19%  
   Number with an unused LUT:            44  out of     83    53%  
   Number of fully used LUT-FF pairs:    23  out of     83    27%  
   Number of unique control sets:         9

IO Utilization: 
 Number of IOs:                          23
 Number of bonded IOBs:                  23  out of    210    10%  

Specific Feature Utilization:
 Number of BUFG/BUFGCTRLs:                1  out of     32     3%  

---------------------------
Partition Resource Summary:
---------------------------

  No Partitions were found in this design.

---------------------------


=========================================================================
Timing Report

NOTE: THESE TIMING NUMBERS ARE ONLY A SYNTHESIS ESTIMATE.
      FOR ACCURATE TIMING INFORMATION PLEASE REFER TO THE TRACE REPORT
      GENERATED AFTER PLACE-and-ROUTE.

Clock Information:
------------------
-----------------------------------+------------------------+-------+
Clock Signal                       | Clock buffer(FF name)  | Load  |
-----------------------------------+------------------------+-------+
clk                                | BUFGP                  | 67    |
-----------------------------------+------------------------+-------+

Asynchronous Control Signals Information:
----------------------------------------
No asynchronous control signals found in this design

Timing Summary:
---------------
Speed Grade: -3

   Minimum period: 2.635ns (Maximum Frequency: 379.521MHz)
   Minimum input arrival time before clock: 1.348ns
   Maximum output required time after clock: 1.825ns
   Maximum combinational path delay: No path found

Timing Details:
---------------
All values displayed in nanoseconds (ns)

=========================================================================
Timing constraint: Default period analysis for Clock 'clk'
  Clock period: 2.635ns (frequency: 379.521MHz)
  Total number of paths / destination ports: 3942 / 131
-------------------------------------------------------------------------
Delay:               2.635ns (Levels of Logic = 4)
  Source:            aux_4_5 (FF)
  Destination:       aux_0_6 (FF)
  Source Clock:      clk rising
  Destination Clock: clk rising

  Data Path: aux_4_5 to aux_0_6
                                Gate     Net
    Cell:in->out      fanout   Delay   Delay  Logical Name (Net Name)
    ----------------------------------------  ------------
     FDCE:C->Q             1   0.361   0.693  aux_4_5 (aux_4_5)
     LUT6:I0->O            1   0.097   0.000  Mmux_PCout_35 (Mmux_PCout_35)
     MUXF7:I1->O           3   0.279   0.703  Mmux_PCout_2_f7_4 (Madd_sp[2]_GND_5_o_add_11_OUT_lut<5>)
     LUT6:I0->O            2   0.097   0.299  Madd_sp[2]_GND_5_o_add_11_OUT_cy<5>11 (Madd_sp[2]_GND_5_o_add_11_OUT_cy<5>)
     LUT6:I5->O            8   0.097   0.000  aux[0][7]_aux[0][7]_mux_22_OUT<7>1 (aux[0][7]_aux[0][7]_mux_22_OUT<7>)
     FDCE:D                    0.008          aux_0_7
    ----------------------------------------
    Total                      2.635ns (0.939ns logic, 1.696ns route)
                                       (35.6% logic, 64.4% route)

=========================================================================
Timing constraint: Default OFFSET IN BEFORE for Clock 'clk'
  Total number of paths / destination ports: 393 / 198
-------------------------------------------------------------------------
Offset:              1.348ns (Levels of Logic = 3)
  Source:            up (PAD)
  Destination:       aux_0_3 (FF)
  Destination Clock: clk rising

  Data Path: up to aux_0_3
                                Gate     Net
    Cell:in->out      fanout   Delay   Delay  Logical Name (Net Name)
    ----------------------------------------  ------------
     IBUF:I->O            14   0.001   0.439  up_IBUF (up_IBUF)
     LUT2:I0->O            6   0.097   0.706  up_wpc_AND_1_o1 (up_wpc_AND_1_o)
     LUT6:I1->O            8   0.097   0.000  aux[0][7]_aux[0][7]_mux_22_OUT<3>1 (aux[0][7]_aux[0][7]_mux_22_OUT<3>)
     FDCE:D                    0.008          aux_0_3
    ----------------------------------------
    Total                      1.348ns (0.203ns logic, 1.145ns route)
                                       (15.1% logic, 84.9% route)

=========================================================================
Timing constraint: Default OFFSET OUT AFTER for Clock 'clk'
  Total number of paths / destination ports: 107 / 11
-------------------------------------------------------------------------
Offset:              1.825ns (Levels of Logic = 3)
  Source:            sp_1 (FF)
  Destination:       PCout<6> (PAD)
  Source Clock:      clk rising

  Data Path: sp_1 to PCout<6>
                                Gate     Net
    Cell:in->out      fanout   Delay   Delay  Logical Name (Net Name)
    ----------------------------------------  ------------
     FDCE:C->Q            27   0.361   0.799  sp_1 (sp_1)
     LUT6:I0->O            1   0.097   0.000  Mmux_PCout_36 (Mmux_PCout_36)
     MUXF7:I1->O           3   0.279   0.289  Mmux_PCout_2_f7_5 (Madd_sp[2]_GND_5_o_add_11_OUT_lut<6>)
     OBUF:I->O                 0.000          PCout_6_OBUF (PCout<6>)
    ----------------------------------------
    Total                      1.825ns (0.737ns logic, 1.088ns route)
                                       (40.4% logic, 59.6% route)

=========================================================================

Cross Clock Domains Report:
--------------------------

Clock to Setup on destination clock clk
---------------+---------+---------+---------+---------+
               | Src:Rise| Src:Fall| Src:Rise| Src:Fall|
Source Clock   |Dest:Rise|Dest:Rise|Dest:Fall|Dest:Fall|
---------------+---------+---------+---------+---------+
clk            |    2.635|         |         |         |
---------------+---------+---------+---------+---------+

=========================================================================


Total REAL time to Xst completion: 14.00 secs
Total CPU time to Xst completion: 13.44 secs
 
--> 

Total memory usage is 459908 kilobytes

Number of errors   :    0 (   0 filtered)
Number of warnings :    0 (   0 filtered)
Number of infos    :    0 (   0 filtered)

