Running: C:\Xilinx\14.7\ISE_DS\ISE\bin\nt64\unwrapped\fuse.exe -intstyle ise -incremental -lib secureip -o C:/Users/ayhc9/arqCompVHDL/archivo_registros/TB_archivo_registros_isim_beh.exe -prj C:/Users/ayhc9/arqCompVHDL/archivo_registros/TB_archivo_registros_beh.prj work.TB_archivo_registros 
ISim P.20131013 (signature 0x7708f090)
Number of CPUs detected in this system: 4
Turning on mult-threading, number of parallel sub-compilation jobs: 8 
Determining compilation order of HDL files
Parsing VHDL file "C:/Users/ayhc9/arqCompVHDL/archivo_registros/archivo_registros.vhd" into library work
Parsing VHDL file "C:/Users/ayhc9/arqCompVHDL/archivo_registros/TB_archivo_registros.vhd" into library work
Starting static elaboration
Completed static elaboration
Compiling package standard
Compiling package std_logic_1164
Compiling package std_logic_arith
Compiling package std_logic_unsigned
Compiling architecture behavioral of entity archivo_registros [archivo_registros_default]
Compiling architecture behavior of entity tb_archivo_registros
Time Resolution for simulation is 1ps.
Waiting for 1 sub-compilation(s) to finish...
Compiled 7 VHDL Units
Built simulation executable C:/Users/ayhc9/arqCompVHDL/archivo_registros/TB_archivo_registros_isim_beh.exe
Fuse Memory Usage: 34600 KB
Fuse CPU Usage: 1124 ms
