Command line:
   unidad_control_isim_beh.exe
     -simmode  gui
     -simrunnum  0
     -socket  52911

Thu May 03 18:39:37 2018


 Elaboration Time: 0.046875 sec

 Current Memory Usage: 1033.85 Meg

 Total Signals          : 17
 Total Nets             : 17
 Total Signal Drivers   : 12
 Total Blocks           : 2
 Total Primitive Blocks : 2
 Total Processes        : 7
 Total Traceable Variables  : 8
 Total Scalar Nets and Variables : 377
Total Line Count : 33

 Total Simulation Time: 0.125 sec

 Current Memory Usage: 876.564 Meg

Thu May 03 18:43:48 2018

