ISim log file
Running: C:\Users\Dell-E6410\Documents\ESCOM APUNTES\5o SEMESTRE\DSD\DETECTOR_SEQ\DETECTOR_SEQ_isim_beh.exe -intstyle ise -gui -tclbatch isim.cmd -wdb C:/Users/Dell-E6410/Documents/ESCOM APUNTES/5o SEMESTRE/DSD/DETECTOR_SEQ/DETECTOR_SEQ_isim_beh.wdb 
ISim P.20131013 (signature 0x7708f090)
WARNING: A WEBPACK license was found.
WARNING: Please use Xilinx License Configuration Manager to check out a full ISim license.
WARNING: ISim will run in Lite mode. Please refer to the ISim documentation for more information on the differences between the Lite and the Full version.
This is a Lite version of ISim.
Time resolution is 1 ps
# onerror resume
# wave add /
# run 1000 ns
Simulator is doing circuit initialization process.
Finished circuit initialization process.
# isim force add /detector_seq/clr 1 -radix bin
# isim force add /detector_seq/clr 1 -radix bin -value 0 -radix bin -time 5 ns -repeat 10 ns
# run 1ns
# isim force add /detector_seq/clk 0 -radix bin -value 1 -radix bin -time 500 ps -repeat 1 ns
# isim force add /detector_seq/x 0 -radix bin
# run 1ns
# isim force add /detector_seq/clr 0 -radix bin
# run 1ns
# isim force add /detector_seq/x 1 -radix bin
# run 1ns
# run 1ns
# run 1ns
