Release 14.7 - xst P.20131013 (nt64)
Copyright (c) 1995-2013 Xilinx, Inc.  All rights reserved.
--> Parameter TMPDIR set to xst/projnav.tmp


Total REAL time to Xst completion: 0.00 secs
Total CPU time to Xst completion: 0.13 secs
 
--> Parameter xsthdpdir set to xst


Total REAL time to Xst completion: 0.00 secs
Total CPU time to Xst completion: 0.13 secs
 
--> Reading design: DETECT_FINAL.prj

TABLE OF CONTENTS
  1) Synthesis Options Summary
  2) HDL Parsing
  3) HDL Elaboration
  4) HDL Synthesis
       4.1) HDL Synthesis Report
  5) Advanced HDL Synthesis
       5.1) Advanced HDL Synthesis Report
  6) Low Level Synthesis
  7) Partition Report
  8) Design Summary
       8.1) Primitive and Black Box Usage
       8.2) Device utilization summary
       8.3) Partition Resource Summary
       8.4) Timing Report
            8.4.1) Clock Information
            8.4.2) Asynchronous Control Signals Information
            8.4.3) Timing Summary
            8.4.4) Timing Details
            8.4.5) Cross Clock Domains Report


=========================================================================
*                      Synthesis Options Summary                        *
=========================================================================
---- Source Parameters
Input File Name                    : "DETECT_FINAL.prj"
Ignore Synthesis Constraint File   : NO

---- Target Parameters
Output File Name                   : "DETECT_FINAL"
Output Format                      : NGC
Target Device                      : xc6slx16-3-csg324

---- Source Options
Top Module Name                    : DETECT_FINAL
Automatic FSM Extraction           : YES
FSM Encoding Algorithm             : Auto
Safe Implementation                : No
FSM Style                          : LUT
RAM Extraction                     : Yes
RAM Style                          : Auto
ROM Extraction                     : Yes
Shift Register Extraction          : YES
ROM Style                          : Auto
Resource Sharing                   : YES
Asynchronous To Synchronous        : NO
Shift Register Minimum Size        : 2
Use DSP Block                      : Auto
Automatic Register Balancing       : No

---- Target Options
LUT Combining                      : Auto
Reduce Control Sets                : Auto
Add IO Buffers                     : YES
Global Maximum Fanout              : 100000
Add Generic Clock Buffer(BUFG)     : 16
Register Duplication               : YES
Optimize Instantiated Primitives   : NO
Use Clock Enable                   : Auto
Use Synchronous Set                : Auto
Use Synchronous Reset              : Auto
Pack IO Registers into IOBs        : Auto
Equivalent register Removal        : YES

---- General Options
Optimization Goal                  : Speed
Optimization Effort                : 1
Power Reduction                    : NO
Keep Hierarchy                     : No
Netlist Hierarchy                  : As_Optimized
RTL Output                         : Yes
Global Optimization                : AllClockNets
Read Cores                         : YES
Write Timing Constraints           : NO
Cross Clock Analysis               : NO
Hierarchy Separator                : /
Bus Delimiter                      : <>
Case Specifier                     : Maintain
Slice Utilization Ratio            : 100
BRAM Utilization Ratio             : 100
DSP48 Utilization Ratio            : 100
Auto BRAM Packing                  : NO
Slice Utilization Ratio Delta      : 5

=========================================================================


=========================================================================
*                          HDL Parsing                                  *
=========================================================================
Parsing VHDL file "C:\Users\Dell-E6410\Documents\ESCOM APUNTES\5o SEMESTRE\DSD\E_REBOTES_PULSO\E_REBOTES_PULSO.vhd" into library work
Parsing entity <E_REBOTES_PULSO>.
Parsing architecture <Behavioral> of entity <e_rebotes_pulso>.
Parsing VHDL file "C:\Users\Dell-E6410\Documents\ESCOM APUNTES\5o SEMESTRE\DSD\DETECTOR_SEQ\DETECTOR_SEQ.vhd" into library work
Parsing entity <DETECTOR_SEQ>.
Parsing architecture <Behavioral> of entity <detector_seq>.
Parsing VHDL file "C:\Users\Dell-E6410\Documents\ESCOM APUNTES\5o SEMESTRE\DSD\CLK_DIV_P03\CLK_DIV_P03.vhd" into library work
Parsing entity <CLK_DIV_P03>.
Parsing architecture <Behavioral> of entity <clk_div_p03>.
Parsing VHDL file "C:\Users\Dell-E6410\Documents\ESCOM APUNTES\5o SEMESTRE\DSD\DETECT_FINAL\DETECT_FINAL.vhd" into library work
Parsing entity <DETECT_FINAL>.
Parsing architecture <Behavioral> of entity <detect_final>.

=========================================================================
*                            HDL Elaboration                            *
=========================================================================

Elaborating entity <DETECT_FINAL> (architecture <Behavioral>) from library <work>.

Elaborating entity <CLK_DIV_P03> (architecture <Behavioral>) from library <work>.

Elaborating entity <E_REBOTES_PULSO> (architecture <Behavioral>) from library <work>.

Elaborating entity <DETECTOR_SEQ> (architecture <Behavioral>) from library <work>.

=========================================================================
*                           HDL Synthesis                               *
=========================================================================

Synthesizing Unit <DETECT_FINAL>.
    Related source file is "C:\Users\Dell-E6410\Documents\ESCOM APUNTES\5o SEMESTRE\DSD\DETECT_FINAL\DETECT_FINAL.vhd".
    Summary:
	no macro.
Unit <DETECT_FINAL> synthesized.

Synthesizing Unit <CLK_DIV_P03>.
    Related source file is "C:\Users\Dell-E6410\Documents\ESCOM APUNTES\5o SEMESTRE\DSD\CLK_DIV_P03\CLK_DIV_P03.vhd".
    Found 19-bit register for signal <Qaux>.
    Found 19-bit adder for signal <Qaux[18]_GND_6_o_add_0_OUT> created at line 49.
    Summary:
	inferred   1 Adder/Subtractor(s).
	inferred  19 D-type flip-flop(s).
Unit <CLK_DIV_P03> synthesized.

Synthesizing Unit <E_REBOTES_PULSO>.
    Related source file is "C:\Users\Dell-E6410\Documents\ESCOM APUNTES\5o SEMESTRE\DSD\E_REBOTES_PULSO\E_REBOTES_PULSO.vhd".
    Found 1-bit register for signal <d1>.
    Found 1-bit register for signal <d2>.
    Found 1-bit register for signal <d3>.
    Found 1-bit register for signal <Oaux>.
    Summary:
	inferred   4 D-type flip-flop(s).
Unit <E_REBOTES_PULSO> synthesized.

Synthesizing Unit <DETECTOR_SEQ>.
    Related source file is "C:\Users\Dell-E6410\Documents\ESCOM APUNTES\5o SEMESTRE\DSD\DETECTOR_SEQ\DETECTOR_SEQ.vhd".
    Found 1-bit register for signal <y2>.
    Found 1-bit register for signal <y1>.
    Summary:
	inferred   2 D-type flip-flop(s).
Unit <DETECTOR_SEQ> synthesized.

=========================================================================
HDL Synthesis Report

Macro Statistics
# Adders/Subtractors                                   : 1
 19-bit adder                                          : 1
# Registers                                            : 7
 1-bit register                                        : 6
 19-bit register                                       : 1

=========================================================================

=========================================================================
*                       Advanced HDL Synthesis                          *
=========================================================================


Synthesizing (advanced) Unit <CLK_DIV_P03>.
The following registers are absorbed into counter <Qaux>: 1 register on signal <Qaux>.
Unit <CLK_DIV_P03> synthesized (advanced).

=========================================================================
Advanced HDL Synthesis Report

Macro Statistics
# Counters                                             : 1
 19-bit up counter                                     : 1
# Registers                                            : 6
 Flip-Flops                                            : 6

=========================================================================

=========================================================================
*                         Low Level Synthesis                           *
=========================================================================

Optimizing unit <DETECT_FINAL> ...

Mapping all equations...
Building and optimizing final netlist ...
Found area constraint ratio of 100 (+ 5) on block DETECT_FINAL, actual ratio is 0.

Final Macro Processing ...

=========================================================================
Final Register Report

Macro Statistics
# Registers                                            : 25
 Flip-Flops                                            : 25

=========================================================================

=========================================================================
*                           Partition Report                            *
=========================================================================

Partition Implementation Status
-------------------------------

  No Partitions were found in this design.

-------------------------------

=========================================================================
*                            Design Summary                             *
=========================================================================

Top Level Output File Name         : DETECT_FINAL.ngc

Primitive and Black Box Usage:
------------------------------
# BELS                             : 63
#      GND                         : 1
#      INV                         : 1
#      LUT1                        : 18
#      LUT2                        : 2
#      LUT3                        : 3
#      MUXCY                       : 18
#      VCC                         : 1
#      XORCY                       : 19
# FlipFlops/Latches                : 25
#      FDC                         : 25
# Clock Buffers                    : 1
#      BUFGP                       : 1
# IO Buffers                       : 4
#      IBUF                        : 3
#      OBUF                        : 1

Device utilization summary:
---------------------------

Selected Device : 6slx16csg324-3 


Slice Logic Utilization: 
 Number of Slice Registers:              25  out of  18224     0%  
 Number of Slice LUTs:                   24  out of   9112     0%  
    Number used as Logic:                24  out of   9112     0%  

Slice Logic Distribution: 
 Number of LUT Flip Flop pairs used:     26
   Number with an unused Flip Flop:       1  out of     26     3%  
   Number with an unused LUT:             2  out of     26     7%  
   Number of fully used LUT-FF pairs:    23  out of     26    88%  
   Number of unique control sets:         3

IO Utilization: 
 Number of IOs:                           5
 Number of bonded IOBs:                   5  out of    232     2%  

Specific Feature Utilization:
 Number of BUFG/BUFGCTRLs:                1  out of     16     6%  

---------------------------
Partition Resource Summary:
---------------------------

  No Partitions were found in this design.

---------------------------


=========================================================================
Timing Report

NOTE: THESE TIMING NUMBERS ARE ONLY A SYNTHESIS ESTIMATE.
      FOR ACCURATE TIMING INFORMATION PLEASE REFER TO THE TRACE REPORT
      GENERATED AFTER PLACE-and-ROUTE.

Clock Information:
------------------
-----------------------------------+------------------------+-------+
Clock Signal                       | Clock buffer(FF name)  | Load  |
-----------------------------------+------------------------+-------+
cto1/Qaux_18                       | NONE(cto2/d3)          | 4     |
clk                                | BUFGP                  | 19    |
cto2/Oaux                          | NONE(cto3/y1)          | 2     |
-----------------------------------+------------------------+-------+
INFO:Xst:2169 - HDL ADVISOR - Some clock signals were not automatically buffered by XST with BUFG/BUFR resources. Please use the buffer_type constraint in order to insert these buffers to the clock signals to help prevent skew problems.

Asynchronous Control Signals Information:
----------------------------------------
No asynchronous control signals found in this design

Timing Summary:
---------------
Speed Grade: -3

   Minimum period: 2.009ns (Maximum Frequency: 497.797MHz)
   Minimum input arrival time before clock: 2.844ns
   Maximum output required time after clock: 4.555ns
   Maximum combinational path delay: 5.488ns

Timing Details:
---------------
All values displayed in nanoseconds (ns)

=========================================================================
Timing constraint: Default period analysis for Clock 'cto1/Qaux_18'
  Clock period: 1.599ns (frequency: 625.293MHz)
  Total number of paths / destination ports: 5 / 3
-------------------------------------------------------------------------
Delay:               1.599ns (Levels of Logic = 1)
  Source:            cto2/d1 (FF)
  Destination:       cto2/Oaux (FF)
  Source Clock:      cto1/Qaux_18 rising
  Destination Clock: cto1/Qaux_18 rising

  Data Path: cto2/d1 to cto2/Oaux
                                Gate     Net
    Cell:in->out      fanout   Delay   Delay  Logical Name (Net Name)
    ----------------------------------------  ------------
     FDC:C->Q              2   0.447   0.845  cto2/d1 (cto2/d1)
     LUT3:I0->O            1   0.205   0.000  cto2/d1_d3_AND_2_o1 (cto2/d1_d3_AND_2_o)
     FDC:D                     0.102          cto2/Oaux
    ----------------------------------------
    Total                      1.599ns (0.754ns logic, 0.845ns route)
                                       (47.1% logic, 52.9% route)

=========================================================================
Timing constraint: Default period analysis for Clock 'clk'
  Clock period: 2.009ns (frequency: 497.797MHz)
  Total number of paths / destination ports: 190 / 19
-------------------------------------------------------------------------
Delay:               2.009ns (Levels of Logic = 20)
  Source:            cto1/Qaux_0 (FF)
  Destination:       cto1/Qaux_18 (FF)
  Source Clock:      clk rising
  Destination Clock: clk rising

  Data Path: cto1/Qaux_0 to cto1/Qaux_18
                                Gate     Net
    Cell:in->out      fanout   Delay   Delay  Logical Name (Net Name)
    ----------------------------------------  ------------
     FDC:C->Q              1   0.447   0.579  cto1/Qaux_0 (cto1/Qaux_0)
     INV:I->O              1   0.206   0.000  cto1/Mcount_Qaux_lut<0>_INV_0 (cto1/Mcount_Qaux_lut<0>)
     MUXCY:S->O            1   0.172   0.000  cto1/Mcount_Qaux_cy<0> (cto1/Mcount_Qaux_cy<0>)
     MUXCY:CI->O           1   0.019   0.000  cto1/Mcount_Qaux_cy<1> (cto1/Mcount_Qaux_cy<1>)
     MUXCY:CI->O           1   0.019   0.000  cto1/Mcount_Qaux_cy<2> (cto1/Mcount_Qaux_cy<2>)
     MUXCY:CI->O           1   0.019   0.000  cto1/Mcount_Qaux_cy<3> (cto1/Mcount_Qaux_cy<3>)
     MUXCY:CI->O           1   0.019   0.000  cto1/Mcount_Qaux_cy<4> (cto1/Mcount_Qaux_cy<4>)
     MUXCY:CI->O           1   0.019   0.000  cto1/Mcount_Qaux_cy<5> (cto1/Mcount_Qaux_cy<5>)
     MUXCY:CI->O           1   0.019   0.000  cto1/Mcount_Qaux_cy<6> (cto1/Mcount_Qaux_cy<6>)
     MUXCY:CI->O           1   0.019   0.000  cto1/Mcount_Qaux_cy<7> (cto1/Mcount_Qaux_cy<7>)
     MUXCY:CI->O           1   0.019   0.000  cto1/Mcount_Qaux_cy<8> (cto1/Mcount_Qaux_cy<8>)
     MUXCY:CI->O           1   0.019   0.000  cto1/Mcount_Qaux_cy<9> (cto1/Mcount_Qaux_cy<9>)
     MUXCY:CI->O           1   0.019   0.000  cto1/Mcount_Qaux_cy<10> (cto1/Mcount_Qaux_cy<10>)
     MUXCY:CI->O           1   0.019   0.000  cto1/Mcount_Qaux_cy<11> (cto1/Mcount_Qaux_cy<11>)
     MUXCY:CI->O           1   0.019   0.000  cto1/Mcount_Qaux_cy<12> (cto1/Mcount_Qaux_cy<12>)
     MUXCY:CI->O           1   0.019   0.000  cto1/Mcount_Qaux_cy<13> (cto1/Mcount_Qaux_cy<13>)
     MUXCY:CI->O           1   0.019   0.000  cto1/Mcount_Qaux_cy<14> (cto1/Mcount_Qaux_cy<14>)
     MUXCY:CI->O           1   0.019   0.000  cto1/Mcount_Qaux_cy<15> (cto1/Mcount_Qaux_cy<15>)
     MUXCY:CI->O           1   0.019   0.000  cto1/Mcount_Qaux_cy<16> (cto1/Mcount_Qaux_cy<16>)
     MUXCY:CI->O           0   0.019   0.000  cto1/Mcount_Qaux_cy<17> (cto1/Mcount_Qaux_cy<17>)
     XORCY:CI->O           1   0.180   0.000  cto1/Mcount_Qaux_xor<18> (Result<18>)
     FDC:D                     0.102          cto1/Qaux_18
    ----------------------------------------
    Total                      2.009ns (1.430ns logic, 0.579ns route)
                                       (71.2% logic, 28.8% route)

=========================================================================
Timing constraint: Default period analysis for Clock 'cto2/Oaux'
  Clock period: 1.473ns (frequency: 678.771MHz)
  Total number of paths / destination ports: 3 / 2
-------------------------------------------------------------------------
Delay:               1.473ns (Levels of Logic = 1)
  Source:            cto3/y2 (FF)
  Destination:       cto3/y1 (FF)
  Source Clock:      cto2/Oaux rising
  Destination Clock: cto2/Oaux rising

  Data Path: cto3/y2 to cto3/y1
                                Gate     Net
    Cell:in->out      fanout   Delay   Delay  Logical Name (Net Name)
    ----------------------------------------  ------------
     FDC:C->Q              2   0.447   0.721  cto3/y2 (cto3/y2)
     LUT3:I1->O            1   0.203   0.000  cto3/y1_rstpot (cto3/y1_rstpot)
     FDC:D                     0.102          cto3/y1
    ----------------------------------------
    Total                      1.473ns (0.752ns logic, 0.721ns route)
                                       (51.0% logic, 49.0% route)

=========================================================================
Timing constraint: Default OFFSET IN BEFORE for Clock 'cto1/Qaux_18'
  Total number of paths / destination ports: 6 / 5
-------------------------------------------------------------------------
Offset:              2.844ns (Levels of Logic = 1)
  Source:            btn<2> (PAD)
  Destination:       cto2/d3 (FF)
  Destination Clock: cto1/Qaux_18 rising

  Data Path: btn<2> to cto2/d3
                                Gate     Net
    Cell:in->out      fanout   Delay   Delay  Logical Name (Net Name)
    ----------------------------------------  ------------
     IBUF:I->O            25   1.222   1.192  btn_2_IBUF (btn_2_IBUF)
     FDC:CLR                   0.430          cto2/d1
    ----------------------------------------
    Total                      2.844ns (1.652ns logic, 1.192ns route)
                                       (58.1% logic, 41.9% route)

=========================================================================
Timing constraint: Default OFFSET IN BEFORE for Clock 'clk'
  Total number of paths / destination ports: 19 / 19
-------------------------------------------------------------------------
Offset:              2.844ns (Levels of Logic = 1)
  Source:            btn<2> (PAD)
  Destination:       cto1/Qaux_0 (FF)
  Destination Clock: clk rising

  Data Path: btn<2> to cto1/Qaux_0
                                Gate     Net
    Cell:in->out      fanout   Delay   Delay  Logical Name (Net Name)
    ----------------------------------------  ------------
     IBUF:I->O            25   1.222   1.192  btn_2_IBUF (btn_2_IBUF)
     FDC:CLR                   0.430          cto1/Qaux_0
    ----------------------------------------
    Total                      2.844ns (1.652ns logic, 1.192ns route)
                                       (58.1% logic, 41.9% route)

=========================================================================
Timing constraint: Default OFFSET IN BEFORE for Clock 'cto2/Oaux'
  Total number of paths / destination ports: 4 / 4
-------------------------------------------------------------------------
Offset:              2.844ns (Levels of Logic = 1)
  Source:            btn<2> (PAD)
  Destination:       cto3/y1 (FF)
  Destination Clock: cto2/Oaux rising

  Data Path: btn<2> to cto3/y1
                                Gate     Net
    Cell:in->out      fanout   Delay   Delay  Logical Name (Net Name)
    ----------------------------------------  ------------
     IBUF:I->O            25   1.222   1.192  btn_2_IBUF (btn_2_IBUF)
     FDC:CLR                   0.430          cto3/y1
    ----------------------------------------
    Total                      2.844ns (1.652ns logic, 1.192ns route)
                                       (58.1% logic, 41.9% route)

=========================================================================
Timing constraint: Default OFFSET OUT AFTER for Clock 'cto2/Oaux'
  Total number of paths / destination ports: 2 / 1
-------------------------------------------------------------------------
Offset:              4.555ns (Levels of Logic = 2)
  Source:            cto3/y1 (FF)
  Destination:       z (PAD)
  Source Clock:      cto2/Oaux rising

  Data Path: cto3/y1 to z
                                Gate     Net
    Cell:in->out      fanout   Delay   Delay  Logical Name (Net Name)
    ----------------------------------------  ------------
     FDC:C->Q              3   0.447   0.755  cto3/y1 (cto3/y1)
     LUT3:I1->O            1   0.203   0.579  cto3/z1 (z_OBUF)
     OBUF:I->O                 2.571          z_OBUF (z)
    ----------------------------------------
    Total                      4.555ns (3.221ns logic, 1.334ns route)
                                       (70.7% logic, 29.3% route)

=========================================================================
Timing constraint: Default path analysis
  Total number of paths / destination ports: 1 / 1
-------------------------------------------------------------------------
Delay:               5.488ns (Levels of Logic = 3)
  Source:            btn<1> (PAD)
  Destination:       z (PAD)

  Data Path: btn<1> to z
                                Gate     Net
    Cell:in->out      fanout   Delay   Delay  Logical Name (Net Name)
    ----------------------------------------  ------------
     IBUF:I->O             4   1.222   0.912  btn_1_IBUF (btn_1_IBUF)
     LUT3:I0->O            1   0.205   0.579  cto3/z1 (z_OBUF)
     OBUF:I->O                 2.571          z_OBUF (z)
    ----------------------------------------
    Total                      5.488ns (3.998ns logic, 1.490ns route)
                                       (72.8% logic, 27.2% route)

=========================================================================

Cross Clock Domains Report:
--------------------------

Clock to Setup on destination clock clk
---------------+---------+---------+---------+---------+
               | Src:Rise| Src:Fall| Src:Rise| Src:Fall|
Source Clock   |Dest:Rise|Dest:Rise|Dest:Fall|Dest:Fall|
---------------+---------+---------+---------+---------+
clk            |    2.009|         |         |         |
---------------+---------+---------+---------+---------+

Clock to Setup on destination clock cto1/Qaux_18
---------------+---------+---------+---------+---------+
               | Src:Rise| Src:Fall| Src:Rise| Src:Fall|
Source Clock   |Dest:Rise|Dest:Rise|Dest:Fall|Dest:Fall|
---------------+---------+---------+---------+---------+
cto1/Qaux_18   |    1.599|         |         |         |
---------------+---------+---------+---------+---------+

Clock to Setup on destination clock cto2/Oaux
---------------+---------+---------+---------+---------+
               | Src:Rise| Src:Fall| Src:Rise| Src:Fall|
Source Clock   |Dest:Rise|Dest:Rise|Dest:Fall|Dest:Fall|
---------------+---------+---------+---------+---------+
cto2/Oaux      |    1.473|         |         |         |
---------------+---------+---------+---------+---------+

=========================================================================


Total REAL time to Xst completion: 8.00 secs
Total CPU time to Xst completion: 7.30 secs
 
--> 

Total memory usage is 278440 kilobytes

Number of errors   :    0 (   0 filtered)
Number of warnings :    0 (   0 filtered)
Number of infos    :    1 (   0 filtered)

