Command line:
   PILA_TB_isim_beh.exe
     -simmode  gui
     -simrunnum  0
     -socket  51327

Thu Apr 19 19:40:49 2018


 Elaboration Time: 0.09375 sec

 Current Memory Usage: 1034.04 Meg

 Total Signals          : 16
 Total Nets             : 86
 Total Signal Drivers   : 9
 Total Blocks           : 5
 Total Primitive Blocks : 4
 Total Processes        : 5
 Total Traceable Variables  : 11
 Total Scalar Nets and Variables : 465
Total Line Count : 24

 Total Simulation Time: 0.53125 sec

 Current Memory Usage: 912.208 Meg

Thu Apr 19 19:44:00 2018

