Command line:
   TB_ALU_1BIT_isim_beh.exe
     -simmode  gui
     -simrunnum  0
     -socket  51099

Wed Mar 14 12:19:49 2018


 Elaboration Time: 0.1875 sec

 Current Memory Usage: 876.56 Meg

 Total Signals          : 24
 Total Nets             : 17
 Total Signal Drivers   : 10
 Total Blocks           : 3
 Total Primitive Blocks : 2
 Total Processes        : 4
 Total Traceable Variables  : 8
 Total Scalar Nets and Variables : 377
Total Line Count : 16

 Total Simulation Time: 0.234375 sec

 Current Memory Usage: 719.274 Meg

Wed Mar 14 12:20:55 2018

