Command line:
   TB_archivo_registros_isim_beh.exe
     -simmode  gui
     -simrunnum  0
     -socket  61341

Wed Apr 11 16:11:29 2018


 Elaboration Time: 0.09375 sec

 Current Memory Usage: 1034.01 Meg

 Total Signals          : 26
 Total Nets             : 341
 Total Signal Drivers   : 14
 Total Blocks           : 5
 Total Primitive Blocks : 4
 Total Processes        : 5
 Total Traceable Variables  : 11
 Total Scalar Nets and Variables : 720
Total Line Count : 31

 Total Simulation Time: 0.1875 sec

 Current Memory Usage: 1348.58 Meg

Wed Apr 11 16:12:18 2018

