Command line:
   REGISTRO_P08_isim_beh.exe
     -simmode  gui
     -simrunnum  0
     -socket  54777

Tue May 01 20:58:33 2018


 Elaboration Time: 0.046875 sec

 Current Memory Usage: 719.098 Meg

 Total Signals          : 7
 Total Nets             : 31
 Total Signal Drivers   : 2
 Total Blocks           : 2
 Total Primitive Blocks : 2
 Total Processes        : 2
 Total Traceable Variables  : 8
 Total Scalar Nets and Variables : 391
Total Line Count : 7
Total Line Count : 7

 Total Simulation Time: 0.0625 sec

 Current Memory Usage: 719.098 Meg

Tue May 01 20:59:52 2018

