Command line:
   TB_UnidadDeControl_isim_beh.exe
     -simmode  gui
     -simrunnum  0
     -socket  56122

Mon Jun 04 19:43:01 2018


 Elaboration Time: 0.046875 sec

 Current Memory Usage: 1037.96 Meg

 Total Signals          : 96
 Total Nets             : 139
 Total Signal Drivers   : 43
 Total Blocks           : 14
 Total Primitive Blocks : 12
 Total Processes        : 30
 Total Traceable Variables  : 15
 Total Scalar Nets and Variables : 1679
Total Line Count : 194

 Total Simulation Time: 0.171875 sec

 Current Memory Usage: 723.386 Meg

Mon Jun 04 20:13:44 2018

