Running: C:\Xilinx\14.7\ISE_DS\ISE\bin\nt64\unwrapped\fuse.exe -intstyle ise -incremental -lib secureip -o C:/Users/Edgar Roa/Documents/8vo sem/Arquitectura/Practica5/Lab5/Practica5/Datos/Datos_tb_isim_beh.exe -prj C:/Users/Edgar Roa/Documents/8vo sem/Arquitectura/Practica5/Lab5/Practica5/Datos/Datos_tb_beh.prj work.Datos_tb 
ISim P.20131013 (signature 0x7708f090)
Number of CPUs detected in this system: 4
Turning on mult-threading, number of parallel sub-compilation jobs: 8 
Determining compilation order of HDL files
Parsing VHDL file "C:/Users/Edgar Roa/Documents/8vo sem/Arquitectura/Practica5/Lab5/Practica5/Datos/Datos.vhd" into library work
Parsing VHDL file "C:/Users/Edgar Roa/Documents/8vo sem/Arquitectura/Practica5/Lab5/Practica5/Datos/Datos_tb.vhd" into library work
Starting static elaboration
Completed static elaboration
Compiling package standard
Compiling package std_logic_1164
Compiling package textio
Compiling package std_logic_textio
Compiling package std_logic_arith
Compiling package std_logic_unsigned
Compiling architecture memoria of entity Datos [\Datos(16,8)\]
Compiling architecture behavior of entity datos_tb
Time Resolution for simulation is 1ps.
Waiting for 1 sub-compilation(s) to finish...
Compiled 9 VHDL Units
Built simulation executable C:/Users/Edgar Roa/Documents/8vo sem/Arquitectura/Practica5/Lab5/Practica5/Datos/Datos_tb_isim_beh.exe
Fuse Memory Usage: 33056 KB
Fuse CPU Usage: 2280 ms
