ISim log file
Running: C:\Users\Edgar Roa\Documents\8vo sem\Arquitectura\Practica5\Lab5\Practica5\Datos\Datos_tb_isim_beh.exe -intstyle ise -gui -tclbatch isim.cmd -wdb C:/Users/Edgar Roa/Documents/8vo sem/Arquitectura/Practica5/Lab5/Practica5/Datos/Datos_tb_isim_beh.wdb 
ISim P.20131013 (signature 0x7708f090)
WARNING: A WEBPACK license was found.
WARNING: Please use Xilinx License Configuration Manager to check out a full ISim license.
WARNING: ISim will run in Lite mode. Please refer to the ISim documentation for more information on the differences between the Lite and the Full version.
This is a Lite version of ISim.
Time resolution is 1 ps
# onerror resume
# wave add /
# run 1000 ns
Simulator is doing circuit initialization process.
at 0 ps: Error: HREAD Error: Read a ' ', expected a Hex character (0-F).
at 0 ps, Instance /datos_tb/uut/ : Warning: There is an 'U'|'X'|'W'|'Z'|'-' in an arithmetic operand, the result will be 'X'(es).
at 0 ps, Instance /datos_tb/uut/ : Warning: CONV_INTEGER: There is an 'U'|'X'|'W'|'Z'|'-' in an arithmetic operand, and it has been converted to 0.
Finished circuit initialization process.
at 5 ns(1): Error: HREAD Error: Read a ' ', expected a Hex character (0-F).
at 15 ns(1): Error: HREAD Error: Read a ' ', expected a Hex character (0-F).
at 25 ns(1): Error: HREAD Error: Read a ' ', expected a Hex character (0-F).
at 35 ns(1): Error: HREAD Error: Read a ' ', expected a Hex character (0-F).
at 45 ns(1): Error: HREAD Error: Read a ' ', expected a Hex character (0-F).
at 55 ns(1): Error: HREAD Error: Read a ' ', expected a Hex character (0-F).
at 65 ns(1): Error: HREAD Error: Read a ' ', expected a Hex character (0-F).
at 75 ns(1): Error: HREAD Error: Read a ' ', expected a Hex character (0-F).
at 85 ns(1): Error: HREAD Error: Read a ' ', expected a Hex character (0-F).
at 95 ns(1): Error: HREAD Error: Read a ' ', expected a Hex character (0-F).
at 105 ns(1): Error: HREAD Error: Read a ' ', expected a Hex character (0-F).
