Running: C:\Xilinx\14.7\ISE_DS\ISE\bin\nt64\unwrapped\fuse.exe -intstyle ise -incremental -lib secureip -o C:/Users/iAngelMx/Documents/GitHub/arqCompVHDL/MEMORIA_PROGRAMA/TB_MEMORIA_PROGRAMA_isim_beh.exe -prj C:/Users/iAngelMx/Documents/GitHub/arqCompVHDL/MEMORIA_PROGRAMA/TB_MEMORIA_PROGRAMA_beh.prj work.TB_MEMORIA_PROGRAMA 
ISim P.20131013 (signature 0x7708f090)
Number of CPUs detected in this system: 4
Turning on mult-threading, number of parallel sub-compilation jobs: 8 
Determining compilation order of HDL files
Parsing VHDL file "C:/Users/iAngelMx/Documents/GitHub/arqCompVHDL/MEMORIA_PROGRAMA/MEMORIA_PROGRAMA.vhd" into library work
Parsing VHDL file "C:/Users/iAngelMx/Documents/GitHub/arqCompVHDL/MEMORIA_PROGRAMA/TB_MEMORIA_PROGRAMA.vhd" into library work
Starting static elaboration
Completed static elaboration
Compiling package standard
Compiling package textio
Compiling package std_logic_1164
Compiling package std_logic_textio
Compiling package std_logic_arith
Compiling package std_logic_unsigned
Compiling architecture behavioral of entity MEMORIA_PROGRAMA [\MEMORIA_PROGRAMA(25,16)\]
Compiling architecture behavior of entity tb_memoria_programa
Time Resolution for simulation is 1ps.
Waiting for 1 sub-compilation(s) to finish...
Compiled 9 VHDL Units
Built simulation executable C:/Users/iAngelMx/Documents/GitHub/arqCompVHDL/MEMORIA_PROGRAMA/TB_MEMORIA_PROGRAMA_isim_beh.exe
Fuse Memory Usage: 38244 KB
Fuse CPU Usage: 1390 ms
