Release 14.7 - xst P.20131013 (nt64)
Copyright (c) 1995-2013 Xilinx, Inc.  All rights reserved.
--> Parameter TMPDIR set to xst/projnav.tmp


Total REAL time to Xst completion: 0.00 secs
Total CPU time to Xst completion: 0.19 secs
 
--> Parameter xsthdpdir set to xst


Total REAL time to Xst completion: 0.00 secs
Total CPU time to Xst completion: 0.19 secs
 
--> Reading design: MEMORIA_DATOS.prj

TABLE OF CONTENTS
  1) Synthesis Options Summary
  2) HDL Parsing
  3) HDL Elaboration
  4) HDL Synthesis
       4.1) HDL Synthesis Report
  5) Advanced HDL Synthesis
       5.1) Advanced HDL Synthesis Report
  6) Low Level Synthesis
  7) Partition Report
  8) Design Summary
       8.1) Primitive and Black Box Usage
       8.2) Device utilization summary
       8.3) Partition Resource Summary
       8.4) Timing Report
            8.4.1) Clock Information
            8.4.2) Asynchronous Control Signals Information
            8.4.3) Timing Summary
            8.4.4) Timing Details
            8.4.5) Cross Clock Domains Report


=========================================================================
*                      Synthesis Options Summary                        *
=========================================================================
---- Source Parameters
Input File Name                    : "MEMORIA_DATOS.prj"
Ignore Synthesis Constraint File   : NO

---- Target Parameters
Output File Name                   : "MEMORIA_DATOS"
Output Format                      : NGC
Target Device                      : xc7a100t-3-csg324

---- Source Options
Top Module Name                    : MEMORIA_DATOS
Automatic FSM Extraction           : YES
FSM Encoding Algorithm             : Auto
Safe Implementation                : No
FSM Style                          : LUT
RAM Extraction                     : Yes
RAM Style                          : Auto
ROM Extraction                     : Yes
Shift Register Extraction          : YES
ROM Style                          : Auto
Resource Sharing                   : YES
Asynchronous To Synchronous        : NO
Shift Register Minimum Size        : 2
Use DSP Block                      : Auto
Automatic Register Balancing       : No

---- Target Options
LUT Combining                      : Auto
Reduce Control Sets                : Auto
Add IO Buffers                     : YES
Global Maximum Fanout              : 100000
Add Generic Clock Buffer(BUFG)     : 32
Register Duplication               : YES
Optimize Instantiated Primitives   : NO
Use Clock Enable                   : Auto
Use Synchronous Set                : Auto
Use Synchronous Reset              : Auto
Pack IO Registers into IOBs        : Auto
Equivalent register Removal        : YES

---- General Options
Optimization Goal                  : Speed
Optimization Effort                : 1
Power Reduction                    : NO
Keep Hierarchy                     : No
Netlist Hierarchy                  : As_Optimized
RTL Output                         : Yes
Global Optimization                : AllClockNets
Read Cores                         : YES
Write Timing Constraints           : NO
Cross Clock Analysis               : NO
Hierarchy Separator                : /
Bus Delimiter                      : <>
Case Specifier                     : Maintain
Slice Utilization Ratio            : 100
BRAM Utilization Ratio             : 100
DSP48 Utilization Ratio            : 100
Auto BRAM Packing                  : NO
Slice Utilization Ratio Delta      : 5

=========================================================================


=========================================================================
*                          HDL Parsing                                  *
=========================================================================
Parsing VHDL file "C:\Users\iAngelMx\Documents\GitHub\arqCompVHDL\MEMORIA_DATOS\MEMORIA_DATOS.vhd" into library work
Parsing entity <MEMORIA_DATOS>.
Parsing architecture <Behavioral> of entity <memoria_datos>.

=========================================================================
*                            HDL Elaboration                            *
=========================================================================

Elaborating entity <MEMORIA_DATOS> (architecture <Behavioral>) with generics from library <work>.

=========================================================================
*                           HDL Synthesis                               *
=========================================================================

Synthesizing Unit <MEMORIA_DATOS>.
    Related source file is "C:\Users\iAngelMx\Documents\GitHub\arqCompVHDL\MEMORIA_DATOS\MEMORIA_DATOS.vhd".
        palabra = 16
        busT = 16
        capacidad = 65536
    Found 65536x16-bit dual-port RAM <Mram_archivo> for signal <archivo>.
    Summary:
	inferred   1 RAM(s).
Unit <MEMORIA_DATOS> synthesized.

=========================================================================
HDL Synthesis Report

Macro Statistics
# RAMs                                                 : 1
 65536x16-bit dual-port RAM                            : 1

=========================================================================

=========================================================================
*                       Advanced HDL Synthesis                          *
=========================================================================


Synthesizing (advanced) Unit <MEMORIA_DATOS>.
INFO:Xst:3218 - HDL ADVISOR - The RAM <Mram_archivo> will be implemented on LUTs either because you have described an asynchronous read or because of currently unsupported block RAM features. If you have described an asynchronous read, making it synchronous would allow you to take advantage of available block RAM resources, for optimized device usage and improved timings. Please refer to your documentation for coding guidelines.
    -----------------------------------------------------------------------
    | ram_type           | Distributed                         |          |
    -----------------------------------------------------------------------
    | Port A                                                              |
    |     aspect ratio   | 65536-word x 16-bit                 |          |
    |     clkA           | connected to signal <clk>           | rise     |
    |     weA            | connected to signal <wd>            | high     |
    |     addrA          | connected to signal <dir_w>         |          |
    |     diA            | connected to signal <dato_in>       |          |
    -----------------------------------------------------------------------
    | Port B                                                              |
    |     aspect ratio   | 65536-word x 16-bit                 |          |
    |     addrB          | connected to signal <dir_r>         |          |
    |     doB            | connected to signal <dato_out>      |          |
    -----------------------------------------------------------------------
Unit <MEMORIA_DATOS> synthesized (advanced).

=========================================================================
Advanced HDL Synthesis Report

Macro Statistics
# RAMs                                                 : 1
 65536x16-bit dual-port distributed RAM                : 1

=========================================================================

=========================================================================
*                         Low Level Synthesis                           *
=========================================================================

Optimizing unit <MEMORIA_DATOS> ...

Mapping all equations...
Building and optimizing final netlist ...
Found area constraint ratio of 100 (+ 5) on block MEMORIA_DATOS, actual ratio is 30.

Final Macro Processing ...

=========================================================================
Final Register Report

Found no macro
=========================================================================

=========================================================================
*                           Partition Report                            *
=========================================================================

Partition Implementation Status
-------------------------------

  No Partitions were found in this design.

-------------------------------

=========================================================================
*                            Design Summary                             *
=========================================================================

Top Level Output File Name         : MEMORIA_DATOS.ngc

Primitive and Black Box Usage:
------------------------------
# BELS                             : 6515
#      GND                         : 1
#      LUT2                        : 4
#      LUT3                        : 30
#      LUT5                        : 1020
#      LUT6                        : 5460
# RAMS                             : 6144
#      RAM64M                      : 5120
#      RAM64X1D                    : 1024
# Clock Buffers                    : 1
#      BUFGP                       : 1
# IO Buffers                       : 65
#      IBUF                        : 49
#      OBUF                        : 16

Device utilization summary:
---------------------------

Selected Device : 7a100tcsg324-3 


Slice Logic Utilization: 
 Number of Slice LUTs:                29042  out of  63400    45%  
    Number used as Logic:              6514  out of  63400    10%  
    Number used as Memory:            22528  out of  19000   118% (*) 
       Number used as RAM:            22528

Slice Logic Distribution: 
 Number of LUT Flip Flop pairs used:  29042
   Number with an unused Flip Flop:   29042  out of  29042   100%  
   Number with an unused LUT:             0  out of  29042     0%  
   Number of fully used LUT-FF pairs:     0  out of  29042     0%  
   Number of unique control sets:         0

IO Utilization: 
 Number of IOs:                          66
 Number of bonded IOBs:                  66  out of    210    31%  

Specific Feature Utilization:
 Number of BUFG/BUFGCTRLs:                1  out of     32     3%  

WARNING:Xst:1336 -  (*) More than 100% of Device resources are used

---------------------------
Partition Resource Summary:
---------------------------

  No Partitions were found in this design.

---------------------------


=========================================================================
Timing Report

NOTE: THESE TIMING NUMBERS ARE ONLY A SYNTHESIS ESTIMATE.
      FOR ACCURATE TIMING INFORMATION PLEASE REFER TO THE TRACE REPORT
      GENERATED AFTER PLACE-and-ROUTE.

Clock Information:
------------------
-----------------------------------+------------------------+-------+
Clock Signal                       | Clock buffer(FF name)  | Load  |
-----------------------------------+------------------------+-------+
clk                                | BUFGP                  | 6144  |
-----------------------------------+------------------------+-------+

Asynchronous Control Signals Information:
----------------------------------------
No asynchronous control signals found in this design

Timing Summary:
---------------
Speed Grade: -3

   Minimum period: No path found
   Minimum input arrival time before clock: 2.435ns
   Maximum output required time after clock: 4.915ns
   Maximum combinational path delay: 4.118ns

Timing Details:
---------------
All values displayed in nanoseconds (ns)

=========================================================================
Timing constraint: Default OFFSET IN BEFORE for Clock 'clk'
  Total number of paths / destination ports: 126976 / 65536
-------------------------------------------------------------------------
Offset:              2.435ns (Levels of Logic = 4)
  Source:            dir_w<15> (PAD)
  Destination:       Mram_archivo993 (RAM)
  Destination Clock: clk rising

  Data Path: dir_w<15> to Mram_archivo993
                                Gate     Net
    Cell:in->out      fanout   Delay   Delay  Logical Name (Net Name)
    ----------------------------------------  ------------
     IBUF:I->O            10   0.001   0.553  dir_w_15_IBUF (dir_w_15_IBUF)
     LUT3:I0->O          128   0.097   0.501  inst_LPM_DECODE100011 (inst_LPM_DECODE10001)
     LUT6:I4->O            1   0.097   0.379  inst_LPM_DECODE9921 (N994)
     LUT2:I0->O            6   0.097   0.302  write_ctrl992 (write_ctrl992)
     RAM64M:WE                 0.408          Mram_archivo993
    ----------------------------------------
    Total                      2.435ns (0.700ns logic, 1.735ns route)
                                       (28.7% logic, 71.3% route)

=========================================================================
Timing constraint: Default OFFSET OUT AFTER for Clock 'clk'
  Total number of paths / destination ports: 16384 / 16
-------------------------------------------------------------------------
Offset:              4.915ns (Levels of Logic = 6)
  Source:            Mram_archivo4523 (RAM)
  Destination:       dato_out<14> (PAD)
  Source Clock:      clk rising

  Data Path: Mram_archivo4523 to dato_out<14>
                                Gate     Net
    Cell:in->out      fanout   Delay   Delay  Logical Name (Net Name)
    ----------------------------------------  ------------
     RAM64M:WCLK->DOC      1   1.369   0.556  Mram_archivo4523 (N28163)
     LUT6:I2->O            1   0.097   0.556  inst_LPM_MUX14_2229 (inst_LPM_MUX14_2229)
     LUT6:I2->O            1   0.097   0.556  inst_LPM_MUX14_178 (inst_LPM_MUX14_178)
     LUT6:I2->O            1   0.097   0.556  inst_LPM_MUX14_122 (inst_LPM_MUX14_122)
     LUT6:I2->O            1   0.097   0.556  inst_LPM_MUX14_7 (inst_LPM_MUX14_7)
     LUT6:I2->O            1   0.097   0.279  dir_r<15>141 (dato_out_14_OBUF)
     OBUF:I->O                 0.000          dato_out_14_OBUF (dato_out<14>)
    ----------------------------------------
    Total                      4.915ns (1.854ns logic, 3.061ns route)
                                       (37.7% logic, 62.3% route)

=========================================================================
Timing constraint: Default path analysis
  Total number of paths / destination ports: 17056 / 16
-------------------------------------------------------------------------
Delay:               4.118ns (Levels of Logic = 8)
  Source:            dir_r<0> (PAD)
  Destination:       dato_out<15> (PAD)

  Data Path: dir_r<0> to dato_out<15>
                                Gate     Net
    Cell:in->out      fanout   Delay   Delay  Logical Name (Net Name)
    ----------------------------------------  ------------
     IBUF:I->O          1024   0.001   0.474  dir_r_0_IBUF (dir_r_0_IBUF)
     RAM64X1D:DPRA0->DPO    1   0.097   0.556  Mram_archivo5547 (N32599)
     LUT6:I2->O            1   0.097   0.556  inst_LPM_MUX15_2229 (inst_LPM_MUX15_2229)
     LUT6:I2->O            1   0.097   0.556  inst_LPM_MUX15_178 (inst_LPM_MUX15_178)
     LUT6:I2->O            1   0.097   0.556  inst_LPM_MUX15_122 (inst_LPM_MUX15_122)
     LUT6:I2->O            1   0.097   0.556  inst_LPM_MUX15_7 (inst_LPM_MUX15_7)
     LUT6:I2->O            1   0.097   0.279  dir_r<15>151 (dato_out_15_OBUF)
     OBUF:I->O                 0.000          dato_out_15_OBUF (dato_out<15>)
    ----------------------------------------
    Total                      4.118ns (0.583ns logic, 3.535ns route)
                                       (14.2% logic, 85.8% route)

=========================================================================

Cross Clock Domains Report:
--------------------------

=========================================================================


Total REAL time to Xst completion: 194.00 secs
Total CPU time to Xst completion: 193.72 secs
 
--> 

Total memory usage is 617316 kilobytes

Number of errors   :    0 (   0 filtered)
Number of warnings :    1 (   0 filtered)
Number of infos    :    1 (   0 filtered)

