Running: C:\Xilinx\14.7\ISE_DS\ISE\bin\nt64\unwrapped\fuse.exe -intstyle ise -incremental -lib secureip -o C:/Users/ayhc9/arqCompVHDL/MEMORIA_DATOS/TB_MEMORIA_DATOS_isim_beh.exe -prj C:/Users/ayhc9/arqCompVHDL/MEMORIA_DATOS/TB_MEMORIA_DATOS_beh.prj work.TB_MEMORIA_DATOS 
ISim P.20131013 (signature 0x7708f090)
Number of CPUs detected in this system: 4
Turning on mult-threading, number of parallel sub-compilation jobs: 8 
Determining compilation order of HDL files
Parsing VHDL file "C:/Users/ayhc9/arqCompVHDL/MEMORIA_DATOS/MEMORIA_DATOS.vhd" into library work
Parsing VHDL file "C:/Users/ayhc9/arqCompVHDL/MEMORIA_DATOS/TB_MEMORIA_DATOS.vhd" into library work
Starting static elaboration
Completed static elaboration
Compiling package standard
Compiling package textio
Compiling package std_logic_1164
Compiling package std_logic_textio
Compiling package std_logic_arith
Compiling package std_logic_unsigned
Compiling architecture behavioral of entity MEMORIA_DATOS [\MEMORIA_DATOS(16,16,65536)\]
Compiling architecture behavior of entity tb_memoria_datos
Time Resolution for simulation is 1ps.
Waiting for 1 sub-compilation(s) to finish...
Compiled 9 VHDL Units
Built simulation executable C:/Users/ayhc9/arqCompVHDL/MEMORIA_DATOS/TB_MEMORIA_DATOS_isim_beh.exe
Fuse Memory Usage: 38416 KB
Fuse CPU Usage: 2093 ms
