Release 14.7 - xst P.20131013 (nt64)
Copyright (c) 1995-2013 Xilinx, Inc.  All rights reserved.
--> Parameter TMPDIR set to xst/projnav.tmp


Total REAL time to Xst completion: 0.00 secs
Total CPU time to Xst completion: 0.14 secs
 
--> Parameter xsthdpdir set to xst


Total REAL time to Xst completion: 0.00 secs
Total CPU time to Xst completion: 0.14 secs
 
--> Reading design: PROCESADOR_ESCOMIPS.prj

TABLE OF CONTENTS
  1) Synthesis Options Summary
  2) HDL Parsing
  3) HDL Elaboration
  4) HDL Synthesis
       4.1) HDL Synthesis Report
  5) Advanced HDL Synthesis
       5.1) Advanced HDL Synthesis Report
  6) Low Level Synthesis
  7) Partition Report
  8) Design Summary
       8.1) Primitive and Black Box Usage
       8.2) Device utilization summary
       8.3) Partition Resource Summary
       8.4) Timing Report
            8.4.1) Clock Information
            8.4.2) Asynchronous Control Signals Information
            8.4.3) Timing Summary
            8.4.4) Timing Details
            8.4.5) Cross Clock Domains Report


=========================================================================
*                      Synthesis Options Summary                        *
=========================================================================
---- Source Parameters
Input File Name                    : "PROCESADOR_ESCOMIPS.prj"
Ignore Synthesis Constraint File   : NO

---- Target Parameters
Output File Name                   : "PROCESADOR_ESCOMIPS"
Output Format                      : NGC
Target Device                      : xc7a100t-3-csg324

---- Source Options
Top Module Name                    : PROCESADOR_ESCOMIPS
Automatic FSM Extraction           : YES
FSM Encoding Algorithm             : Auto
Safe Implementation                : No
FSM Style                          : LUT
RAM Extraction                     : Yes
RAM Style                          : Auto
ROM Extraction                     : Yes
Shift Register Extraction          : YES
ROM Style                          : Auto
Resource Sharing                   : YES
Asynchronous To Synchronous        : NO
Shift Register Minimum Size        : 2
Use DSP Block                      : Auto
Automatic Register Balancing       : No

---- Target Options
LUT Combining                      : Auto
Reduce Control Sets                : Auto
Add IO Buffers                     : YES
Global Maximum Fanout              : 100000
Add Generic Clock Buffer(BUFG)     : 32
Register Duplication               : YES
Optimize Instantiated Primitives   : NO
Use Clock Enable                   : Auto
Use Synchronous Set                : Auto
Use Synchronous Reset              : Auto
Pack IO Registers into IOBs        : Auto
Equivalent register Removal        : YES

---- General Options
Optimization Goal                  : Speed
Optimization Effort                : 1
Power Reduction                    : NO
Keep Hierarchy                     : No
Netlist Hierarchy                  : As_Optimized
RTL Output                         : Yes
Global Optimization                : AllClockNets
Read Cores                         : YES
Write Timing Constraints           : NO
Cross Clock Analysis               : NO
Hierarchy Separator                : /
Bus Delimiter                      : <>
Case Specifier                     : Maintain
Slice Utilization Ratio            : 100
BRAM Utilization Ratio             : 100
DSP48 Utilization Ratio            : 100
Auto BRAM Packing                  : NO
Slice Utilization Ratio Delta      : 5

=========================================================================


=========================================================================
*                          HDL Parsing                                  *
=========================================================================
Parsing VHDL file "C:\Users\iAngelMx\Documents\GitHub\arqCompVHDL\subunidad_control\subunidad_control.vhd" into library work
Parsing entity <subunidad_control>.
Parsing architecture <Behavioral> of entity <subunidad_control>.
Parsing VHDL file "C:\Users\iAngelMx\Documents\GitHub\arqCompVHDL\reg_estado\reg_estado.vhd" into library work
Parsing entity <reg_estado>.
Parsing architecture <Behavioral> of entity <reg_estado>.
Parsing VHDL file "C:\Users\iAngelMx\Documents\GitHub\arqCompVHDL\PROC_NIVEL\PROC_NIVEL.vhd" into library work
Parsing entity <PROC_NIVEL>.
Parsing architecture <Behavioral> of entity <proc_nivel>.
Parsing VHDL file "C:\Users\iAngelMx\Documents\GitHub\arqCompVHDL\PROC_MEM_OPCODE\PROC_MEM_OPCODE.vhd" into library work
Parsing entity <PROC_MEM_OPCODE>.
Parsing architecture <Behavioral> of entity <proc_mem_opcode>.
Parsing VHDL file "C:\Users\iAngelMx\Documents\GitHub\arqCompVHDL\PROC_DECODER\PROC_DECODER.vhd" into library work
Parsing entity <PROC_DECODER>.
Parsing architecture <Behavioral> of entity <proc_decoder>.
Parsing VHDL file "C:\Users\iAngelMx\Documents\GitHub\arqCompVHDL\microcod_funcion\microcod_funcion.vhd" into library work
Parsing entity <microcod_funcion>.
Parsing architecture <Behavioral> of entity <microcod_funcion>.
Parsing VHDL file "C:\Users\iAngelMx\Documents\GitHub\arqCompVHDL\condicion\condicion.vhd" into library work
Parsing entity <condicion>.
Parsing architecture <Behavioral> of entity <condicion>.
Parsing VHDL file "C:\Users\iAngelMx\Documents\GitHub\arqCompVHDL\ALU_1BIT\ALU_1BIT.vhd" into library work
Parsing entity <ALU_1BIT>.
Parsing architecture <Behavioral> of entity <alu_1bit>.
Parsing VHDL file "C:\Users\iAngelMx\Documents\GitHub\arqCompVHDL\PROC_UNID_CONTROL\PROC_UNID_CONTROL.vhd" into library work
Parsing entity <PROC_UNID_CONTROL>.
Parsing architecture <Behavioral> of entity <proc_unid_control>.
Parsing VHDL file "C:\Users\iAngelMx\Documents\GitHub\arqCompVHDL\PROC_EXT_SIGNO\PROC_EXT_SIGNO.vhd" into library work
Parsing entity <PROC_EXT_SIGNO>.
Parsing architecture <Behavioral> of entity <proc_ext_signo>.
Parsing VHDL file "C:\Users\iAngelMx\Documents\GitHub\arqCompVHDL\PROC_EXT_DIR\PROC_EXT_DIR.vhd" into library work
Parsing entity <PROC_EXT_DIR>.
Parsing architecture <Behavioral> of entity <proc_ext_dir>.
Parsing VHDL file "C:\Users\iAngelMx\Documents\GitHub\arqCompVHDL\PROCESADOR_ESCOMIPS\COMPONENTES.vhd" into library work
Parsing package <COMPONENTES>.
Parsing package body <COMPONENTES>.
Parsing VHDL file "C:\Users\iAngelMx\Documents\GitHub\arqCompVHDL\PROCESADOR_CLK_DIV\PROCESADOR_CLK_DIV.vhd" into library work
Parsing entity <PROCESADOR_CLK_DIV>.
Parsing architecture <Behavioral> of entity <procesador_clk_div>.
Parsing VHDL file "C:\Users\iAngelMx\Documents\GitHub\arqCompVHDL\PILA\PILA.vhd" into library work
Parsing entity <PILA>.
Parsing architecture <Behavioral> of entity <pila>.
Parsing VHDL file "C:\Users\iAngelMx\Documents\GitHub\arqCompVHDL\multiplexor\multiplexor.vhd" into library work
Parsing entity <multiplexor>.
Parsing architecture <Behavioral> of entity <multiplexor>.
Parsing VHDL file "C:\Users\iAngelMx\Documents\GitHub\arqCompVHDL\MEMORIA_PROGRAMA\MEMORIA_PROGRAMA.vhd" into library work
Parsing entity <MEMORIA_PROGRAMA>.
Parsing architecture <Behavioral> of entity <memoria_programa>.
Parsing VHDL file "C:\Users\iAngelMx\Documents\GitHub\arqCompVHDL\MEMORIA_DATOS\MEMORIA_DATOS.vhd" into library work
Parsing entity <MEMORIA_DATOS>.
Parsing architecture <Behavioral> of entity <memoria_datos>.
Parsing VHDL file "C:\Users\iAngelMx\Documents\GitHub\arqCompVHDL\FF_d\FF_d.vhd" into library work
Parsing entity <FF_d>.
Parsing architecture <Behavioral> of entity <ff_d>.
Parsing VHDL file "C:\Users\iAngelMx\Documents\GitHub\arqCompVHDL\archivo_registros\archivo_registros.vhd" into library work
Parsing entity <archivo_registros>.
Parsing architecture <Behavioral> of entity <archivo_registros>.
Parsing VHDL file "C:\Users\iAngelMx\Documents\GitHub\arqCompVHDL\ALU_16\PRACTICA03.vhd" into library work
Parsing entity <PRACTICA03>.
Parsing architecture <Behavioral> of entity <practica03>.
Parsing VHDL file "C:\Users\iAngelMx\Documents\GitHub\arqCompVHDL\PROCESADOR_ESCOMIPS\PROCESADOR_ESCOMIPS.vhd" into library work
Parsing entity <PROCESADOR_ESCOMIPS>.
Parsing architecture <Behavioral> of entity <procesador_escomips>.

=========================================================================
*                            HDL Elaboration                            *
=========================================================================

Elaborating entity <PROCESADOR_ESCOMIPS> (architecture <Behavioral>) from library <work>.

Elaborating entity <PROCESADOR_CLK_DIV> (architecture <Behavioral>) from library <work>.

Elaborating entity <FF_d> (architecture <Behavioral>) from library <work>.

Elaborating entity <PILA> (architecture <Behavioral>) from library <work>.

Elaborating entity <MEMORIA_PROGRAMA> (architecture <Behavioral>) with generics from library <work>.

Elaborating entity <PROC_UNID_CONTROL> (architecture <Behavioral>) from library <work>.

Elaborating entity <reg_estado> (architecture <Behavioral>) from library <work>.

Elaborating entity <condicion> (architecture <Behavioral>) from library <work>.

Elaborating entity <PROC_NIVEL> (architecture <Behavioral>) from library <work>.

Elaborating entity <PROC_DECODER> (architecture <Behavioral>) from library <work>.

Elaborating entity <subunidad_control> (architecture <Behavioral>) from library <work>.

Elaborating entity <PROC_MEM_OPCODE> (architecture <Behavioral>) from library <work>.

Elaborating entity <microcod_funcion> (architecture <Behavioral>) from library <work>.

Elaborating entity <PROC_EXT_SIGNO> (architecture <Behavioral>) from library <work>.

Elaborating entity <PROC_EXT_DIR> (architecture <Behavioral>) from library <work>.

Elaborating entity <archivo_registros> (architecture <Behavioral>) with generics from library <work>.

Elaborating entity <multiplexor> (architecture <Behavioral>) from library <work>.

Elaborating entity <PRACTICA03> (architecture <Behavioral>) from library <work>.

Elaborating entity <ALU_1BIT> (architecture <Behavioral>) from library <work>.

Elaborating entity <MEMORIA_DATOS> (architecture <Behavioral>) with generics from library <work>.

=========================================================================
*                           HDL Synthesis                               *
=========================================================================

Synthesizing Unit <PROCESADOR_ESCOMIPS>.
    Related source file is "C:\Users\iAngelMx\Documents\GitHub\arqCompVHDL\PROCESADOR_ESCOMIPS\PROCESADOR_ESCOMIPS.vhd".
INFO:Xst:3210 - "C:\Users\iAngelMx\Documents\GitHub\arqCompVHDL\PROCESADOR_ESCOMIPS\PROCESADOR_ESCOMIPS.vhd" line 59: Output port <nq> of the instance <CLR_DOWN> is unconnected or connected to loadless signal.
INFO:Xst:3210 - "C:\Users\iAngelMx\Documents\GitHub\arqCompVHDL\PROCESADOR_ESCOMIPS\PROCESADOR_ESCOMIPS.vhd" line 73: Output port <nivel_out> of the instance <U_de_C> is unconnected or connected to loadless signal.
    Summary:
	inferred   5 Multiplexer(s).
Unit <PROCESADOR_ESCOMIPS> synthesized.

Synthesizing Unit <PROCESADOR_CLK_DIV>.
    Related source file is "C:\Users\iAngelMx\Documents\GitHub\arqCompVHDL\PROCESADOR_CLK_DIV\PROCESADOR_CLK_DIV.vhd".
    Found 32-bit register for signal <cont>.
    Found 32-bit adder for signal <cont[31]_GND_7_o_add_0_OUT> created at line 21.
    Summary:
	inferred   1 Adder/Subtractor(s).
	inferred  32 D-type flip-flop(s).
Unit <PROCESADOR_CLK_DIV> synthesized.

Synthesizing Unit <FF_d>.
    Related source file is "C:\Users\iAngelMx\Documents\GitHub\arqCompVHDL\FF_d\FF_d.vhd".
    Found 1-bit register for signal <q_aux>.
    Summary:
	inferred   1 D-type flip-flop(s).
Unit <FF_d> synthesized.

Synthesizing Unit <PILA>.
    Related source file is "C:\Users\iAngelMx\Documents\GitHub\arqCompVHDL\PILA\PILA.vhd".
    Found 16-bit register for signal <aux<0>>.
    Found 16-bit register for signal <aux<1>>.
    Found 16-bit register for signal <aux<2>>.
    Found 16-bit register for signal <aux<3>>.
    Found 16-bit register for signal <aux<4>>.
    Found 16-bit register for signal <aux<5>>.
    Found 16-bit register for signal <aux<6>>.
    Found 16-bit register for signal <aux<7>>.
    Found 3-bit register for signal <sp>.
    Found 16-bit adder for signal <sp[2]_GND_9_o_add_1_OUT> created at line 31.
    Found 3-bit adder for signal <sp[2]_GND_9_o_add_20_OUT> created at line 35.
    Found 3-bit subtractor for signal <GND_9_o_GND_9_o_sub_31_OUT<2:0>> created at line 38.
    Found 16-bit 8-to-1 multiplexer for signal <PCout> created at line 31.
    Found 16-bit 8-to-1 multiplexer for signal <GND_9_o_aux[7][15]_wide_mux_31_OUT> created at line 39.
    Summary:
	inferred   3 Adder/Subtractor(s).
	inferred 131 D-type flip-flop(s).
	inferred  51 Multiplexer(s).
Unit <PILA> synthesized.

Synthesizing Unit <MEMORIA_PROGRAMA>.
    Related source file is "C:\Users\iAngelMx\Documents\GitHub\arqCompVHDL\MEMORIA_PROGRAMA\MEMORIA_PROGRAMA.vhd".
        palabra = 25
        busT = 10
    Found 1024x25-bit Read Only RAM for signal <instruccion>
    Summary:
	inferred   1 RAM(s).
Unit <MEMORIA_PROGRAMA> synthesized.

Synthesizing Unit <PROC_UNID_CONTROL>.
    Related source file is "C:\Users\iAngelMx\Documents\GitHub\arqCompVHDL\PROC_UNID_CONTROL\PROC_UNID_CONTROL.vhd".
INFO:Xst:3210 - "C:\Users\iAngelMx\Documents\GitHub\arqCompVHDL\PROC_UNID_CONTROL\PROC_UNID_CONTROL.vhd" line 72: Output port <bleti> of the instance <DECODER_INST> is unconnected or connected to loadless signal.
    Summary:
	inferred   2 Multiplexer(s).
Unit <PROC_UNID_CONTROL> synthesized.

Synthesizing Unit <reg_estado>.
    Related source file is "C:\Users\iAngelMx\Documents\GitHub\arqCompVHDL\reg_estado\reg_estado.vhd".
    Found 4-bit register for signal <f_aux>.
    Summary:
	inferred   4 D-type flip-flop(s).
Unit <reg_estado> synthesized.

Synthesizing Unit <condicion>.
    Related source file is "C:\Users\iAngelMx\Documents\GitHub\arqCompVHDL\condicion\condicion.vhd".
WARNING:Xst:647 - Input <flags<3:2>> is never used. This port will be preserved and left unconnected if it belongs to a top-level block or it belongs to a sub-block and the hierarchy of this sub-block is preserved.
    Summary:
Unit <condicion> synthesized.

Synthesizing Unit <PROC_NIVEL>.
    Related source file is "C:\Users\iAngelMx\Documents\GitHub\arqCompVHDL\PROC_NIVEL\PROC_NIVEL.vhd".
    Found 1-bit register for signal <nclk>.
    Found 1-bit register for signal <pclk>.
    Summary:
	inferred   2 D-type flip-flop(s).
Unit <PROC_NIVEL> synthesized.

Synthesizing Unit <PROC_DECODER>.
    Related source file is "C:\Users\iAngelMx\Documents\GitHub\arqCompVHDL\PROC_DECODER\PROC_DECODER.vhd".
    Summary:
	no macro.
Unit <PROC_DECODER> synthesized.

Synthesizing Unit <subunidad_control>.
    Related source file is "C:\Users\iAngelMx\Documents\GitHub\arqCompVHDL\subunidad_control\subunidad_control.vhd".
WARNING:Xst:647 - Input <clk> is never used. This port will be preserved and left unconnected if it belongs to a top-level block or it belongs to a sub-block and the hierarchy of this sub-block is preserved.
WARNING:Xst:647 - Input <clr> is never used. This port will be preserved and left unconnected if it belongs to a top-level block or it belongs to a sub-block and the hierarchy of this sub-block is preserved.
    Summary:
	inferred  13 Multiplexer(s).
Unit <subunidad_control> synthesized.

Synthesizing Unit <PROC_MEM_OPCODE>.
    Related source file is "C:\Users\iAngelMx\Documents\GitHub\arqCompVHDL\PROC_MEM_OPCODE\PROC_MEM_OPCODE.vhd".
    Found 32x20-bit Read Only RAM for signal <microinstruccion>
    Summary:
	inferred   1 RAM(s).
Unit <PROC_MEM_OPCODE> synthesized.

Synthesizing Unit <microcod_funcion>.
    Related source file is "C:\Users\iAngelMx\Documents\GitHub\arqCompVHDL\microcod_funcion\microcod_funcion.vhd".
    Found 16x20-bit Read Only RAM for signal <ins>
    Summary:
	inferred   1 RAM(s).
Unit <microcod_funcion> synthesized.

Synthesizing Unit <PROC_EXT_SIGNO>.
    Related source file is "C:\Users\iAngelMx\Documents\GitHub\arqCompVHDL\PROC_EXT_SIGNO\PROC_EXT_SIGNO.vhd".
    Summary:
	no macro.
Unit <PROC_EXT_SIGNO> synthesized.

Synthesizing Unit <PROC_EXT_DIR>.
    Related source file is "C:\Users\iAngelMx\Documents\GitHub\arqCompVHDL\PROC_EXT_DIR\PROC_EXT_DIR.vhd".
    Summary:
	no macro.
Unit <PROC_EXT_DIR> synthesized.

Synthesizing Unit <archivo_registros>.
    Related source file is "C:\Users\iAngelMx\Documents\GitHub\arqCompVHDL\archivo_registros\archivo_registros.vhd".
        n = 16
    Found 16-bit register for signal <banco<1>>.
    Found 16-bit register for signal <banco<2>>.
    Found 16-bit register for signal <banco<3>>.
    Found 16-bit register for signal <banco<4>>.
    Found 16-bit register for signal <banco<5>>.
    Found 16-bit register for signal <banco<6>>.
    Found 16-bit register for signal <banco<7>>.
    Found 16-bit register for signal <banco<8>>.
    Found 16-bit register for signal <banco<9>>.
    Found 16-bit register for signal <banco<10>>.
    Found 16-bit register for signal <banco<11>>.
    Found 16-bit register for signal <banco<12>>.
    Found 16-bit register for signal <banco<13>>.
    Found 16-bit register for signal <banco<14>>.
    Found 16-bit register for signal <banco<15>>.
    Found 16-bit register for signal <banco<0>>.
    Found 16-bit shifter logical right for signal <readRegister1[3]_SHAMT[3]_shift_right_34_OUT> created at line 110
    Found 16-bit shifter logical left for signal <readRegister1[3]_SHAMT[3]_shift_left_69_OUT> created at line 116
INFO:Xst:3019 - HDL ADVISOR - 256 flip-flops were inferred for signal <banco>. You may be trying to describe a RAM in a way that is incompatible with block and distributed RAM resources available on Xilinx devices, or with a specific template that is not supported. Please review the Xilinx resources documentation and the XST user manual for coding guidelines. Taking advantage of RAM resources will lead to improved device usage and reduced synthesis time.
INFO:Xst:3019 - HDL ADVISOR - 256 flip-flops were inferred for signal <banco>. You may be trying to describe a RAM in a way that is incompatible with block and distributed RAM resources available on Xilinx devices, or with a specific template that is not supported. Please review the Xilinx resources documentation and the XST user manual for coding guidelines. Taking advantage of RAM resources will lead to improved device usage and reduced synthesis time.
    Found 16-bit 16-to-1 multiplexer for signal <readData1> created at line 123.
    Found 16-bit 16-to-1 multiplexer for signal <readData2> created at line 124.
    Summary:
	inferred 256 D-type flip-flop(s).
	inferred  98 Multiplexer(s).
	inferred   2 Combinational logic shifter(s).
Unit <archivo_registros> synthesized.

Synthesizing Unit <multiplexor>.
    Related source file is "C:\Users\iAngelMx\Documents\GitHub\arqCompVHDL\multiplexor\multiplexor.vhd".
    Summary:
	inferred   1 Multiplexer(s).
Unit <multiplexor> synthesized.

Synthesizing Unit <PRACTICA03>.
    Related source file is "C:\Users\iAngelMx\Documents\GitHub\arqCompVHDL\ALU_16\PRACTICA03.vhd".
    Summary:
	inferred   2 Multiplexer(s).
Unit <PRACTICA03> synthesized.

Synthesizing Unit <ALU_1BIT>.
    Related source file is "C:\Users\iAngelMx\Documents\GitHub\arqCompVHDL\ALU_1BIT\ALU_1BIT.vhd".
    Found 1-bit 4-to-1 multiplexer for signal <resul_aux> created at line 30.
    Summary:
	inferred   1 Multiplexer(s).
Unit <ALU_1BIT> synthesized.

Synthesizing Unit <MEMORIA_DATOS>.
    Related source file is "C:\Users\iAngelMx\Documents\GitHub\arqCompVHDL\MEMORIA_DATOS\MEMORIA_DATOS.vhd".
        palabra = 16
        busT = 11
        capacidad = 2048
    Found 2048x16-bit single-port RAM <Mram_archivo> for signal <archivo>.
    Summary:
	inferred   1 RAM(s).
Unit <MEMORIA_DATOS> synthesized.

=========================================================================
HDL Synthesis Report

Macro Statistics
# RAMs                                                 : 4
 1024x25-bit single-port Read Only RAM                 : 1
 16x20-bit single-port Read Only RAM                   : 1
 2048x16-bit single-port RAM                           : 1
 32x20-bit single-port Read Only RAM                   : 1
# Adders/Subtractors                                   : 4
 16-bit adder                                          : 1
 3-bit adder                                           : 1
 3-bit subtractor                                      : 1
 32-bit adder                                          : 1
# Registers                                            : 30
 1-bit register                                        : 3
 16-bit register                                       : 24
 3-bit register                                        : 1
 32-bit register                                       : 1
 4-bit register                                        : 1
# Multiplexers                                         : 190
 1-bit 2-to-1 multiplexer                              : 15
 1-bit 4-to-1 multiplexer                              : 16
 16-bit 16-to-1 multiplexer                            : 2
 16-bit 2-to-1 multiplexer                             : 151
 16-bit 8-to-1 multiplexer                             : 2
 20-bit 2-to-1 multiplexer                             : 1
 3-bit 2-to-1 multiplexer                              : 1
 4-bit 2-to-1 multiplexer                              : 1
 5-bit 2-to-1 multiplexer                              : 1
# Logic shifters                                       : 2
 16-bit shifter logical left                           : 1
 16-bit shifter logical right                          : 1
# Xors                                                 : 67
 1-bit xor2                                            : 67

=========================================================================

=========================================================================
*                       Advanced HDL Synthesis                          *
=========================================================================

WARNING:Xst:2677 - Node <f_aux_2> of sequential type is unconnected in block <REGISTRO_EDO>.
WARNING:Xst:2677 - Node <f_aux_3> of sequential type is unconnected in block <REGISTRO_EDO>.

Synthesizing (advanced) Unit <MEMORIA_DATOS>.
INFO:Xst:3218 - HDL ADVISOR - The RAM <Mram_archivo> will be implemented on LUTs either because you have described an asynchronous read or because of currently unsupported block RAM features. If you have described an asynchronous read, making it synchronous would allow you to take advantage of available block RAM resources, for optimized device usage and improved timings. Please refer to your documentation for coding guidelines.
    -----------------------------------------------------------------------
    | ram_type           | Distributed                         |          |
    -----------------------------------------------------------------------
    | Port A                                                              |
    |     aspect ratio   | 2048-word x 16-bit                  |          |
    |     clkA           | connected to signal <clk>           | rise     |
    |     weA            | connected to signal <wd>            | high     |
    |     addrA          | connected to signal <A>             |          |
    |     diA            | connected to signal <dato_in>       |          |
    |     doA            | connected to signal <dato_out>      |          |
    -----------------------------------------------------------------------
Unit <MEMORIA_DATOS> synthesized (advanced).

Synthesizing (advanced) Unit <MEMORIA_PROGRAMA>.
INFO:Xst:3218 - HDL ADVISOR - The RAM <Mram_instruccion> will be implemented on LUTs either because you have described an asynchronous read or because of currently unsupported block RAM features. If you have described an asynchronous read, making it synchronous would allow you to take advantage of available block RAM resources, for optimized device usage and improved timings. Please refer to your documentation for coding guidelines.
    -----------------------------------------------------------------------
    | ram_type           | Distributed                         |          |
    -----------------------------------------------------------------------
    | Port A                                                              |
    |     aspect ratio   | 1024-word x 25-bit                  |          |
    |     weA            | connected to signal <GND>           | high     |
    |     addrA          | connected to signal <PC>            |          |
    |     diA            | connected to signal <GND>           |          |
    |     doA            | connected to signal <instruccion>   |          |
    -----------------------------------------------------------------------
Unit <MEMORIA_PROGRAMA> synthesized (advanced).

Synthesizing (advanced) Unit <PROCESADOR_CLK_DIV>.
The following registers are absorbed into counter <cont>: 1 register on signal <cont>.
Unit <PROCESADOR_CLK_DIV> synthesized (advanced).

Synthesizing (advanced) Unit <PROC_MEM_OPCODE>.
INFO:Xst:3218 - HDL ADVISOR - The RAM <Mram_microinstruccion> will be implemented on LUTs either because you have described an asynchronous read or because of currently unsupported block RAM features. If you have described an asynchronous read, making it synchronous would allow you to take advantage of available block RAM resources, for optimized device usage and improved timings. Please refer to your documentation for coding guidelines.
    -----------------------------------------------------------------------
    | ram_type           | Distributed                         |          |
    -----------------------------------------------------------------------
    | Port A                                                              |
    |     aspect ratio   | 32-word x 20-bit                    |          |
    |     weA            | connected to signal <GND>           | high     |
    |     addrA          | connected to signal <op_code>       |          |
    |     diA            | connected to signal <GND>           |          |
    |     doA            | connected to signal <microinstruccion> |          |
    -----------------------------------------------------------------------
Unit <PROC_MEM_OPCODE> synthesized (advanced).

Synthesizing (advanced) Unit <microcod_funcion>.
INFO:Xst:3218 - HDL ADVISOR - The RAM <Mram_ins> will be implemented on LUTs either because you have described an asynchronous read or because of currently unsupported block RAM features. If you have described an asynchronous read, making it synchronous would allow you to take advantage of available block RAM resources, for optimized device usage and improved timings. Please refer to your documentation for coding guidelines.
    -----------------------------------------------------------------------
    | ram_type           | Distributed                         |          |
    -----------------------------------------------------------------------
    | Port A                                                              |
    |     aspect ratio   | 16-word x 20-bit                    |          |
    |     weA            | connected to signal <GND>           | high     |
    |     addrA          | connected to signal <f_code>        |          |
    |     diA            | connected to signal <GND>           |          |
    |     doA            | connected to signal <ins>           |          |
    -----------------------------------------------------------------------
Unit <microcod_funcion> synthesized (advanced).

=========================================================================
Advanced HDL Synthesis Report

Macro Statistics
# RAMs                                                 : 4
 1024x25-bit single-port distributed Read Only RAM     : 1
 16x20-bit single-port distributed Read Only RAM       : 1
 2048x16-bit single-port distributed RAM               : 1
 32x20-bit single-port distributed Read Only RAM       : 1
# Adders/Subtractors                                   : 3
 16-bit adder                                          : 1
 3-bit adder                                           : 1
 3-bit subtractor                                      : 1
# Counters                                             : 1
 32-bit up counter                                     : 1
# Registers                                            : 394
 Flip-Flops                                            : 394
# Multiplexers                                         : 250
 1-bit 16-to-1 multiplexer                             : 32
 1-bit 2-to-1 multiplexer                              : 15
 1-bit 4-to-1 multiplexer                              : 16
 1-bit 8-to-1 multiplexer                              : 32
 16-bit 2-to-1 multiplexer                             : 151
 20-bit 2-to-1 multiplexer                             : 1
 3-bit 2-to-1 multiplexer                              : 1
 4-bit 2-to-1 multiplexer                              : 1
 5-bit 2-to-1 multiplexer                              : 1
# Logic shifters                                       : 2
 16-bit shifter logical left                           : 1
 16-bit shifter logical right                          : 1
# Xors                                                 : 67
 1-bit xor2                                            : 67

=========================================================================

=========================================================================
*                         Low Level Synthesis                           *
=========================================================================
WARNING:Xst:2677 - Node <REGISTRO_EDO/f_aux_3> of sequential type is unconnected in block <PROC_UNID_CONTROL>.
WARNING:Xst:2677 - Node <REGISTRO_EDO/f_aux_2> of sequential type is unconnected in block <PROC_UNID_CONTROL>.
WARNING:Xst:2677 - Node <DIV_FREC/cont_28> of sequential type is unconnected in block <PROCESADOR_ESCOMIPS>.
WARNING:Xst:2677 - Node <DIV_FREC/cont_29> of sequential type is unconnected in block <PROCESADOR_ESCOMIPS>.
WARNING:Xst:2677 - Node <DIV_FREC/cont_30> of sequential type is unconnected in block <PROCESADOR_ESCOMIPS>.
WARNING:Xst:2677 - Node <DIV_FREC/cont_31> of sequential type is unconnected in block <PROCESADOR_ESCOMIPS>.

Optimizing unit <PROCESADOR_ESCOMIPS> ...

Optimizing unit <PILA> ...

Optimizing unit <PROC_UNID_CONTROL> ...

Optimizing unit <archivo_registros> ...

Optimizing unit <PRACTICA03> ...

Mapping all equations...
Building and optimizing final netlist ...
Found area constraint ratio of 100 (+ 5) on block PROCESADOR_ESCOMIPS, actual ratio is 2.
FlipFlop PILA_Comp/sp_2 has been replicated 4 time(s)

Final Macro Processing ...

=========================================================================
Final Register Report

Macro Statistics
# Registers                                            : 424
 Flip-Flops                                            : 424

=========================================================================

=========================================================================
*                           Partition Report                            *
=========================================================================

Partition Implementation Status
-------------------------------

  No Partitions were found in this design.

-------------------------------

=========================================================================
*                            Design Summary                             *
=========================================================================

Top Level Output File Name         : PROCESADOR_ESCOMIPS.ngc

Primitive and Black Box Usage:
------------------------------
# BELS                             : 1452
#      GND                         : 1
#      INV                         : 5
#      LUT1                        : 42
#      LUT2                        : 36
#      LUT3                        : 101
#      LUT4                        : 57
#      LUT5                        : 364
#      LUT6                        : 605
#      MUXCY                       : 42
#      MUXF7                       : 122
#      MUXF8                       : 32
#      VCC                         : 1
#      XORCY                       : 44
# FlipFlops/Latches                : 424
#      FD_1                        : 1
#      FDC                         : 29
#      FDC_1                       : 1
#      FDCE                        : 391
#      FDCE_1                      : 2
# RAMS                             : 128
#      RAM256X1S                   : 128
# Clock Buffers                    : 2
#      BUFG                        : 1
#      BUFGP                       : 1
# IO Buffers                       : 25
#      IBUF                        : 1
#      OBUF                        : 24

Device utilization summary:
---------------------------

Selected Device : 7a100tcsg324-3 


Slice Logic Utilization: 
 Number of Slice Registers:             424  out of  126800     0%  
 Number of Slice LUTs:                 1722  out of  63400     2%  
    Number used as Logic:              1210  out of  63400     1%  
    Number used as Memory:              512  out of  19000     2%  
       Number used as RAM:              512

Slice Logic Distribution: 
 Number of LUT Flip Flop pairs used:   1771
   Number with an unused Flip Flop:    1347  out of   1771    76%  
   Number with an unused LUT:            49  out of   1771     2%  
   Number of fully used LUT-FF pairs:   375  out of   1771    21%  
   Number of unique control sets:        29

IO Utilization: 
 Number of IOs:                          26
 Number of bonded IOBs:                  26  out of    210    12%  

Specific Feature Utilization:
 Number of BUFG/BUFGCTRLs:                2  out of     32     6%  

---------------------------
Partition Resource Summary:
---------------------------

  No Partitions were found in this design.

---------------------------


=========================================================================
Timing Report

NOTE: THESE TIMING NUMBERS ARE ONLY A SYNTHESIS ESTIMATE.
      FOR ACCURATE TIMING INFORMATION PLEASE REFER TO THE TRACE REPORT
      GENERATED AFTER PLACE-and-ROUTE.

Clock Information:
------------------
-----------------------------------+------------------------+-------+
Clock Signal                       | Clock buffer(FF name)  | Load  |
-----------------------------------+------------------------+-------+
clk                                | BUFGP                  | 29    |
DIV_FREC/cont_27                   | BUFG                   | 523   |
-----------------------------------+------------------------+-------+

Asynchronous Control Signals Information:
----------------------------------------
No asynchronous control signals found in this design

Timing Summary:
---------------
Speed Grade: -3

   Minimum period: 19.735ns (Maximum Frequency: 50.670MHz)
   Minimum input arrival time before clock: 0.736ns
   Maximum output required time after clock: 9.744ns
   Maximum combinational path delay: No path found

Timing Details:
---------------
All values displayed in nanoseconds (ns)

=========================================================================
Timing constraint: Default period analysis for Clock 'DIV_FREC/cont_27'
  Clock period: 19.735ns (frequency: 50.670MHz)
  Total number of paths / destination ports: 4493738736 / 2068
-------------------------------------------------------------------------
Delay:               9.868ns (Levels of Logic = 19)
  Source:            PILA_Comp/aux_4_1 (FF)
  Destination:       U_de_C/REGISTRO_EDO/f_aux_1 (FF)
  Source Clock:      DIV_FREC/cont_27 rising
  Destination Clock: DIV_FREC/cont_27 falling

  Data Path: PILA_Comp/aux_4_1 to U_de_C/REGISTRO_EDO/f_aux_1
                                Gate     Net
    Cell:in->out      fanout   Delay   Delay  Logical Name (Net Name)
    ----------------------------------------  ------------
     FDCE:C->Q             2   0.361   0.698  PILA_Comp/aux_4_1 (PILA_Comp/aux_4_1)
     LUT6:I0->O            1   0.097   0.000  PILA_Comp/mux7_3 (PILA_Comp/mux7_3)
     MUXF7:I1->O          38   0.279   0.801  PILA_Comp/mux7_2_f7 (PC_fin_out_1_OBUF)
     LUT6:I0->O            1   0.097   0.379  MEM_PROGR/Mram_instruccion62114_SW1 (N141)
     LUT6:I4->O           13   0.097   0.351  MEM_PROGR/Mram_instruccion62115 (instruccion_aux<21>)
     LUT5:I4->O            1   0.097   0.379  U_de_C/Mmux_mux_Opcode12_SW0 (N729)
     LUT6:I4->O           12   0.097   0.430  U_de_C/Mmux_mux_Opcode12 (U_de_C/mux_Opcode<0>)
     LUT6:I4->O            8   0.097   0.411  U_de_C/Mmux_salida1821 (U_de_C/Mmux_salida182)
     LUT6:I4->O            2   0.097   0.284  Mmux_rreg2_aux31_1 (Mmux_rreg2_aux31)
     MUXF7:S->O            1   0.335   0.000  AR/mux24_4_f7 (AR/mux24_4_f7)
     MUXF8:I0->O           9   0.218   0.332  AR/mux24_2_f8 (rdata2_aux<2>)
     LUT4:I3->O            2   0.097   0.516  ALU/ALU03/Mxor_b_aux_xo<0>1 (ALU/ALU03/b_aux)
     LUT6:I3->O            3   0.097   0.305  ALU/ALU03/cout_aux1 (ALU/carries<2>)
     LUT6:I5->O            3   0.097   0.305  ALU/ALU05/cout_aux1 (ALU/carries<4>)
     LUT6:I5->O            3   0.097   0.305  ALU/ALU07/cout_aux1 (ALU/carries<6>)
     LUT6:I5->O            3   0.097   0.305  ALU/ALU09/cout_aux1 (ALU/carries<8>)
     LUT6:I5->O            3   0.097   0.305  ALU/ALU11/cout_aux1 (ALU/carries<10>)
     LUT6:I5->O            3   0.097   0.305  ALU/ALU13/cout_aux1 (ALU/carries<12>)
     LUT6:I5->O            3   0.097   0.703  ALU/ALU15/Mmux_resul_aux11 (alu_o<14>)
     LUT6:I0->O            1   0.097   0.000  ALU/Z<15>3 (banderas_aux<1>)
     FDCE_1:D                  0.008          U_de_C/REGISTRO_EDO/f_aux_1
    ----------------------------------------
    Total                      9.868ns (2.753ns logic, 7.115ns route)
                                       (27.9% logic, 72.1% route)

=========================================================================
Timing constraint: Default period analysis for Clock 'clk'
  Clock period: 2.082ns (frequency: 480.238MHz)
  Total number of paths / destination ports: 406 / 28
-------------------------------------------------------------------------
Delay:               2.082ns (Levels of Logic = 29)
  Source:            DIV_FREC/cont_0 (FF)
  Destination:       DIV_FREC/cont_27 (FF)
  Source Clock:      clk rising
  Destination Clock: clk rising

  Data Path: DIV_FREC/cont_0 to DIV_FREC/cont_27
                                Gate     Net
    Cell:in->out      fanout   Delay   Delay  Logical Name (Net Name)
    ----------------------------------------  ------------
     FDC:C->Q              1   0.361   0.279  DIV_FREC/cont_0 (DIV_FREC/cont_0)
     INV:I->O              1   0.113   0.000  DIV_FREC/Mcount_cont_lut<0>_INV_0 (DIV_FREC/Mcount_cont_lut<0>)
     MUXCY:S->O            1   0.353   0.000  DIV_FREC/Mcount_cont_cy<0> (DIV_FREC/Mcount_cont_cy<0>)
     MUXCY:CI->O           1   0.023   0.000  DIV_FREC/Mcount_cont_cy<1> (DIV_FREC/Mcount_cont_cy<1>)
     MUXCY:CI->O           1   0.023   0.000  DIV_FREC/Mcount_cont_cy<2> (DIV_FREC/Mcount_cont_cy<2>)
     MUXCY:CI->O           1   0.023   0.000  DIV_FREC/Mcount_cont_cy<3> (DIV_FREC/Mcount_cont_cy<3>)
     MUXCY:CI->O           1   0.023   0.000  DIV_FREC/Mcount_cont_cy<4> (DIV_FREC/Mcount_cont_cy<4>)
     MUXCY:CI->O           1   0.023   0.000  DIV_FREC/Mcount_cont_cy<5> (DIV_FREC/Mcount_cont_cy<5>)
     MUXCY:CI->O           1   0.023   0.000  DIV_FREC/Mcount_cont_cy<6> (DIV_FREC/Mcount_cont_cy<6>)
     MUXCY:CI->O           1   0.023   0.000  DIV_FREC/Mcount_cont_cy<7> (DIV_FREC/Mcount_cont_cy<7>)
     MUXCY:CI->O           1   0.023   0.000  DIV_FREC/Mcount_cont_cy<8> (DIV_FREC/Mcount_cont_cy<8>)
     MUXCY:CI->O           1   0.023   0.000  DIV_FREC/Mcount_cont_cy<9> (DIV_FREC/Mcount_cont_cy<9>)
     MUXCY:CI->O           1   0.023   0.000  DIV_FREC/Mcount_cont_cy<10> (DIV_FREC/Mcount_cont_cy<10>)
     MUXCY:CI->O           1   0.023   0.000  DIV_FREC/Mcount_cont_cy<11> (DIV_FREC/Mcount_cont_cy<11>)
     MUXCY:CI->O           1   0.023   0.000  DIV_FREC/Mcount_cont_cy<12> (DIV_FREC/Mcount_cont_cy<12>)
     MUXCY:CI->O           1   0.023   0.000  DIV_FREC/Mcount_cont_cy<13> (DIV_FREC/Mcount_cont_cy<13>)
     MUXCY:CI->O           1   0.023   0.000  DIV_FREC/Mcount_cont_cy<14> (DIV_FREC/Mcount_cont_cy<14>)
     MUXCY:CI->O           1   0.023   0.000  DIV_FREC/Mcount_cont_cy<15> (DIV_FREC/Mcount_cont_cy<15>)
     MUXCY:CI->O           1   0.023   0.000  DIV_FREC/Mcount_cont_cy<16> (DIV_FREC/Mcount_cont_cy<16>)
     MUXCY:CI->O           1   0.023   0.000  DIV_FREC/Mcount_cont_cy<17> (DIV_FREC/Mcount_cont_cy<17>)
     MUXCY:CI->O           1   0.023   0.000  DIV_FREC/Mcount_cont_cy<18> (DIV_FREC/Mcount_cont_cy<18>)
     MUXCY:CI->O           1   0.023   0.000  DIV_FREC/Mcount_cont_cy<19> (DIV_FREC/Mcount_cont_cy<19>)
     MUXCY:CI->O           1   0.023   0.000  DIV_FREC/Mcount_cont_cy<20> (DIV_FREC/Mcount_cont_cy<20>)
     MUXCY:CI->O           1   0.023   0.000  DIV_FREC/Mcount_cont_cy<21> (DIV_FREC/Mcount_cont_cy<21>)
     MUXCY:CI->O           1   0.023   0.000  DIV_FREC/Mcount_cont_cy<22> (DIV_FREC/Mcount_cont_cy<22>)
     MUXCY:CI->O           1   0.023   0.000  DIV_FREC/Mcount_cont_cy<23> (DIV_FREC/Mcount_cont_cy<23>)
     MUXCY:CI->O           1   0.023   0.000  DIV_FREC/Mcount_cont_cy<24> (DIV_FREC/Mcount_cont_cy<24>)
     MUXCY:CI->O           1   0.023   0.000  DIV_FREC/Mcount_cont_cy<25> (DIV_FREC/Mcount_cont_cy<25>)
     MUXCY:CI->O           0   0.023   0.000  DIV_FREC/Mcount_cont_cy<26> (DIV_FREC/Mcount_cont_cy<26>)
     XORCY:CI->O           1   0.370   0.000  DIV_FREC/Mcount_cont_xor<27> (Result<27>)
     FDC:D                     0.008          DIV_FREC/cont_27
    ----------------------------------------
    Total                      2.082ns (1.803ns logic, 0.279ns route)
                                       (86.6% logic, 13.4% route)

=========================================================================
Timing constraint: Default OFFSET IN BEFORE for Clock 'clk'
  Total number of paths / destination ports: 29 / 29
-------------------------------------------------------------------------
Offset:              0.736ns (Levels of Logic = 1)
  Source:            clr (PAD)
  Destination:       DIV_FREC/cont_0 (FF)
  Destination Clock: clk rising

  Data Path: clr to DIV_FREC/cont_0
                                Gate     Net
    Cell:in->out      fanout   Delay   Delay  Logical Name (Net Name)
    ----------------------------------------  ------------
     IBUF:I->O            29   0.001   0.386  clr_IBUF (clr_IBUF)
     FDC:CLR                   0.349          DIV_FREC/cont_0
    ----------------------------------------
    Total                      0.736ns (0.350ns logic, 0.386ns route)
                                       (47.6% logic, 52.4% route)

=========================================================================
Timing constraint: Default OFFSET OUT AFTER for Clock 'DIV_FREC/cont_27'
  Total number of paths / destination ports: 115288600 / 24
-------------------------------------------------------------------------
Offset:              9.744ns (Levels of Logic = 20)
  Source:            PILA_Comp/aux_4_1 (FF)
  Destination:       salida<15> (PAD)
  Source Clock:      DIV_FREC/cont_27 rising

  Data Path: PILA_Comp/aux_4_1 to salida<15>
                                Gate     Net
    Cell:in->out      fanout   Delay   Delay  Logical Name (Net Name)
    ----------------------------------------  ------------
     FDCE:C->Q             2   0.361   0.698  PILA_Comp/aux_4_1 (PILA_Comp/aux_4_1)
     LUT6:I0->O            1   0.097   0.000  PILA_Comp/mux7_3 (PILA_Comp/mux7_3)
     MUXF7:I1->O          38   0.279   0.801  PILA_Comp/mux7_2_f7 (PC_fin_out_1_OBUF)
     LUT6:I0->O            1   0.097   0.379  MEM_PROGR/Mram_instruccion62114_SW1 (N141)
     LUT6:I4->O           13   0.097   0.351  MEM_PROGR/Mram_instruccion62115 (instruccion_aux<21>)
     LUT5:I4->O            1   0.097   0.379  U_de_C/Mmux_mux_Opcode12_SW0 (N729)
     LUT6:I4->O           12   0.097   0.430  U_de_C/Mmux_mux_Opcode12 (U_de_C/mux_Opcode<0>)
     LUT6:I4->O            8   0.097   0.411  U_de_C/Mmux_salida1821 (U_de_C/Mmux_salida182)
     LUT6:I4->O            2   0.097   0.284  Mmux_rreg2_aux31_1 (Mmux_rreg2_aux31)
     MUXF7:S->O            1   0.335   0.000  AR/mux24_4_f7 (AR/mux24_4_f7)
     MUXF8:I0->O           9   0.218   0.332  AR/mux24_2_f8 (rdata2_aux<2>)
     LUT4:I3->O            2   0.097   0.516  ALU/ALU03/Mxor_b_aux_xo<0>1 (ALU/ALU03/b_aux)
     LUT6:I3->O            3   0.097   0.305  ALU/ALU03/cout_aux1 (ALU/carries<2>)
     LUT6:I5->O            3   0.097   0.305  ALU/ALU05/cout_aux1 (ALU/carries<4>)
     LUT6:I5->O            3   0.097   0.305  ALU/ALU07/cout_aux1 (ALU/carries<6>)
     LUT6:I5->O            3   0.097   0.305  ALU/ALU09/cout_aux1 (ALU/carries<8>)
     LUT6:I5->O            7   0.097   0.323  ALU/ALU10/Mmux_resul_aux11 (alu_o<9>)
     LUT3:I2->O           37   0.097   0.403  SDMD/Mmux_sal_a111 (sdmd_o<9>)
     LUT6:I5->O            1   0.097   0.000  inst_LPM_MUX_3 (inst_LPM_MUX_3)
     MUXF7:I1->O           3   0.279   0.289  inst_LPM_MUX_2_f7 (salida_0_OBUF)
     OBUF:I->O                 0.000          salida_0_OBUF (salida<0>)
    ----------------------------------------
    Total                      9.744ns (2.927ns logic, 6.817ns route)
                                       (30.0% logic, 70.0% route)

=========================================================================

Cross Clock Domains Report:
--------------------------

Clock to Setup on destination clock DIV_FREC/cont_27
----------------+---------+---------+---------+---------+
                | Src:Rise| Src:Fall| Src:Rise| Src:Fall|
Source Clock    |Dest:Rise|Dest:Rise|Dest:Fall|Dest:Fall|
----------------+---------+---------+---------+---------+
DIV_FREC/cont_27|   10.410|    8.320|    9.868|         |
clk             |         |    1.155|    1.155|         |
----------------+---------+---------+---------+---------+

Clock to Setup on destination clock clk
---------------+---------+---------+---------+---------+
               | Src:Rise| Src:Fall| Src:Rise| Src:Fall|
Source Clock   |Dest:Rise|Dest:Rise|Dest:Fall|Dest:Fall|
---------------+---------+---------+---------+---------+
clk            |    2.082|         |         |         |
---------------+---------+---------+---------+---------+

=========================================================================


Total REAL time to Xst completion: 30.00 secs
Total CPU time to Xst completion: 30.58 secs
 
--> 

Total memory usage is 513848 kilobytes

Number of errors   :    0 (   0 filtered)
Number of warnings :   11 (   0 filtered)
Number of infos    :    9 (   0 filtered)

