Command line:
   DETECT_FINAL_isim_beh.exe
     -simmode  gui
     -simrunnum  0
     -socket  58772

Thu Oct 26 19:39:18 2017


 Elaboration Time: 0.046875 sec

 Current Memory Usage: 842.17 Meg

 Total Signals          : 26
 Total Nets             : 37
 Total Signal Drivers   : 15
 Total Blocks           : 7
 Total Primitive Blocks : 6
 Total Processes        : 11
 Total Traceable Variables  : 10
 Total Scalar Nets and Variables : 415
Total Line Count : 35

 Total Simulation Time: 0.0625 sec

 Current Memory Usage: 842.17 Meg

Thu Oct 26 19:52:14 2017

