Release 14.7 - xst P.20131013 (nt64)
Copyright (c) 1995-2013 Xilinx, Inc.  All rights reserved.
--> Parameter TMPDIR set to xst/projnav.tmp


Total REAL time to Xst completion: 0.00 secs
Total CPU time to Xst completion: 0.14 secs
 
--> Parameter xsthdpdir set to xst


Total REAL time to Xst completion: 0.00 secs
Total CPU time to Xst completion: 0.14 secs
 
--> Reading design: ESCOMips.prj

TABLE OF CONTENTS
  1) Synthesis Options Summary
  2) HDL Parsing
  3) HDL Elaboration
  4) HDL Synthesis
       4.1) HDL Synthesis Report
  5) Advanced HDL Synthesis
       5.1) Advanced HDL Synthesis Report
  6) Low Level Synthesis
  7) Partition Report
  8) Design Summary
       8.1) Primitive and Black Box Usage
       8.2) Device utilization summary
       8.3) Partition Resource Summary
       8.4) Timing Report
            8.4.1) Clock Information
            8.4.2) Asynchronous Control Signals Information
            8.4.3) Timing Summary
            8.4.4) Timing Details
            8.4.5) Cross Clock Domains Report


=========================================================================
*                      Synthesis Options Summary                        *
=========================================================================
---- Source Parameters
Input File Name                    : "ESCOMips.prj"
Ignore Synthesis Constraint File   : NO

---- Target Parameters
Output File Name                   : "ESCOMips"
Output Format                      : NGC
Target Device                      : xc7a100t-3-csg324

---- Source Options
Top Module Name                    : ESCOMips
Automatic FSM Extraction           : YES
FSM Encoding Algorithm             : Auto
Safe Implementation                : No
FSM Style                          : LUT
RAM Extraction                     : Yes
RAM Style                          : Auto
ROM Extraction                     : Yes
Shift Register Extraction          : YES
ROM Style                          : Auto
Resource Sharing                   : YES
Asynchronous To Synchronous        : NO
Shift Register Minimum Size        : 2
Use DSP Block                      : Auto
Automatic Register Balancing       : No

---- Target Options
LUT Combining                      : Auto
Reduce Control Sets                : Auto
Add IO Buffers                     : YES
Global Maximum Fanout              : 100000
Add Generic Clock Buffer(BUFG)     : 32
Register Duplication               : YES
Optimize Instantiated Primitives   : NO
Use Clock Enable                   : Auto
Use Synchronous Set                : Auto
Use Synchronous Reset              : Auto
Pack IO Registers into IOBs        : Auto
Equivalent register Removal        : YES

---- General Options
Optimization Goal                  : Speed
Optimization Effort                : 1
Power Reduction                    : NO
Keep Hierarchy                     : No
Netlist Hierarchy                  : As_Optimized
RTL Output                         : Yes
Global Optimization                : AllClockNets
Read Cores                         : YES
Write Timing Constraints           : NO
Cross Clock Analysis               : NO
Hierarchy Separator                : /
Bus Delimiter                      : <>
Case Specifier                     : Maintain
Slice Utilization Ratio            : 100
BRAM Utilization Ratio             : 100
DSP48 Utilization Ratio            : 100
Auto BRAM Packing                  : NO
Slice Utilization Ratio Delta      : 5

=========================================================================


=========================================================================
*                          HDL Parsing                                  *
=========================================================================
Parsing VHDL file "C:\Users\iAngelMx\Documents\GitHub\arqCompVHDL\Colaborativo_JORGE\ESCOMips\unidadControlPackage.vhd" into library work
Parsing package <unidadControlPackage>.
Parsing package body <unidadControlPackage>.
Parsing VHDL file "C:\Users\iAngelMx\Documents\GitHub\arqCompVHDL\Colaborativo_JORGE\ESCOMips\UC.vhd" into library work
Parsing entity <UC>.
Parsing architecture <Behavioral> of entity <uc>.
Parsing VHDL file "C:\Users\iAngelMx\Documents\GitHub\arqCompVHDL\Colaborativo_JORGE\ESCOMips\regBanderas.vhd" into library work
Parsing entity <regBanderas>.
Parsing architecture <Behavioral> of entity <regbanderas>.
Parsing VHDL file "C:\Users\iAngelMx\Documents\GitHub\arqCompVHDL\Colaborativo_JORGE\ESCOMips\nivelC.vhd" into library work
Parsing entity <nivelC>.
Parsing architecture <Behavioral> of entity <nivelc>.
Parsing VHDL file "C:\Users\iAngelMx\Documents\GitHub\arqCompVHDL\Colaborativo_JORGE\ESCOMips\MUXSEL.vhd" into library work
Parsing entity <mux2>.
Parsing architecture <Behavioral> of entity <mux2>.
Parsing VHDL file "C:\Users\iAngelMx\Documents\GitHub\arqCompVHDL\Colaborativo_JORGE\ESCOMips\MUXOP.vhd" into library work
Parsing entity <mux1>.
Parsing architecture <Behavioral> of entity <mux1>.
Parsing VHDL file "C:\Users\iAngelMx\Documents\GitHub\arqCompVHDL\Colaborativo_JORGE\ESCOMips\decoInst.vhd" into library work
Parsing entity <decoInst>.
Parsing architecture <Behavioral> of entity <decoinst>.
Parsing VHDL file "C:\Users\iAngelMx\Documents\GitHub\arqCompVHDL\Colaborativo_JORGE\ESCOMips\condicion.vhd" into library work
Parsing entity <condicion>.
Parsing architecture <Behavioral> of entity <condicion>.
Parsing VHDL file "C:\Users\iAngelMx\Documents\GitHub\arqCompVHDL\Colaborativo_JORGE\ESCOMips\codOP.vhd" into library work
Parsing entity <codOP>.
Parsing architecture <Behavioral> of entity <codop>.
Parsing VHDL file "C:\Users\iAngelMx\Documents\GitHub\arqCompVHDL\Colaborativo_JORGE\ESCOMips\codFUN.vhd" into library work
Parsing entity <codFUN>.
Parsing architecture <Behavioral> of entity <codfun>.
Parsing VHDL file "C:\Users\iAngelMx\Documents\GitHub\arqCompVHDL\Colaborativo_JORGE\ESCOMips\unidadControl.vhd" into library work
Parsing entity <unidadControl>.
Parsing architecture <Behavioral> of entity <unidadcontrol>.
Parsing VHDL file "C:\Users\iAngelMx\Documents\GitHub\arqCompVHDL\Colaborativo_JORGE\ESCOMips\registros.vhd" into library work
Parsing entity <registros>.
Parsing architecture <Behavioral> of entity <registros>.
Parsing VHDL file "C:\Users\iAngelMx\Documents\GitHub\arqCompVHDL\Colaborativo_JORGE\ESCOMips\pila.vhd" into library work
Parsing entity <pila>.
Parsing architecture <Behavioral> of entity <pila>.
Parsing VHDL file "C:\Users\iAngelMx\Documents\GitHub\arqCompVHDL\Colaborativo_JORGE\ESCOMips\memProg.vhd" into library work
Parsing entity <memProg>.
Parsing architecture <Behavioral> of entity <memprog>.
Parsing VHDL file "C:\Users\iAngelMx\Documents\GitHub\arqCompVHDL\Colaborativo_JORGE\ESCOMips\memDatos.vhd" into library work
Parsing entity <memDatos>.
Parsing architecture <Behavioral> of entity <memdatos>.
Parsing VHDL file "C:\Users\iAngelMx\Documents\GitHub\arqCompVHDL\Colaborativo_JORGE\ESCOMips\extSigno.vhd" into library work
Parsing entity <extSigno>.
Parsing architecture <Behavioral> of entity <extsigno>.
Parsing VHDL file "C:\Users\iAngelMx\Documents\GitHub\arqCompVHDL\Colaborativo_JORGE\ESCOMips\extDireccion.vhd" into library work
Parsing entity <extDireccion>.
Parsing architecture <Behavioral> of entity <extdireccion>.
Parsing VHDL file "C:\Users\iAngelMx\Documents\GitHub\arqCompVHDL\Colaborativo_JORGE\ESCOMips\ESCOMipsPackage.vhd" into library work
Parsing package <ESCOMipsPackage>.
Parsing package body <ESCOMipsPackage>.
Parsing VHDL file "C:\Users\iAngelMx\Documents\GitHub\arqCompVHDL\Colaborativo_JORGE\ESCOMips\ALU16.vhd" into library work
Parsing entity <ALU16>.
Parsing architecture <operaciones> of entity <alu16>.
Parsing VHDL file "C:\Users\iAngelMx\Documents\GitHub\arqCompVHDL\Colaborativo_JORGE\ESCOMips\ESCOMips.vhd" into library work
Parsing entity <ESCOMips>.
Parsing architecture <Behavioral> of entity <escomips>.

=========================================================================
*                            HDL Elaboration                            *
=========================================================================

Elaborating entity <ESCOMips> (architecture <Behavioral>) with generics from library <work>.

Elaborating entity <pila> (architecture <Behavioral>) with generics from library <work>.

Elaborating entity <memProg> (architecture <Behavioral>) with generics from library <work>.

Elaborating entity <unidadControl> (architecture <Behavioral>) from library <work>.

Elaborating entity <regBanderas> (architecture <Behavioral>) from library <work>.

Elaborating entity <condicion> (architecture <Behavioral>) from library <work>.

Elaborating entity <nivelC> (architecture <Behavioral>) from library <work>.

Elaborating entity <decoInst> (architecture <Behavioral>) from library <work>.

Elaborating entity <UC> (architecture <Behavioral>) from library <work>.

Elaborating entity <mux1> (architecture <Behavioral>) from library <work>.

Elaborating entity <codOP> (architecture <Behavioral>) with generics from library <work>.

Elaborating entity <codFUN> (architecture <Behavioral>) with generics from library <work>.

Elaborating entity <mux2> (architecture <Behavioral>) from library <work>.

Elaborating entity <registros> (architecture <Behavioral>) with generics from library <work>.

Elaborating entity <extSigno> (architecture <Behavioral>) with generics from library <work>.

Elaborating entity <extDireccion> (architecture <Behavioral>) with generics from library <work>.

Elaborating entity <ALU16> (architecture <operaciones>) with generics from library <work>.

Elaborating entity <memDatos> (architecture <Behavioral>) with generics from library <work>.

=========================================================================
*                           HDL Synthesis                               *
=========================================================================

Synthesizing Unit <ESCOMips>.
    Related source file is "C:\Users\iAngelMx\Documents\GitHub\arqCompVHDL\Colaborativo_JORGE\ESCOMips\ESCOMips.vhd".
        N = 16
    Summary:
	inferred   8 Multiplexer(s).
Unit <ESCOMips> synthesized.

Synthesizing Unit <pila>.
    Related source file is "C:\Users\iAngelMx\Documents\GitHub\arqCompVHDL\Colaborativo_JORGE\ESCOMips\pila.vhd".
        busT = 16
        tamSP = 3
    Found 16-bit register for signal <pila<1>>.
    Found 16-bit register for signal <pila<2>>.
    Found 16-bit register for signal <pila<3>>.
    Found 16-bit register for signal <pila<4>>.
    Found 16-bit register for signal <pila<5>>.
    Found 16-bit register for signal <pila<6>>.
    Found 16-bit register for signal <pila<7>>.
    Found 16-bit register for signal <pila<0>>.
    Found 3-bit register for signal <SP>.
    Found 3-bit adder for signal <SP[2]_GND_7_o_add_9_OUT> created at line 45.
    Found 16-bit adder for signal <GND_7_o_GND_7_o_add_21_OUT> created at line 49.
    Found 16-bit adder for signal <SP[2]_GND_7_o_add_32_OUT> created at line 51.
    Found 3-bit subtractor for signal <GND_7_o_GND_7_o_sub_20_OUT<2:0>> created at line 48.
    Found 16-bit 8-to-1 multiplexer for signal <n0176> created at line 49.
    Found 16-bit 8-to-1 multiplexer for signal <programCounter> created at line 55.
    Summary:
	inferred   4 Adder/Subtractor(s).
	inferred 131 D-type flip-flop(s).
	inferred  27 Multiplexer(s).
Unit <pila> synthesized.

Synthesizing Unit <memProg>.
    Related source file is "C:\Users\iAngelMx\Documents\GitHub\arqCompVHDL\Colaborativo_JORGE\ESCOMips\memProg.vhd".
        palabra = 25
        busT = 11
    Found 2048x25-bit Read Only RAM for signal <data>
    Summary:
	inferred   1 RAM(s).
Unit <memProg> synthesized.

Synthesizing Unit <unidadControl>.
    Related source file is "C:\Users\iAngelMx\Documents\GitHub\arqCompVHDL\Colaborativo_JORGE\ESCOMips\unidadControl.vhd".
    Summary:
	no macro.
Unit <unidadControl> synthesized.

Synthesizing Unit <regBanderas>.
    Related source file is "C:\Users\iAngelMx\Documents\GitHub\arqCompVHDL\Colaborativo_JORGE\ESCOMips\regBanderas.vhd".
    Found 1-bit register for signal <N>.
    Found 1-bit register for signal <Z>.
    Found 1-bit register for signal <C>.
    Found 1-bit register for signal <OV>.
    Summary:
	inferred   4 D-type flip-flop(s).
Unit <regBanderas> synthesized.

Synthesizing Unit <condicion>.
    Related source file is "C:\Users\iAngelMx\Documents\GitHub\arqCompVHDL\Colaborativo_JORGE\ESCOMips\condicion.vhd".
WARNING:Xst:647 - Input <OV> is never used. This port will be preserved and left unconnected if it belongs to a top-level block or it belongs to a sub-block and the hierarchy of this sub-block is preserved.
WARNING:Xst:647 - Input <N> is never used. This port will be preserved and left unconnected if it belongs to a top-level block or it belongs to a sub-block and the hierarchy of this sub-block is preserved.
    Summary:
	no macro.
Unit <condicion> synthesized.

Synthesizing Unit <nivelC>.
    Related source file is "C:\Users\iAngelMx\Documents\GitHub\arqCompVHDL\Colaborativo_JORGE\ESCOMips\nivelC.vhd".
    Found 1-bit register for signal <NCLK>.
    Found 1-bit register for signal <PCLK>.
    Summary:
	inferred   2 D-type flip-flop(s).
Unit <nivelC> synthesized.

Synthesizing Unit <decoInst>.
    Related source file is "C:\Users\iAngelMx\Documents\GitHub\arqCompVHDL\Colaborativo_JORGE\ESCOMips\decoInst.vhd".
    Found 32x7-bit Read Only RAM for signal <_n0040>
    Summary:
	inferred   1 RAM(s).
Unit <decoInst> synthesized.

Synthesizing Unit <UC>.
    Related source file is "C:\Users\iAngelMx\Documents\GitHub\arqCompVHDL\Colaborativo_JORGE\ESCOMips\UC.vhd".
WARNING:Xst:647 - Input <CLK> is never used. This port will be preserved and left unconnected if it belongs to a top-level block or it belongs to a sub-block and the hierarchy of this sub-block is preserved.
WARNING:Xst:647 - Input <CLR> is never used. This port will be preserved and left unconnected if it belongs to a top-level block or it belongs to a sub-block and the hierarchy of this sub-block is preserved.
    Summary:
	inferred  13 Multiplexer(s).
Unit <UC> synthesized.

Synthesizing Unit <mux1>.
    Related source file is "C:\Users\iAngelMx\Documents\GitHub\arqCompVHDL\Colaborativo_JORGE\ESCOMips\MUXOP.vhd".
    Summary:
	inferred   1 Multiplexer(s).
Unit <mux1> synthesized.

Synthesizing Unit <codOP>.
    Related source file is "C:\Users\iAngelMx\Documents\GitHub\arqCompVHDL\Colaborativo_JORGE\ESCOMips\codOP.vhd".
        palabra = 20
        busT = 5
    Found 32x20-bit Read Only RAM for signal <data>
    Summary:
	inferred   1 RAM(s).
Unit <codOP> synthesized.

Synthesizing Unit <codFUN>.
    Related source file is "C:\Users\iAngelMx\Documents\GitHub\arqCompVHDL\Colaborativo_JORGE\ESCOMips\codFUN.vhd".
        palabra = 20
        busT = 4
        wordSize = 20
    Found 16x20-bit Read Only RAM for signal <data>
    Summary:
	inferred   1 RAM(s).
Unit <codFUN> synthesized.

Synthesizing Unit <mux2>.
    Related source file is "C:\Users\iAngelMx\Documents\GitHub\arqCompVHDL\Colaborativo_JORGE\ESCOMips\MUXSEL.vhd".
    Summary:
	inferred   1 Multiplexer(s).
Unit <mux2> synthesized.

Synthesizing Unit <registros>.
    Related source file is "C:\Users\iAngelMx\Documents\GitHub\arqCompVHDL\Colaborativo_JORGE\ESCOMips\registros.vhd".
        n = 16
    Found 16-bit register for signal <banco<1>>.
    Found 16-bit register for signal <banco<2>>.
    Found 16-bit register for signal <banco<3>>.
    Found 16-bit register for signal <banco<4>>.
    Found 16-bit register for signal <banco<5>>.
    Found 16-bit register for signal <banco<6>>.
    Found 16-bit register for signal <banco<7>>.
    Found 16-bit register for signal <banco<8>>.
    Found 16-bit register for signal <banco<9>>.
    Found 16-bit register for signal <banco<10>>.
    Found 16-bit register for signal <banco<11>>.
    Found 16-bit register for signal <banco<12>>.
    Found 16-bit register for signal <banco<13>>.
    Found 16-bit register for signal <banco<14>>.
    Found 16-bit register for signal <banco<15>>.
    Found 16-bit register for signal <banco<0>>.
    Found 16-bit shifter logical right for signal <readRegister1[3]_SHAMT[3]_shift_right_34_OUT> created at line 48
    Found 16-bit shifter logical left for signal <readRegister1[3]_SHAMT[3]_shift_left_69_OUT> created at line 54
INFO:Xst:3019 - HDL ADVISOR - 256 flip-flops were inferred for signal <banco>. You may be trying to describe a RAM in a way that is incompatible with block and distributed RAM resources available on Xilinx devices, or with a specific template that is not supported. Please review the Xilinx resources documentation and the XST user manual for coding guidelines. Taking advantage of RAM resources will lead to improved device usage and reduced synthesis time.
INFO:Xst:3019 - HDL ADVISOR - 256 flip-flops were inferred for signal <banco>. You may be trying to describe a RAM in a way that is incompatible with block and distributed RAM resources available on Xilinx devices, or with a specific template that is not supported. Please review the Xilinx resources documentation and the XST user manual for coding guidelines. Taking advantage of RAM resources will lead to improved device usage and reduced synthesis time.
    Found 16-bit 16-to-1 multiplexer for signal <readData1> created at line 61.
    Found 16-bit 16-to-1 multiplexer for signal <readData2> created at line 62.
    Summary:
	inferred 256 D-type flip-flop(s).
	inferred  98 Multiplexer(s).
	inferred   2 Combinational logic shifter(s).
Unit <registros> synthesized.

Synthesizing Unit <extSigno>.
    Related source file is "C:\Users\iAngelMx\Documents\GitHub\arqCompVHDL\Colaborativo_JORGE\ESCOMips\extSigno.vhd".
        N = 12
        S = 16
    Summary:
	no macro.
Unit <extSigno> synthesized.

Synthesizing Unit <extDireccion>.
    Related source file is "C:\Users\iAngelMx\Documents\GitHub\arqCompVHDL\Colaborativo_JORGE\ESCOMips\extDireccion.vhd".
        N = 12
        S = 16
    Summary:
	no macro.
Unit <extDireccion> synthesized.

Synthesizing Unit <ALU16>.
    Related source file is "C:\Users\iAngelMx\Documents\GitHub\arqCompVHDL\Colaborativo_JORGE\ESCOMips\ALU16.vhd".
        N = 16
    Found 1-bit 4-to-1 multiplexer for signal <res<0>> created at line 26.
    Found 1-bit 4-to-1 multiplexer for signal <res<1>> created at line 26.
    Found 1-bit 4-to-1 multiplexer for signal <res<2>> created at line 26.
    Found 1-bit 4-to-1 multiplexer for signal <res<3>> created at line 26.
    Found 1-bit 4-to-1 multiplexer for signal <res<4>> created at line 26.
    Found 1-bit 4-to-1 multiplexer for signal <res<5>> created at line 26.
    Found 1-bit 4-to-1 multiplexer for signal <res<6>> created at line 26.
    Found 1-bit 4-to-1 multiplexer for signal <res<7>> created at line 26.
    Found 1-bit 4-to-1 multiplexer for signal <res<8>> created at line 26.
    Found 1-bit 4-to-1 multiplexer for signal <res<9>> created at line 26.
    Found 1-bit 4-to-1 multiplexer for signal <res<10>> created at line 26.
    Found 1-bit 4-to-1 multiplexer for signal <res<11>> created at line 26.
    Found 1-bit 4-to-1 multiplexer for signal <res<12>> created at line 26.
    Found 1-bit 4-to-1 multiplexer for signal <res<13>> created at line 26.
    Found 1-bit 4-to-1 multiplexer for signal <res<14>> created at line 26.
    Found 1-bit 4-to-1 multiplexer for signal <res<15>> created at line 26.
    Summary:
	inferred  18 Multiplexer(s).
Unit <ALU16> synthesized.

Synthesizing Unit <memDatos>.
    Related source file is "C:\Users\iAngelMx\Documents\GitHub\arqCompVHDL\Colaborativo_JORGE\ESCOMips\memDatos.vhd".
        palabra = 16
        busT = 11
    Found 2048x16-bit single-port RAM <Mram_salida> for signal <salida>.
    Summary:
	inferred   1 RAM(s).
Unit <memDatos> synthesized.

=========================================================================
HDL Synthesis Report

Macro Statistics
# RAMs                                                 : 5
 16x20-bit single-port Read Only RAM                   : 1
 2048x16-bit single-port RAM                           : 1
 2048x25-bit single-port Read Only RAM                 : 1
 32x20-bit single-port Read Only RAM                   : 1
 32x7-bit single-port Read Only RAM                    : 1
# Adders/Subtractors                                   : 4
 16-bit adder                                          : 2
 3-bit adder                                           : 1
 3-bit subtractor                                      : 1
# Registers                                            : 31
 1-bit register                                        : 6
 16-bit register                                       : 24
 3-bit register                                        : 1
# Multiplexers                                         : 166
 1-bit 2-to-1 multiplexer                              : 15
 1-bit 4-to-1 multiplexer                              : 16
 16-bit 16-to-1 multiplexer                            : 2
 16-bit 2-to-1 multiplexer                             : 127
 16-bit 8-to-1 multiplexer                             : 2
 20-bit 2-to-1 multiplexer                             : 1
 3-bit 2-to-1 multiplexer                              : 1
 4-bit 2-to-1 multiplexer                              : 1
 5-bit 2-to-1 multiplexer                              : 1
# Logic shifters                                       : 2
 16-bit shifter logical left                           : 1
 16-bit shifter logical right                          : 1
# Xors                                                 : 66
 1-bit xor2                                            : 66

=========================================================================

=========================================================================
*                       Advanced HDL Synthesis                          *
=========================================================================


Synthesizing (advanced) Unit <codFUN>.
INFO:Xst:3218 - HDL ADVISOR - The RAM <Mram_data> will be implemented on LUTs either because you have described an asynchronous read or because of currently unsupported block RAM features. If you have described an asynchronous read, making it synchronous would allow you to take advantage of available block RAM resources, for optimized device usage and improved timings. Please refer to your documentation for coding guidelines.
    -----------------------------------------------------------------------
    | ram_type           | Distributed                         |          |
    -----------------------------------------------------------------------
    | Port A                                                              |
    |     aspect ratio   | 16-word x 20-bit                    |          |
    |     weA            | connected to signal <GND>           | high     |
    |     addrA          | connected to signal <dir>           |          |
    |     diA            | connected to signal <GND>           |          |
    |     doA            | connected to signal <data>          |          |
    -----------------------------------------------------------------------
Unit <codFUN> synthesized (advanced).

Synthesizing (advanced) Unit <codOP>.
INFO:Xst:3218 - HDL ADVISOR - The RAM <Mram_data> will be implemented on LUTs either because you have described an asynchronous read or because of currently unsupported block RAM features. If you have described an asynchronous read, making it synchronous would allow you to take advantage of available block RAM resources, for optimized device usage and improved timings. Please refer to your documentation for coding guidelines.
    -----------------------------------------------------------------------
    | ram_type           | Distributed                         |          |
    -----------------------------------------------------------------------
    | Port A                                                              |
    |     aspect ratio   | 32-word x 20-bit                    |          |
    |     weA            | connected to signal <GND>           | high     |
    |     addrA          | connected to signal <dir>           |          |
    |     diA            | connected to signal <GND>           |          |
    |     doA            | connected to signal <data>          |          |
    -----------------------------------------------------------------------
Unit <codOP> synthesized (advanced).

Synthesizing (advanced) Unit <decoInst>.
INFO:Xst:3218 - HDL ADVISOR - The RAM <Mram__n0040> will be implemented on LUTs either because you have described an asynchronous read or because of currently unsupported block RAM features. If you have described an asynchronous read, making it synchronous would allow you to take advantage of available block RAM resources, for optimized device usage and improved timings. Please refer to your documentation for coding guidelines.
    -----------------------------------------------------------------------
    | ram_type           | Distributed                         |          |
    -----------------------------------------------------------------------
    | Port A                                                              |
    |     aspect ratio   | 32-word x 7-bit                     |          |
    |     weA            | connected to signal <GND>           | high     |
    |     addrA          | connected to signal <op_code>       |          |
    |     diA            | connected to signal <GND>           |          |
    |     doA            | connected to internal node          |          |
    -----------------------------------------------------------------------
Unit <decoInst> synthesized (advanced).

Synthesizing (advanced) Unit <memDatos>.
INFO:Xst:3218 - HDL ADVISOR - The RAM <Mram_salida> will be implemented on LUTs either because you have described an asynchronous read or because of currently unsupported block RAM features. If you have described an asynchronous read, making it synchronous would allow you to take advantage of available block RAM resources, for optimized device usage and improved timings. Please refer to your documentation for coding guidelines.
    -----------------------------------------------------------------------
    | ram_type           | Distributed                         |          |
    -----------------------------------------------------------------------
    | Port A                                                              |
    |     aspect ratio   | 2048-word x 16-bit                  |          |
    |     clkA           | connected to signal <clk>           | rise     |
    |     weA            | connected to signal <WD>            | high     |
    |     addrA          | connected to signal <dir>           |          |
    |     diA            | connected to signal <d_in>          |          |
    |     doA            | connected to internal node          |          |
    -----------------------------------------------------------------------
Unit <memDatos> synthesized (advanced).

Synthesizing (advanced) Unit <memProg>.
INFO:Xst:3218 - HDL ADVISOR - The RAM <Mram_data> will be implemented on LUTs either because you have described an asynchronous read or because of currently unsupported block RAM features. If you have described an asynchronous read, making it synchronous would allow you to take advantage of available block RAM resources, for optimized device usage and improved timings. Please refer to your documentation for coding guidelines.
    -----------------------------------------------------------------------
    | ram_type           | Distributed                         |          |
    -----------------------------------------------------------------------
    | Port A                                                              |
    |     aspect ratio   | 2048-word x 25-bit                  |          |
    |     weA            | connected to signal <GND>           | high     |
    |     addrA          | connected to signal <dir>           |          |
    |     diA            | connected to signal <GND>           |          |
    |     doA            | connected to signal <data>          |          |
    -----------------------------------------------------------------------
Unit <memProg> synthesized (advanced).

=========================================================================
Advanced HDL Synthesis Report

Macro Statistics
# RAMs                                                 : 5
 16x20-bit single-port distributed Read Only RAM       : 1
 2048x16-bit single-port distributed RAM               : 1
 2048x25-bit single-port distributed Read Only RAM     : 1
 32x20-bit single-port distributed Read Only RAM       : 1
 32x7-bit single-port distributed Read Only RAM        : 1
# Adders/Subtractors                                   : 4
 16-bit adder                                          : 2
 3-bit adder                                           : 1
 3-bit subtractor                                      : 1
# Registers                                            : 393
 Flip-Flops                                            : 393
# Multiplexers                                         : 226
 1-bit 16-to-1 multiplexer                             : 32
 1-bit 2-to-1 multiplexer                              : 15
 1-bit 4-to-1 multiplexer                              : 16
 1-bit 8-to-1 multiplexer                              : 32
 16-bit 2-to-1 multiplexer                             : 127
 20-bit 2-to-1 multiplexer                             : 1
 3-bit 2-to-1 multiplexer                              : 1
 4-bit 2-to-1 multiplexer                              : 1
 5-bit 2-to-1 multiplexer                              : 1
# Logic shifters                                       : 2
 16-bit shifter logical left                           : 1
 16-bit shifter logical right                          : 1
# Xors                                                 : 66
 1-bit xor2                                            : 66

=========================================================================

=========================================================================
*                         Low Level Synthesis                           *
=========================================================================
WARNING:Xst:2677 - Node <banderas/OV> of sequential type is unconnected in block <unidadControl>.
WARNING:Xst:2677 - Node <banderas/N> of sequential type is unconnected in block <unidadControl>.

Optimizing unit <ESCOMips> ...

Optimizing unit <pila> ...

Optimizing unit <unidadControl> ...

Optimizing unit <registros> ...

Optimizing unit <ALU16> ...

Mapping all equations...
Building and optimizing final netlist ...
Found area constraint ratio of 100 (+ 5) on block ESCOMips, actual ratio is 2.
FlipFlop pilaP/SP_2 has been replicated 1 time(s)

Final Macro Processing ...

=========================================================================
Final Register Report

Macro Statistics
# Registers                                            : 392
 Flip-Flops                                            : 392

=========================================================================

=========================================================================
*                           Partition Report                            *
=========================================================================

Partition Implementation Status
-------------------------------

  No Partitions were found in this design.

-------------------------------

=========================================================================
*                            Design Summary                             *
=========================================================================

Top Level Output File Name         : ESCOMips.ngc

Primitive and Black Box Usage:
------------------------------
# BELS                             : 1115
#      GND                         : 1
#      INV                         : 4
#      LUT1                        : 29
#      LUT2                        : 9
#      LUT3                        : 46
#      LUT4                        : 77
#      LUT5                        : 307
#      LUT6                        : 430
#      MUXCY                       : 30
#      MUXF7                       : 117
#      MUXF8                       : 32
#      VCC                         : 1
#      XORCY                       : 32
# FlipFlops/Latches                : 392
#      FDC                         : 1
#      FDC_1                       : 1
#      FDCE                        : 388
#      FDCE_1                      : 2
# RAMS                             : 128
#      RAM256X1S                   : 128
# Clock Buffers                    : 1
#      BUFGP                       : 1
# IO Buffers                       : 25
#      IBUF                        : 1
#      OBUF                        : 24

Device utilization summary:
---------------------------

Selected Device : 7a100tcsg324-3 


Slice Logic Utilization: 
 Number of Slice Registers:             392  out of  126800     0%  
 Number of Slice LUTs:                 1414  out of  63400     2%  
    Number used as Logic:               902  out of  63400     1%  
    Number used as Memory:              512  out of  19000     2%  
       Number used as RAM:              512

Slice Logic Distribution: 
 Number of LUT Flip Flop pairs used:   1486
   Number with an unused Flip Flop:    1094  out of   1486    73%  
   Number with an unused LUT:            72  out of   1486     4%  
   Number of fully used LUT-FF pairs:   320  out of   1486    21%  
   Number of unique control sets:        27

IO Utilization: 
 Number of IOs:                          26
 Number of bonded IOBs:                  26  out of    210    12%  

Specific Feature Utilization:
 Number of BUFG/BUFGCTRLs:                1  out of     32     3%  

---------------------------
Partition Resource Summary:
---------------------------

  No Partitions were found in this design.

---------------------------


=========================================================================
Timing Report

NOTE: THESE TIMING NUMBERS ARE ONLY A SYNTHESIS ESTIMATE.
      FOR ACCURATE TIMING INFORMATION PLEASE REFER TO THE TRACE REPORT
      GENERATED AFTER PLACE-and-ROUTE.

Clock Information:
------------------
-----------------------------------+------------------------+-------+
Clock Signal                       | Clock buffer(FF name)  | Load  |
-----------------------------------+------------------------+-------+
RCLK                               | BUFGP                  | 520   |
-----------------------------------+------------------------+-------+

Asynchronous Control Signals Information:
----------------------------------------
No asynchronous control signals found in this design

Timing Summary:
---------------
Speed Grade: -3

   Minimum period: 19.518ns (Maximum Frequency: 51.234MHz)
   Minimum input arrival time before clock: 0.791ns
   Maximum output required time after clock: 9.633ns
   Maximum combinational path delay: No path found

Timing Details:
---------------
All values displayed in nanoseconds (ns)

=========================================================================
Timing constraint: Default period analysis for Clock 'RCLK'
  Clock period: 19.518ns (frequency: 51.234MHz)
  Total number of paths / destination ports: 3109869451 / 2062
-------------------------------------------------------------------------
Delay:               9.759ns (Levels of Logic = 19)
  Source:            pilaP/pila_4_1 (FF)
  Destination:       UC/banderas/Z (FF)
  Source Clock:      RCLK rising
  Destination Clock: RCLK falling

  Data Path: pilaP/pila_4_1 to UC/banderas/Z
                                Gate     Net
    Cell:in->out      fanout   Delay   Delay  Logical Name (Net Name)
    ----------------------------------------  ------------
     FDCE:C->Q             2   0.361   0.698  pilaP/pila_4_1 (pilaP/pila_4_1)
     LUT6:I0->O            1   0.097   0.000  pilaP/mux23_3 (pilaP/mux23_3)
     MUXF7:I1->O          40   0.279   0.801  pilaP/mux23_2_f7 (contProg_1_OBUF)
     LUT6:I0->O            1   0.097   0.379  memoriaPrograma/Mram_data62115_SW1 (N13)
     LUT6:I4->O           28   0.097   0.799  memoriaPrograma/Mram_data62116 (instruccion<21>)
     LUT6:I0->O            1   0.097   0.000  UC/UCP/Mmux_SDOPC23_G (N364)
     MUXF7:I1->O          11   0.279   0.341  UC/UCP/Mmux_SDOPC23 (UC/UCP/Mmux_SDOPC22)
     LUT6:I5->O           64   0.097   0.491  Mmux_SSR211 (SSR2<0>)
     LUT6:I4->O            1   0.097   0.000  archivoRegistros/mux24_51 (archivoRegistros/mux24_51)
     MUXF7:I1->O           1   0.279   0.000  archivoRegistros/mux24_4_f7 (archivoRegistros/mux24_4_f7)
     MUXF8:I0->O           9   0.218   0.332  archivoRegistros/mux24_2_f8 (read_data2<2>)
     LUT4:I3->O            2   0.097   0.516  ALU/Mxor_Baux<2>_xo<0>1 (ALU/Baux<2>)
     LUT6:I3->O            3   0.097   0.305  ALU/c<3>1 (ALU/c<3>)
     LUT6:I5->O            3   0.097   0.305  ALU/c<5>1 (ALU/c<5>)
     LUT6:I5->O            4   0.097   0.309  ALU/c<7>1 (ALU/c<7>)
     LUT6:I5->O            2   0.097   0.299  ALU/c<9>1 (ALU/c<9>)
     LUT6:I5->O            3   0.097   0.305  ALU/c<11>1 (ALU/c<11>)
     LUT6:I5->O            3   0.097   0.305  ALU/c<13>1 (ALU/c<13>)
     LUT6:I5->O            3   0.097   0.693  ALU/c<15>1 (ALU/c<15>)
     LUT6:I1->O            1   0.097   0.000  ALU/flags<1><15>3 (flags<1>)
     FDCE_1:D                  0.008          UC/banderas/Z
    ----------------------------------------
    Total                      9.759ns (2.879ns logic, 6.880ns route)
                                       (29.5% logic, 70.5% route)

=========================================================================
Timing constraint: Default OFFSET IN BEFORE for Clock 'RCLK'
  Total number of paths / destination ports: 392 / 392
-------------------------------------------------------------------------
Offset:              0.791ns (Levels of Logic = 1)
  Source:            RCLR (PAD)
  Destination:       pilaP/pila_1_15 (FF)
  Destination Clock: RCLK rising

  Data Path: RCLR to pilaP/pila_1_15
                                Gate     Net
    Cell:in->out      fanout   Delay   Delay  Logical Name (Net Name)
    ----------------------------------------  ------------
     IBUF:I->O           392   0.001   0.441  RCLR_IBUF (RCLR_IBUF)
     FDCE:CLR                  0.349          pilaP/pila_0_0
    ----------------------------------------
    Total                      0.791ns (0.350ns logic, 0.441ns route)
                                       (44.2% logic, 55.8% route)

=========================================================================
Timing constraint: Default OFFSET OUT AFTER for Clock 'RCLK'
  Total number of paths / destination ports: 85411912 / 24
-------------------------------------------------------------------------
Offset:              9.633ns (Levels of Logic = 19)
  Source:            pilaP/pila_4_1 (FF)
  Destination:       salida<15> (PAD)
  Source Clock:      RCLK rising

  Data Path: pilaP/pila_4_1 to salida<15>
                                Gate     Net
    Cell:in->out      fanout   Delay   Delay  Logical Name (Net Name)
    ----------------------------------------  ------------
     FDCE:C->Q             2   0.361   0.698  pilaP/pila_4_1 (pilaP/pila_4_1)
     LUT6:I0->O            1   0.097   0.000  pilaP/mux23_3 (pilaP/mux23_3)
     MUXF7:I1->O          40   0.279   0.801  pilaP/mux23_2_f7 (contProg_1_OBUF)
     LUT6:I0->O            1   0.097   0.379  memoriaPrograma/Mram_data62115_SW1 (N13)
     LUT6:I4->O           28   0.097   0.799  memoriaPrograma/Mram_data62116 (instruccion<21>)
     LUT6:I0->O            1   0.097   0.000  UC/UCP/Mmux_SDOPC23_G (N364)
     MUXF7:I1->O          11   0.279   0.341  UC/UCP/Mmux_SDOPC23 (UC/UCP/Mmux_SDOPC22)
     LUT6:I5->O           64   0.097   0.491  Mmux_SSR211 (SSR2<0>)
     LUT6:I4->O            1   0.097   0.000  archivoRegistros/mux24_51 (archivoRegistros/mux24_51)
     MUXF7:I1->O           1   0.279   0.000  archivoRegistros/mux24_4_f7 (archivoRegistros/mux24_4_f7)
     MUXF8:I0->O           9   0.218   0.332  archivoRegistros/mux24_2_f8 (read_data2<2>)
     LUT4:I3->O            2   0.097   0.516  ALU/Mxor_Baux<2>_xo<0>1 (ALU/Baux<2>)
     LUT6:I3->O            3   0.097   0.305  ALU/c<3>1 (ALU/c<3>)
     LUT6:I5->O            3   0.097   0.305  ALU/c<5>1 (ALU/c<5>)
     LUT6:I5->O            4   0.097   0.309  ALU/c<7>1 (ALU/c<7>)
     LUT6:I5->O            4   0.097   0.309  ALU/Mmux_res<10>11 (result<10>)
     LUT3:I2->O           40   0.097   0.801  Mmux_SSDMD21 (SSDMD<10>)
     LUT6:I0->O            1   0.097   0.000  inst_LPM_MUX15_2_f7_G (N366)
     MUXF7:I1->O           3   0.279   0.289  inst_LPM_MUX15_2_f7 (salida_15_OBUF)
     OBUF:I->O                 0.000          salida_15_OBUF (salida<15>)
    ----------------------------------------
    Total                      9.633ns (2.956ns logic, 6.677ns route)
                                       (30.7% logic, 69.3% route)

=========================================================================

Cross Clock Domains Report:
--------------------------

Clock to Setup on destination clock RCLK
---------------+---------+---------+---------+---------+
               | Src:Rise| Src:Fall| Src:Rise| Src:Fall|
Source Clock   |Dest:Rise|Dest:Rise|Dest:Fall|Dest:Fall|
---------------+---------+---------+---------+---------+
RCLK           |   10.299|    8.076|    9.759|         |
---------------+---------+---------+---------+---------+

=========================================================================


Total REAL time to Xst completion: 28.00 secs
Total CPU time to Xst completion: 27.94 secs
 
--> 

Total memory usage is 483984 kilobytes

Number of errors   :    0 (   0 filtered)
Number of warnings :    6 (   0 filtered)
Number of infos    :    7 (   0 filtered)

