Running: C:\Xilinx\14.7\ISE_DS\ISE\bin\nt64\unwrapped\fuse.exe -intstyle ise -incremental -lib secureip -o C:/Users/iAngelMx/Documents/ESCOM/ArqComp/arqCompVHDL/PRUEBAS_VHDL/TB_CONT_GEN_isim_beh.exe -prj C:/Users/iAngelMx/Documents/ESCOM/ArqComp/arqCompVHDL/PRUEBAS_VHDL/TB_CONT_GEN_beh.prj work.TB_CONT_GEN 
ISim P.20131013 (signature 0x7708f090)
Number of CPUs detected in this system: 4
Turning on mult-threading, number of parallel sub-compilation jobs: 8 
Determining compilation order of HDL files
Parsing VHDL file "C:/Users/iAngelMx/Documents/ESCOM/ArqComp/arqCompVHDL/PRUEBAS_VHDL/../../../../../Desktop/EJEMPLOS VHDL/EJEMPLO2/CONT_GEN.VHD" into library work
Parsing VHDL file "C:/Users/iAngelMx/Documents/ESCOM/ArqComp/arqCompVHDL/PRUEBAS_VHDL/PRUEBAS_TB.vhd" into library work
Starting static elaboration
Completed static elaboration
Compiling package standard
Compiling package textio
Compiling package std_logic_1164
Compiling package std_logic_textio
Compiling package std_logic_arith
Compiling package std_logic_unsigned
Compiling architecture acont of entity CONT_GEN [cont_gen_default]
Compiling architecture behavior of entity tb_cont_gen
Time Resolution for simulation is 1ps.
Waiting for 1 sub-compilation(s) to finish...
Compiled 9 VHDL Units
Built simulation executable C:/Users/iAngelMx/Documents/ESCOM/ArqComp/arqCompVHDL/PRUEBAS_VHDL/TB_CONT_GEN_isim_beh.exe
Fuse Memory Usage: 34604 KB
Fuse CPU Usage: 811 ms
