ISim log file
Running: E:\ESCUELA\ESCOM\5o Semestre\DSD\DSD\MUX_MULTIPLY\MUX_MULTIPLY_isim_beh.exe -intstyle ise -gui -tclbatch isim.cmd -wdb E:/ESCUELA/ESCOM/5o Semestre/DSD/DSD/MUX_MULTIPLY/MUX_MULTIPLY_isim_beh.wdb 
ISim P.20131013 (signature 0x7708f090)
WARNING: A WEBPACK license was found.
WARNING: Please use Xilinx License Configuration Manager to check out a full ISim license.
WARNING: ISim will run in Lite mode. Please refer to the ISim documentation for more information on the differences between the Lite and the Full version.
This is a Lite version of ISim.
Time resolution is 1 ps
# onerror resume
# wave add /
# run 1000 ns
Simulator is doing circuit initialization process.
Finished circuit initialization process.
# isim force add /mux_multiply/unidades 9 -radix unsigned
# isim force add /mux_multiply/decenas 5 -radix unsigned
# isim force add /mux_multiply/centenas 1 -radix unsigned
# run 1.00us
# isim force add /mux_multiply/s 00 -radix bin
# run 1.00us
# run 1.00us
# run 1.00us
# run 1.00us
# isim force add /mux_multiply/s 01 -radix bin
# run 1.00us
# isim force add /mux_multiply/s 10 -radix bin
# run 1.00us
# isim force add /mux_multiply/s 11 -radix bin
# run 1.00us
# run 1.00us
# run 1.00us
# run 1.00us
# run 1.00us
# run 1.00us
# run 1.00us
# run 1.00us
