Release 14.7 - xst P.20131013 (nt64)
Copyright (c) 1995-2013 Xilinx, Inc.  All rights reserved.
--> Parameter TMPDIR set to xst/projnav.tmp


Total REAL time to Xst completion: 1.00 secs
Total CPU time to Xst completion: 0.13 secs
 
--> Parameter xsthdpdir set to xst


Total REAL time to Xst completion: 1.00 secs
Total CPU time to Xst completion: 0.13 secs
 
--> Reading design: DETECTOR_SEQ_PASSWORD.prj

TABLE OF CONTENTS
  1) Synthesis Options Summary
  2) HDL Parsing
  3) HDL Elaboration
  4) HDL Synthesis
       4.1) HDL Synthesis Report
  5) Advanced HDL Synthesis
       5.1) Advanced HDL Synthesis Report
  6) Low Level Synthesis
  7) Partition Report
  8) Design Summary
       8.1) Primitive and Black Box Usage
       8.2) Device utilization summary
       8.3) Partition Resource Summary
       8.4) Timing Report
            8.4.1) Clock Information
            8.4.2) Asynchronous Control Signals Information
            8.4.3) Timing Summary
            8.4.4) Timing Details
            8.4.5) Cross Clock Domains Report


=========================================================================
*                      Synthesis Options Summary                        *
=========================================================================
---- Source Parameters
Input File Name                    : "DETECTOR_SEQ_PASSWORD.prj"
Ignore Synthesis Constraint File   : NO

---- Target Parameters
Output File Name                   : "DETECTOR_SEQ_PASSWORD"
Output Format                      : NGC
Target Device                      : xc6slx16-3-csg324

---- Source Options
Top Module Name                    : DETECTOR_SEQ_PASSWORD
Automatic FSM Extraction           : YES
FSM Encoding Algorithm             : Auto
Safe Implementation                : No
FSM Style                          : LUT
RAM Extraction                     : Yes
RAM Style                          : Auto
ROM Extraction                     : Yes
Shift Register Extraction          : YES
ROM Style                          : Auto
Resource Sharing                   : YES
Asynchronous To Synchronous        : NO
Shift Register Minimum Size        : 2
Use DSP Block                      : Auto
Automatic Register Balancing       : No

---- Target Options
LUT Combining                      : Auto
Reduce Control Sets                : Auto
Add IO Buffers                     : YES
Global Maximum Fanout              : 100000
Add Generic Clock Buffer(BUFG)     : 16
Register Duplication               : YES
Optimize Instantiated Primitives   : NO
Use Clock Enable                   : Auto
Use Synchronous Set                : Auto
Use Synchronous Reset              : Auto
Pack IO Registers into IOBs        : Auto
Equivalent register Removal        : YES

---- General Options
Optimization Goal                  : Speed
Optimization Effort                : 1
Power Reduction                    : NO
Keep Hierarchy                     : No
Netlist Hierarchy                  : As_Optimized
RTL Output                         : Yes
Global Optimization                : AllClockNets
Read Cores                         : YES
Write Timing Constraints           : NO
Cross Clock Analysis               : NO
Hierarchy Separator                : /
Bus Delimiter                      : <>
Case Specifier                     : Maintain
Slice Utilization Ratio            : 100
BRAM Utilization Ratio             : 100
DSP48 Utilization Ratio            : 100
Auto BRAM Packing                  : NO
Slice Utilization Ratio Delta      : 5

=========================================================================


=========================================================================
*                          HDL Parsing                                  *
=========================================================================
Parsing VHDL file "C:\Users\Dell-E6410\Documents\ESCOM APUNTES\5o SEMESTRE\DSD\DETECTOR_SEQ_PASSWORD\DETECTOR_SEQ_PASSWORD.vhd" into library work
Parsing entity <DETECTOR_SEQ_PASSWORD>.
Parsing architecture <Behavioral> of entity <detector_seq_password>.

=========================================================================
*                            HDL Elaboration                            *
=========================================================================

Elaborating entity <DETECTOR_SEQ_PASSWORD> (architecture <Behavioral>) from library <work>.

=========================================================================
*                           HDL Synthesis                               *
=========================================================================

Synthesizing Unit <DETECTOR_SEQ_PASSWORD>.
    Related source file is "C:\Users\Dell-E6410\Documents\ESCOM APUNTES\5o SEMESTRE\DSD\DETECTOR_SEQ_PASSWORD\DETECTOR_SEQ_PASSWORD.vhd".
    Found 4-bit register for signal <estado_pres>.
    Found finite state machine <FSM_0> for signal <estado_pres>.
    -----------------------------------------------------------------------
    | States             | 9                                              |
    | Transitions        | 15                                             |
    | Inputs             | 4                                              |
    | Outputs            | 2                                              |
    | Clock              | clk (rising_edge)                              |
    | Reset              | clr (positive)                                 |
    | Reset type         | asynchronous                                   |
    | Reset State        | s0                                             |
    | Power Up State     | s0                                             |
    | Encoding           | auto                                           |
    | Implementation     | LUT                                            |
    -----------------------------------------------------------------------
    Found 2-bit comparator equal for signal <bn[1]_swt[5]_equal_3_o> created at line 63
    Found 2-bit comparator equal for signal <bn[1]_swt[3]_equal_5_o> created at line 71
    Found 2-bit comparator equal for signal <bn[1]_swt[1]_equal_7_o> created at line 79
    Found 2-bit comparator equal for signal <bn[1]_swt[7]_equal_11_o> created at line 108
    Summary:
	inferred   4 Comparator(s).
	inferred   1 Finite State Machine(s).
Unit <DETECTOR_SEQ_PASSWORD> synthesized.

=========================================================================
HDL Synthesis Report

Macro Statistics
# Comparators                                          : 4
 2-bit comparator equal                                : 4
# FSMs                                                 : 1

=========================================================================

=========================================================================
*                       Advanced HDL Synthesis                          *
=========================================================================


=========================================================================
Advanced HDL Synthesis Report

Macro Statistics
# Comparators                                          : 4
 2-bit comparator equal                                : 4
# FSMs                                                 : 1

=========================================================================

=========================================================================
*                         Low Level Synthesis                           *
=========================================================================
Analyzing FSM <MFsm> for best encoding.
Optimizing FSM <FSM_0> on signal <estado_pres[1:4]> with gray encoding.
-------------------
 State | Encoding
-------------------
 s0    | 0000
 s1    | 0011
 s2    | 0110
 s3    | 0101
 s4    | 1100
 e0    | 0001
 e1    | 0010
 e2    | 0111
 e3    | 0100
-------------------

Optimizing unit <DETECTOR_SEQ_PASSWORD> ...

Mapping all equations...
Building and optimizing final netlist ...
Found area constraint ratio of 100 (+ 5) on block DETECTOR_SEQ_PASSWORD, actual ratio is 0.

Final Macro Processing ...

=========================================================================
Final Register Report

Macro Statistics
# Registers                                            : 4
 Flip-Flops                                            : 4

=========================================================================

=========================================================================
*                           Partition Report                            *
=========================================================================

Partition Implementation Status
-------------------------------

  No Partitions were found in this design.

-------------------------------

=========================================================================
*                            Design Summary                             *
=========================================================================

Top Level Output File Name         : DETECTOR_SEQ_PASSWORD.ngc

Primitive and Black Box Usage:
------------------------------
# BELS                             : 9
#      LUT2                        : 3
#      LUT4                        : 3
#      LUT6                        : 3
# FlipFlops/Latches                : 4
#      FDC                         : 4
# Clock Buffers                    : 1
#      BUFGP                       : 1
# IO Buffers                       : 13
#      IBUF                        : 11
#      OBUF                        : 2

Device utilization summary:
---------------------------

Selected Device : 6slx16csg324-3 


Slice Logic Utilization: 
 Number of Slice Registers:               4  out of  18224     0%  
 Number of Slice LUTs:                    9  out of   9112     0%  
    Number used as Logic:                 9  out of   9112     0%  

Slice Logic Distribution: 
 Number of LUT Flip Flop pairs used:      9
   Number with an unused Flip Flop:       5  out of      9    55%  
   Number with an unused LUT:             0  out of      9     0%  
   Number of fully used LUT-FF pairs:     4  out of      9    44%  
   Number of unique control sets:         1

IO Utilization: 
 Number of IOs:                          14
 Number of bonded IOBs:                  14  out of    232     6%  

Specific Feature Utilization:
 Number of BUFG/BUFGCTRLs:                1  out of     16     6%  

---------------------------
Partition Resource Summary:
---------------------------

  No Partitions were found in this design.

---------------------------


=========================================================================
Timing Report

NOTE: THESE TIMING NUMBERS ARE ONLY A SYNTHESIS ESTIMATE.
      FOR ACCURATE TIMING INFORMATION PLEASE REFER TO THE TRACE REPORT
      GENERATED AFTER PLACE-and-ROUTE.

Clock Information:
------------------
-----------------------------------+------------------------+-------+
Clock Signal                       | Clock buffer(FF name)  | Load  |
-----------------------------------+------------------------+-------+
clk                                | BUFGP                  | 4     |
-----------------------------------+------------------------+-------+

Asynchronous Control Signals Information:
----------------------------------------
No asynchronous control signals found in this design

Timing Summary:
---------------
Speed Grade: -3

   Minimum period: 1.683ns (Maximum Frequency: 594.336MHz)
   Minimum input arrival time before clock: 3.604ns
   Maximum output required time after clock: 4.762ns
   Maximum combinational path delay: No path found

Timing Details:
---------------
All values displayed in nanoseconds (ns)

=========================================================================
Timing constraint: Default period analysis for Clock 'clk'
  Clock period: 1.683ns (frequency: 594.336MHz)
  Total number of paths / destination ports: 12 / 4
-------------------------------------------------------------------------
Delay:               1.683ns (Levels of Logic = 1)
  Source:            estado_pres_FSM_FFd1 (FF)
  Destination:       estado_pres_FSM_FFd3 (FF)
  Source Clock:      clk rising
  Destination Clock: clk rising

  Data Path: estado_pres_FSM_FFd1 to estado_pres_FSM_FFd3
                                Gate     Net
    Cell:in->out      fanout   Delay   Delay  Logical Name (Net Name)
    ----------------------------------------  ------------
     FDC:C->Q              4   0.447   0.931  estado_pres_FSM_FFd1 (estado_pres_FSM_FFd1)
     LUT6:I2->O            1   0.203   0.000  estado_pres_FSM_FFd3-In3 (estado_pres_FSM_FFd3-In)
     FDC:D                     0.102          estado_pres_FSM_FFd3
    ----------------------------------------
    Total                      1.683ns (0.752ns logic, 0.931ns route)
                                       (44.7% logic, 55.3% route)

=========================================================================
Timing constraint: Default OFFSET IN BEFORE for Clock 'clk'
  Total number of paths / destination ports: 20 / 7
-------------------------------------------------------------------------
Offset:              3.604ns (Levels of Logic = 3)
  Source:            bn<0> (PAD)
  Destination:       estado_pres_FSM_FFd3 (FF)
  Destination Clock: clk rising

  Data Path: bn<0> to estado_pres_FSM_FFd3
                                Gate     Net
    Cell:in->out      fanout   Delay   Delay  Logical Name (Net Name)
    ----------------------------------------  ------------
     IBUF:I->O             4   1.222   0.931  bn_0_IBUF (bn_0_IBUF)
     LUT4:I0->O            1   0.203   0.944  estado_pres_FSM_FFd3-In1 (estado_pres_FSM_FFd3-In1)
     LUT6:I0->O            1   0.203   0.000  estado_pres_FSM_FFd3-In3 (estado_pres_FSM_FFd3-In)
     FDC:D                     0.102          estado_pres_FSM_FFd3
    ----------------------------------------
    Total                      3.604ns (1.730ns logic, 1.874ns route)
                                       (48.0% logic, 52.0% route)

=========================================================================
Timing constraint: Default OFFSET OUT AFTER for Clock 'clk'
  Total number of paths / destination ports: 5 / 2
-------------------------------------------------------------------------
Offset:              4.762ns (Levels of Logic = 2)
  Source:            estado_pres_FSM_FFd4 (FF)
  Destination:       no_pasa (PAD)
  Source Clock:      clk rising

  Data Path: estado_pres_FSM_FFd4 to no_pasa
                                Gate     Net
    Cell:in->out      fanout   Delay   Delay  Logical Name (Net Name)
    ----------------------------------------  ------------
     FDC:C->Q              5   0.447   0.962  estado_pres_FSM_FFd4 (estado_pres_FSM_FFd4)
     LUT4:I0->O            1   0.203   0.579  estado_pres_no_pasa1 (no_pasa_OBUF)
     OBUF:I->O                 2.571          no_pasa_OBUF (no_pasa)
    ----------------------------------------
    Total                      4.762ns (3.221ns logic, 1.541ns route)
                                       (67.6% logic, 32.4% route)

=========================================================================

Cross Clock Domains Report:
--------------------------

Clock to Setup on destination clock clk
---------------+---------+---------+---------+---------+
               | Src:Rise| Src:Fall| Src:Rise| Src:Fall|
Source Clock   |Dest:Rise|Dest:Rise|Dest:Fall|Dest:Fall|
---------------+---------+---------+---------+---------+
clk            |    1.683|         |         |         |
---------------+---------+---------+---------+---------+

=========================================================================


Total REAL time to Xst completion: 10.00 secs
Total CPU time to Xst completion: 9.36 secs
 
--> 

Total memory usage is 278440 kilobytes

Number of errors   :    0 (   0 filtered)
Number of warnings :    0 (   0 filtered)
Number of infos    :    0 (   0 filtered)

