Command line:
   PROC_DECODER_isim_beh.exe
     -simmode  gui
     -simrunnum  0
     -socket  54449

Tue May 22 18:50:42 2018


 Elaboration Time: 0.09375 sec

 Current Memory Usage: 1038.39 Meg

 Total Signals          : 8
 Total Nets             : 12
 Total Signal Drivers   : 7
 Total Blocks           : 2
 Total Primitive Blocks : 2
 Total Processes        : 7
 Total Traceable Variables  : 8
 Total Scalar Nets and Variables : 372
Total Line Count : 7

 Total Simulation Time: 0.125 sec

 Current Memory Usage: 881.103 Meg

Tue May 22 18:54:46 2018

