Command line:
   DETECTOR_SEQ_isim_beh.exe
     -simmode  gui
     -simrunnum  0
     -socket  54541

Tue Oct 24 17:32:56 2017


 Elaboration Time: 0.046875 sec

 Current Memory Usage: 842.06 Meg

 Total Signals          : 8
 Total Nets             : 10
 Total Signal Drivers   : 7
 Total Blocks           : 2
 Total Primitive Blocks : 2
 Total Processes        : 6
 Total Traceable Variables  : 8
 Total Scalar Nets and Variables : 370
Total Line Count : 18

 Total Simulation Time: 0.21875 sec

 Current Memory Usage: 842.06 Meg

Tue Oct 24 17:47:59 2017

