Command line:
   TB_PILA_isim_beh.exe
     -simmode  gui
     -simrunnum  0
     -socket  56238

Thu Apr 26 10:29:50 2018


 Elaboration Time: 0.140625 sec

 Current Memory Usage: 1034.12 Meg

 Total Signals          : 18
 Total Nets             : 295
 Total Signal Drivers   : 10
 Total Blocks           : 8
 Total Primitive Blocks : 7
 Total Processes        : 5
 Total Traceable Variables  : 19
 Total Scalar Nets and Variables : 1318
Total Line Count : 62

 Total Simulation Time: 0.1875 sec

 Current Memory Usage: 1034.12 Meg

Thu Apr 26 10:29:56 2018

